-- The C compiler identification is GNU 11.4.0
-- The CXX compiler identification is GNU 11.4.0
-- Detecting C compiler ABI info
-- Detecting C compiler ABI info - done
-- Check for working C compiler: /usr/bin/cc - skipped
-- Detecting C compile features
-- Detecting C compile features - done
-- Detecting CXX compiler ABI info
-- Detecting CXX compiler ABI info - done
-- Check for working CXX compiler: /usr/bin/c++ - skipped
-- Detecting CXX compile features
-- Detecting CXX compile features - done
-- Found ament_cmake: 1.3.10 (/opt/ros/humble/share/ament_cmake/cmake)
-- Found Python3: /usr/bin/python3 (found version "3.10.12") found components: Interpreter 
-- Found rclcpp: 16.0.10 (/opt/ros/humble/share/rclcpp/cmake)
-- Found rosidl_generator_c: 3.1.5 (/opt/ros/humble/share/rosidl_generator_c/cmake)
-- Found rosidl_adapter: 3.1.5 (/opt/ros/humble/share/rosidl_adapter/cmake)
-- Found rosidl_generator_cpp: 3.1.5 (/opt/ros/humble/share/rosidl_generator_cpp/cmake)
-- Using all available rosidl_typesupport_c: rosidl_typesupport_fastrtps_c;rosidl_typesupport_introspection_c
-- Using all available rosidl_typesupport_cpp: rosidl_typesupport_fastrtps_cpp;rosidl_typesupport_introspection_cpp
-- Found rmw_implementation_cmake: 6.1.2 (/opt/ros/humble/share/rmw_implementation_cmake/cmake)
-- Found rmw_cyclonedds_cpp: 1.3.4 (/opt/ros/humble/share/rmw_cyclonedds_cpp/cmake)
-- Using RMW implementation 'rmw_cyclonedds_cpp' as default
-- Looking for pthread.h
-- Looking for pthread.h - found
-- Performing Test CMAKE_HAVE_LIBC_PTHREAD
-- Performing Test CMAKE_HAVE_LIBC_PTHREAD - Success
-- Found Threads: TRUE  
-- Found ros2_motor_controller_msgs: 0.0.0 (/home/kevo/robotics_inc/control_kit_ws/install/ros2_motor_controller_msgs/share/ros2_motor_controller_msgs/cmake)
-- Found visualization_msgs: 4.2.4 (/opt/ros/humble/share/visualization_msgs/cmake)
-- Found ament_lint_auto: 0.12.11 (/opt/ros/humble/share/ament_lint_auto/cmake)
-- Added test 'cppcheck' to perform static code analysis on C / C++ code
-- Configured cppcheck include dirs: 
-- Configured cppcheck exclude dirs and/or files: 
-- Added test 'lint_cmake' to check CMake code style
-- Added test 'uncrustify' to check C / C++ code style
-- Configured uncrustify additional arguments: 
-- Added test 'xmllint' to check XML markup files
-- Configuring done
-- Generating done
-- Build files have been written to: /home/kevo/robotics_inc/control_kit_ws/build/encoded_dc_motor_kit_models
[ 50%] [32mBuilding CXX object CMakeFiles/model_visualiser.dir/src/rviz_model_simulators.cpp.o[0m
[100%] [32m[1mLinking CXX executable model_visualiser[0m
[100%] Built target model_visualiser
-- Install configuration: ""
-- Installing: /home/kevo/robotics_inc/control_kit_ws/install/encoded_dc_motor_kit_models/lib/encoded_dc_motor_kit_models/model_visualiser
-- Set runtime path of "/home/kevo/robotics_inc/control_kit_ws/install/encoded_dc_motor_kit_models/lib/encoded_dc_motor_kit_models/model_visualiser" to ""
-- Installing: /home/kevo/robotics_inc/control_kit_ws/install/encoded_dc_motor_kit_models/share/ament_index/resource_index/package_run_dependencies/encoded_dc_motor_kit_models
-- Installing: /home/kevo/robotics_inc/control_kit_ws/install/encoded_dc_motor_kit_models/share/ament_index/resource_index/parent_prefix_path/encoded_dc_motor_kit_models
-- Installing: /home/kevo/robotics_inc/control_kit_ws/install/encoded_dc_motor_kit_models/share/encoded_dc_motor_kit_models/environment/ament_prefix_path.sh
-- Installing: /home/kevo/robotics_inc/control_kit_ws/install/encoded_dc_motor_kit_models/share/encoded_dc_motor_kit_models/environment/ament_prefix_path.dsv
-- Installing: /home/kevo/robotics_inc/control_kit_ws/install/encoded_dc_motor_kit_models/share/encoded_dc_motor_kit_models/environment/path.sh
-- Installing: /home/kevo/robotics_inc/control_kit_ws/install/encoded_dc_motor_kit_models/share/encoded_dc_motor_kit_models/environment/path.dsv
-- Installing: /home/kevo/robotics_inc/control_kit_ws/install/encoded_dc_motor_kit_models/share/encoded_dc_motor_kit_models/local_setup.bash
-- Installing: /home/kevo/robotics_inc/control_kit_ws/install/encoded_dc_motor_kit_models/share/encoded_dc_motor_kit_models/local_setup.sh
-- Installing: /home/kevo/robotics_inc/control_kit_ws/install/encoded_dc_motor_kit_models/share/encoded_dc_motor_kit_models/local_setup.zsh
-- Installing: /home/kevo/robotics_inc/control_kit_ws/install/encoded_dc_motor_kit_models/share/encoded_dc_motor_kit_models/local_setup.dsv
-- Installing: /home/kevo/robotics_inc/control_kit_ws/install/encoded_dc_motor_kit_models/share/encoded_dc_motor_kit_models/package.dsv
-- Installing: /home/kevo/robotics_inc/control_kit_ws/install/encoded_dc_motor_kit_models/share/ament_index/resource_index/packages/encoded_dc_motor_kit_models
-- Installing: /home/kevo/robotics_inc/control_kit_ws/install/encoded_dc_motor_kit_models/share/encoded_dc_motor_kit_models/cmake/encoded_dc_motor_kit_modelsConfig.cmake
-- Installing: /home/kevo/robotics_inc/control_kit_ws/install/encoded_dc_motor_kit_models/share/encoded_dc_motor_kit_models/cmake/encoded_dc_motor_kit_modelsConfig-version.cmake
-- Installing: /home/kevo/robotics_inc/control_kit_ws/install/encoded_dc_motor_kit_models/share/encoded_dc_motor_kit_models/package.xml
