[ 33%] [32mBuilding CXX object CMakeFiles/encoded_dc_motor_kit_hardware_interface.dir/src/stop_and_wait.cpp.o[0m
[ 33%] Built target ament_cmake_python_copy_encoded_dc_motor_kit_hardware_interface
running egg_info
writing encoded_dc_motor_kit_hardware_interface.egg-info/PKG-INFO
writing dependency_links to encoded_dc_motor_kit_hardware_interface.egg-info/dependency_links.txt
writing top-level names to encoded_dc_motor_kit_hardware_interface.egg-info/top_level.txt
reading manifest file 'encoded_dc_motor_kit_hardware_interface.egg-info/SOURCES.txt'
writing manifest file 'encoded_dc_motor_kit_hardware_interface.egg-info/SOURCES.txt'
[ 33%] Built target ament_cmake_python_build_encoded_dc_motor_kit_hardware_interface_egg
[ 66%] [32m[1mLinking CXX shared library libencoded_dc_motor_kit_hardware_interface.so[0m
[100%] Built target encoded_dc_motor_kit_hardware_interface
-- Install configuration: ""
-- Up-to-date: /home/kevo/robotics_inc/control_kit_ws/install/encoded_dc_motor_kit_hardware_interface/share/encoded_dc_motor_kit_hardware_interface/encoded_dc_motor_kit_hardware_interface.xml
-- Up-to-date: /home/kevo/robotics_inc/control_kit_ws/install/encoded_dc_motor_kit_hardware_interface/share/encoded_dc_motor_kit_hardware_interface/encoded_dc_motor_kit_hardware_interface.xml
-- Up-to-date: /home/kevo/robotics_inc/control_kit_ws/install/encoded_dc_motor_kit_hardware_interface/share/encoded_dc_motor_kit_hardware_interface/environment/pythonpath.sh
-- Up-to-date: /home/kevo/robotics_inc/control_kit_ws/install/encoded_dc_motor_kit_hardware_interface/share/encoded_dc_motor_kit_hardware_interface/environment/pythonpath.dsv
-- Up-to-date: /home/kevo/robotics_inc/control_kit_ws/install/encoded_dc_motor_kit_hardware_interface/local/lib/python3.10/dist-packages/encoded_dc_motor_kit_hardware_interface-0.0.0-py3.10.egg-info
-- Installing: /home/kevo/robotics_inc/control_kit_ws/install/encoded_dc_motor_kit_hardware_interface/local/lib/python3.10/dist-packages/encoded_dc_motor_kit_hardware_interface-0.0.0-py3.10.egg-info/top_level.txt
-- Installing: /home/kevo/robotics_inc/control_kit_ws/install/encoded_dc_motor_kit_hardware_interface/local/lib/python3.10/dist-packages/encoded_dc_motor_kit_hardware_interface-0.0.0-py3.10.egg-info/dependency_links.txt
-- Installing: /home/kevo/robotics_inc/control_kit_ws/install/encoded_dc_motor_kit_hardware_interface/local/lib/python3.10/dist-packages/encoded_dc_motor_kit_hardware_interface-0.0.0-py3.10.egg-info/SOURCES.txt
-- Installing: /home/kevo/robotics_inc/control_kit_ws/install/encoded_dc_motor_kit_hardware_interface/local/lib/python3.10/dist-packages/encoded_dc_motor_kit_hardware_interface-0.0.0-py3.10.egg-info/PKG-INFO
-- Up-to-date: /home/kevo/robotics_inc/control_kit_ws/install/encoded_dc_motor_kit_hardware_interface/local/lib/python3.10/dist-packages/encoded_dc_motor_kit_hardware_interface
-- Up-to-date: /home/kevo/robotics_inc/control_kit_ws/install/encoded_dc_motor_kit_hardware_interface/local/lib/python3.10/dist-packages/encoded_dc_motor_kit_hardware_interface/__init__.py:Zone.Identifier
-- Up-to-date: /home/kevo/robotics_inc/control_kit_ws/install/encoded_dc_motor_kit_hardware_interface/local/lib/python3.10/dist-packages/encoded_dc_motor_kit_hardware_interface/__init__.py
Listing '/home/kevo/robotics_inc/control_kit_ws/install/encoded_dc_motor_kit_hardware_interface/local/lib/python3.10/dist-packages/encoded_dc_motor_kit_hardware_interface'...
-- Installing: /home/kevo/robotics_inc/control_kit_ws/install/encoded_dc_motor_kit_hardware_interface/lib/libencoded_dc_motor_kit_hardware_interface.so
-- Set runtime path of "/home/kevo/robotics_inc/control_kit_ws/install/encoded_dc_motor_kit_hardware_interface/lib/libencoded_dc_motor_kit_hardware_interface.so" to ""
-- Up-to-date: /home/kevo/robotics_inc/control_kit_ws/install/encoded_dc_motor_kit_hardware_interface/include/include
-- Up-to-date: /home/kevo/robotics_inc/control_kit_ws/install/encoded_dc_motor_kit_hardware_interface/include/include/encoded_dc_motor_kit_hardware_interface
-- Up-to-date: /home/kevo/robotics_inc/control_kit_ws/install/encoded_dc_motor_kit_hardware_interface/include/include/encoded_dc_motor_kit_hardware_interface/stop_and_wait.hpp
-- Up-to-date: /home/kevo/robotics_inc/control_kit_ws/install/encoded_dc_motor_kit_hardware_interface/include/include/encoded_dc_motor_kit_hardware_interface/hardware_interface.hpp:Zone.Identifier
-- Up-to-date: /home/kevo/robotics_inc/control_kit_ws/install/encoded_dc_motor_kit_hardware_interface/include/include/encoded_dc_motor_kit_hardware_interface/hardware_interface.hpp
-- Up-to-date: /home/kevo/robotics_inc/control_kit_ws/install/encoded_dc_motor_kit_hardware_interface/share/encoded_dc_motor_kit_hardware_interface/launch
-- Up-to-date: /home/kevo/robotics_inc/control_kit_ws/install/encoded_dc_motor_kit_hardware_interface/share/encoded_dc_motor_kit_hardware_interface/config
-- Up-to-date: /home/kevo/robotics_inc/control_kit_ws/install/encoded_dc_motor_kit_hardware_interface/share/encoded_dc_motor_kit_hardware_interface/environment/library_path.sh
-- Up-to-date: /home/kevo/robotics_inc/control_kit_ws/install/encoded_dc_motor_kit_hardware_interface/share/encoded_dc_motor_kit_hardware_interface/environment/library_path.dsv
-- Up-to-date: /home/kevo/robotics_inc/control_kit_ws/install/encoded_dc_motor_kit_hardware_interface/share/ament_index/resource_index/package_run_dependencies/encoded_dc_motor_kit_hardware_interface
-- Up-to-date: /home/kevo/robotics_inc/control_kit_ws/install/encoded_dc_motor_kit_hardware_interface/share/ament_index/resource_index/parent_prefix_path/encoded_dc_motor_kit_hardware_interface
-- Up-to-date: /home/kevo/robotics_inc/control_kit_ws/install/encoded_dc_motor_kit_hardware_interface/share/encoded_dc_motor_kit_hardware_interface/environment/ament_prefix_path.sh
-- Up-to-date: /home/kevo/robotics_inc/control_kit_ws/install/encoded_dc_motor_kit_hardware_interface/share/encoded_dc_motor_kit_hardware_interface/environment/ament_prefix_path.dsv
-- Up-to-date: /home/kevo/robotics_inc/control_kit_ws/install/encoded_dc_motor_kit_hardware_interface/share/encoded_dc_motor_kit_hardware_interface/environment/path.sh
-- Up-to-date: /home/kevo/robotics_inc/control_kit_ws/install/encoded_dc_motor_kit_hardware_interface/share/encoded_dc_motor_kit_hardware_interface/environment/path.dsv
-- Up-to-date: /home/kevo/robotics_inc/control_kit_ws/install/encoded_dc_motor_kit_hardware_interface/share/encoded_dc_motor_kit_hardware_interface/local_setup.bash
-- Up-to-date: /home/kevo/robotics_inc/control_kit_ws/install/encoded_dc_motor_kit_hardware_interface/share/encoded_dc_motor_kit_hardware_interface/local_setup.sh
-- Up-to-date: /home/kevo/robotics_inc/control_kit_ws/install/encoded_dc_motor_kit_hardware_interface/share/encoded_dc_motor_kit_hardware_interface/local_setup.zsh
-- Up-to-date: /home/kevo/robotics_inc/control_kit_ws/install/encoded_dc_motor_kit_hardware_interface/share/encoded_dc_motor_kit_hardware_interface/local_setup.dsv
-- Installing: /home/kevo/robotics_inc/control_kit_ws/install/encoded_dc_motor_kit_hardware_interface/share/encoded_dc_motor_kit_hardware_interface/package.dsv
-- Up-to-date: /home/kevo/robotics_inc/control_kit_ws/install/encoded_dc_motor_kit_hardware_interface/share/ament_index/resource_index/packages/encoded_dc_motor_kit_hardware_interface
-- Up-to-date: /home/kevo/robotics_inc/control_kit_ws/install/encoded_dc_motor_kit_hardware_interface/share/ament_index/resource_index/hardware_interface__pluginlib__plugin/encoded_dc_motor_kit_hardware_interface
-- Up-to-date: /home/kevo/robotics_inc/control_kit_ws/install/encoded_dc_motor_kit_hardware_interface/share/encoded_dc_motor_kit_hardware_interface/cmake/ament_cmake_export_include_directories-extras.cmake
-- Up-to-date: /home/kevo/robotics_inc/control_kit_ws/install/encoded_dc_motor_kit_hardware_interface/share/encoded_dc_motor_kit_hardware_interface/cmake/ament_cmake_export_libraries-extras.cmake
-- Up-to-date: /home/kevo/robotics_inc/control_kit_ws/install/encoded_dc_motor_kit_hardware_interface/share/encoded_dc_motor_kit_hardware_interface/cmake/ament_cmake_export_dependencies-extras.cmake
-- Up-to-date: /home/kevo/robotics_inc/control_kit_ws/install/encoded_dc_motor_kit_hardware_interface/share/encoded_dc_motor_kit_hardware_interface/cmake/encoded_dc_motor_kit_hardware_interfaceConfig.cmake
-- Up-to-date: /home/kevo/robotics_inc/control_kit_ws/install/encoded_dc_motor_kit_hardware_interface/share/encoded_dc_motor_kit_hardware_interface/cmake/encoded_dc_motor_kit_hardware_interfaceConfig-version.cmake
-- Up-to-date: /home/kevo/robotics_inc/control_kit_ws/install/encoded_dc_motor_kit_hardware_interface/share/encoded_dc_motor_kit_hardware_interface/package.xml
