running egg_info
creating ../../build/encoded_dc_motor_kit_data_proccessing/encoded_dc_motor_kit_data_proccessing.egg-info
writing ../../build/encoded_dc_motor_kit_data_proccessing/encoded_dc_motor_kit_data_proccessing.egg-info/PKG-INFO
writing dependency_links to ../../build/encoded_dc_motor_kit_data_proccessing/encoded_dc_motor_kit_data_proccessing.egg-info/dependency_links.txt
writing entry points to ../../build/encoded_dc_motor_kit_data_proccessing/encoded_dc_motor_kit_data_proccessing.egg-info/entry_points.txt
writing requirements to ../../build/encoded_dc_motor_kit_data_proccessing/encoded_dc_motor_kit_data_proccessing.egg-info/requires.txt
writing top-level names to ../../build/encoded_dc_motor_kit_data_proccessing/encoded_dc_motor_kit_data_proccessing.egg-info/top_level.txt
writing manifest file '../../build/encoded_dc_motor_kit_data_proccessing/encoded_dc_motor_kit_data_proccessing.egg-info/SOURCES.txt'
reading manifest file '../../build/encoded_dc_motor_kit_data_proccessing/encoded_dc_motor_kit_data_proccessing.egg-info/SOURCES.txt'
adding license file 'LICENSE'
adding license file 'LICENSE:Zone.Identifier'
writing manifest file '../../build/encoded_dc_motor_kit_data_proccessing/encoded_dc_motor_kit_data_proccessing.egg-info/SOURCES.txt'
running build
running build_py
creating /home/kevo/robotics_inc/control_kit_ws/build/encoded_dc_motor_kit_data_proccessing/build
creating /home/kevo/robotics_inc/control_kit_ws/build/encoded_dc_motor_kit_data_proccessing/build/lib
creating /home/kevo/robotics_inc/control_kit_ws/build/encoded_dc_motor_kit_data_proccessing/build/lib/encoded_dc_motor_kit_data_proccessing
copying encoded_dc_motor_kit_data_proccessing/__init__.py -> /home/kevo/robotics_inc/control_kit_ws/build/encoded_dc_motor_kit_data_proccessing/build/lib/encoded_dc_motor_kit_data_proccessing
running install
running install_lib
creating /home/kevo/robotics_inc/control_kit_ws/install/encoded_dc_motor_kit_data_proccessing/lib/python3.10/site-packages/encoded_dc_motor_kit_data_proccessing
copying /home/kevo/robotics_inc/control_kit_ws/build/encoded_dc_motor_kit_data_proccessing/build/lib/encoded_dc_motor_kit_data_proccessing/__init__.py -> /home/kevo/robotics_inc/control_kit_ws/install/encoded_dc_motor_kit_data_proccessing/lib/python3.10/site-packages/encoded_dc_motor_kit_data_proccessing
byte-compiling /home/kevo/robotics_inc/control_kit_ws/install/encoded_dc_motor_kit_data_proccessing/lib/python3.10/site-packages/encoded_dc_motor_kit_data_proccessing/__init__.py to __init__.cpython-310.pyc
running install_data
creating /home/kevo/robotics_inc/control_kit_ws/install/encoded_dc_motor_kit_data_proccessing/share/ament_index
creating /home/kevo/robotics_inc/control_kit_ws/install/encoded_dc_motor_kit_data_proccessing/share/ament_index/resource_index
creating /home/kevo/robotics_inc/control_kit_ws/install/encoded_dc_motor_kit_data_proccessing/share/ament_index/resource_index/packages
copying resource/encoded_dc_motor_kit_data_proccessing -> /home/kevo/robotics_inc/control_kit_ws/install/encoded_dc_motor_kit_data_proccessing/share/ament_index/resource_index/packages
copying package.xml -> /home/kevo/robotics_inc/control_kit_ws/install/encoded_dc_motor_kit_data_proccessing/share/encoded_dc_motor_kit_data_proccessing
running install_egg_info
Copying ../../build/encoded_dc_motor_kit_data_proccessing/encoded_dc_motor_kit_data_proccessing.egg-info to /home/kevo/robotics_inc/control_kit_ws/install/encoded_dc_motor_kit_data_proccessing/lib/python3.10/site-packages/encoded_dc_motor_kit_data_proccessing-0.0.0-py3.10.egg-info
running install_scripts
writing list of installed files to '/home/kevo/robotics_inc/control_kit_ws/build/encoded_dc_motor_kit_data_proccessing/install.log'
