[0.994s] Invoking command in '/home/kevo/robotics_inc/control_kit_ws/build/encoded_dc_motor_kit_description': CMAKE_PREFIX_PATH=${CMAKE_PREFIX_PATH}:/home/kevo/ws_moveit2/install/moveit_configs_utils:/home/kevo/ws_moveit2/install/launch_param_builder:/opt/ros/humble /usr/bin/cmake --build /home/kevo/robotics_inc/control_kit_ws/build/encoded_dc_motor_kit_description -- -j8 -l8
[1.126s] Invoked command in '/home/kevo/robotics_inc/control_kit_ws/build/encoded_dc_motor_kit_description' returned '0': CMAKE_PREFIX_PATH=${CMAKE_PREFIX_PATH}:/home/kevo/ws_moveit2/install/moveit_configs_utils:/home/kevo/ws_moveit2/install/launch_param_builder:/opt/ros/humble /usr/bin/cmake --build /home/kevo/robotics_inc/control_kit_ws/build/encoded_dc_motor_kit_description -- -j8 -l8
[1.242s] Invoking command in '/home/kevo/robotics_inc/control_kit_ws/build/encoded_dc_motor_kit_description': CMAKE_PREFIX_PATH=${CMAKE_PREFIX_PATH}:/home/kevo/ws_moveit2/install/moveit_configs_utils:/home/kevo/ws_moveit2/install/launch_param_builder:/opt/ros/humble /usr/bin/cmake --install /home/kevo/robotics_inc/control_kit_ws/build/encoded_dc_motor_kit_description
[1.271s] -- Install configuration: ""
[1.271s] -- Up-to-date: /home/kevo/robotics_inc/control_kit_ws/install/encoded_dc_motor_kit_description/share/encoded_dc_motor_kit_description/meshes
[1.271s] -- Up-to-date: /home/kevo/robotics_inc/control_kit_ws/install/encoded_dc_motor_kit_description/share/encoded_dc_motor_kit_description/meshes/shaft_v2_1.stl:Zone.Identifier
[1.271s] -- Up-to-date: /home/kevo/robotics_inc/control_kit_ws/install/encoded_dc_motor_kit_description/share/encoded_dc_motor_kit_description/meshes/hum_v3_1.stl:Zone.Identifier:Zone.Identifier
[1.271s] -- Up-to-date: /home/kevo/robotics_inc/control_kit_ws/install/encoded_dc_motor_kit_description/share/encoded_dc_motor_kit_description/meshes/sides_v2_2.stl:Zone.Identifier:Zone.Identifier
[1.272s] -- Up-to-date: /home/kevo/robotics_inc/control_kit_ws/install/encoded_dc_motor_kit_description/share/encoded_dc_motor_kit_description/meshes/back_plate.stl:Zone.Identifier:Zone.Identifier
[1.272s] -- Up-to-date: /home/kevo/robotics_inc/control_kit_ws/install/encoded_dc_motor_kit_description/share/encoded_dc_motor_kit_description/meshes/hum_v3_1.stl:Zone.Identifier
[1.272s] -- Up-to-date: /home/kevo/robotics_inc/control_kit_ws/install/encoded_dc_motor_kit_description/share/encoded_dc_motor_kit_description/meshes/shaft_v2_1.stl
[1.272s] -- Up-to-date: /home/kevo/robotics_inc/control_kit_ws/install/encoded_dc_motor_kit_description/share/encoded_dc_motor_kit_description/meshes/sides_v2_1.stl:Zone.Identifier:Zone.Identifier
[1.272s] -- Up-to-date: /home/kevo/robotics_inc/control_kit_ws/install/encoded_dc_motor_kit_description/share/encoded_dc_motor_kit_description/meshes/motor_driver.stl:Zone.Identifier
[1.272s] -- Up-to-date: /home/kevo/robotics_inc/control_kit_ws/install/encoded_dc_motor_kit_description/share/encoded_dc_motor_kit_description/meshes/base_link.stl
[1.273s] -- Up-to-date: /home/kevo/robotics_inc/control_kit_ws/install/encoded_dc_motor_kit_description/share/encoded_dc_motor_kit_description/meshes/sides_v2_2.stl
[1.273s] -- Up-to-date: /home/kevo/robotics_inc/control_kit_ws/install/encoded_dc_motor_kit_description/share/encoded_dc_motor_kit_description/meshes/back_plate.stl
[1.273s] -- Up-to-date: /home/kevo/robotics_inc/control_kit_ws/install/encoded_dc_motor_kit_description/share/encoded_dc_motor_kit_description/meshes/back_plate.stl:Zone.Identifier
[1.273s] -- Up-to-date: /home/kevo/robotics_inc/control_kit_ws/install/encoded_dc_motor_kit_description/share/encoded_dc_motor_kit_description/meshes/motor.stl
[1.273s] -- Up-to-date: /home/kevo/robotics_inc/control_kit_ws/install/encoded_dc_motor_kit_description/share/encoded_dc_motor_kit_description/meshes/shaft_v2_1.stl:Zone.Identifier:Zone.Identifier
[1.273s] -- Up-to-date: /home/kevo/robotics_inc/control_kit_ws/install/encoded_dc_motor_kit_description/share/encoded_dc_motor_kit_description/meshes/motor_front.stl:Zone.Identifier:Zone.Identifier
[1.274s] -- Up-to-date: /home/kevo/robotics_inc/control_kit_ws/install/encoded_dc_motor_kit_description/share/encoded_dc_motor_kit_description/meshes/sides_v2_1.stl
[1.274s] -- Up-to-date: /home/kevo/robotics_inc/control_kit_ws/install/encoded_dc_motor_kit_description/share/encoded_dc_motor_kit_description/meshes/base_link.stl:Zone.Identifier
[1.274s] -- Up-to-date: /home/kevo/robotics_inc/control_kit_ws/install/encoded_dc_motor_kit_description/share/encoded_dc_motor_kit_description/meshes/hum_v3_1.stl
[1.274s] -- Up-to-date: /home/kevo/robotics_inc/control_kit_ws/install/encoded_dc_motor_kit_description/share/encoded_dc_motor_kit_description/meshes/motor_front.stl:Zone.Identifier
[1.274s] -- Up-to-date: /home/kevo/robotics_inc/control_kit_ws/install/encoded_dc_motor_kit_description/share/encoded_dc_motor_kit_description/meshes/motor.stl:Zone.Identifier:Zone.Identifier
[1.274s] -- Up-to-date: /home/kevo/robotics_inc/control_kit_ws/install/encoded_dc_motor_kit_description/share/encoded_dc_motor_kit_description/meshes/sides_v2_1.stl:Zone.Identifier
[1.275s] -- Up-to-date: /home/kevo/robotics_inc/control_kit_ws/install/encoded_dc_motor_kit_description/share/encoded_dc_motor_kit_description/meshes/motor_driver.stl
[1.275s] -- Up-to-date: /home/kevo/robotics_inc/control_kit_ws/install/encoded_dc_motor_kit_description/share/encoded_dc_motor_kit_description/meshes/sides_v2_2.stl:Zone.Identifier
[1.275s] -- Up-to-date: /home/kevo/robotics_inc/control_kit_ws/install/encoded_dc_motor_kit_description/share/encoded_dc_motor_kit_description/meshes/motor_driver.stl:Zone.Identifier:Zone.Identifier
[1.275s] -- Up-to-date: /home/kevo/robotics_inc/control_kit_ws/install/encoded_dc_motor_kit_description/share/encoded_dc_motor_kit_description/meshes/motor_front.stl
[1.275s] -- Up-to-date: /home/kevo/robotics_inc/control_kit_ws/install/encoded_dc_motor_kit_description/share/encoded_dc_motor_kit_description/meshes/motor.stl:Zone.Identifier
[1.275s] -- Up-to-date: /home/kevo/robotics_inc/control_kit_ws/install/encoded_dc_motor_kit_description/share/encoded_dc_motor_kit_description/meshes/base_link.stl:Zone.Identifier:Zone.Identifier
[1.279s] -- Up-to-date: /home/kevo/robotics_inc/control_kit_ws/install/encoded_dc_motor_kit_description/share/encoded_dc_motor_kit_description/urdf
[1.279s] -- Up-to-date: /home/kevo/robotics_inc/control_kit_ws/install/encoded_dc_motor_kit_description/share/encoded_dc_motor_kit_description/urdf/encoded_dc_motor_kit.trans:Zone.Identifier
[1.280s] -- Up-to-date: /home/kevo/robotics_inc/control_kit_ws/install/encoded_dc_motor_kit_description/share/encoded_dc_motor_kit_description/urdf/encoded_dc_motor_kit.xacro
[1.280s] -- Up-to-date: /home/kevo/robotics_inc/control_kit_ws/install/encoded_dc_motor_kit_description/share/encoded_dc_motor_kit_description/urdf/materials.xacro:Zone.Identifier
[1.280s] -- Up-to-date: /home/kevo/robotics_inc/control_kit_ws/install/encoded_dc_motor_kit_description/share/encoded_dc_motor_kit_description/urdf/materials.xacro:Zone.Identifier:Zone.Identifier
[1.281s] -- Up-to-date: /home/kevo/robotics_inc/control_kit_ws/install/encoded_dc_motor_kit_description/share/encoded_dc_motor_kit_description/urdf/encoded_dc_motor_kit.xacro:Zone.Identifier:Zone.Identifier
[1.281s] -- Up-to-date: /home/kevo/robotics_inc/control_kit_ws/install/encoded_dc_motor_kit_description/share/encoded_dc_motor_kit_description/urdf/ros2_control.xacro:Zone.Identifier:Zone.Identifier
[1.282s] -- Up-to-date: /home/kevo/robotics_inc/control_kit_ws/install/encoded_dc_motor_kit_description/share/encoded_dc_motor_kit_description/urdf/ros2_control.xacro:Zone.Identifier
[1.282s] -- Up-to-date: /home/kevo/robotics_inc/control_kit_ws/install/encoded_dc_motor_kit_description/share/encoded_dc_motor_kit_description/urdf/encoded_dc_motor_kit.trans:Zone.Identifier:Zone.Identifier
[1.283s] -- Up-to-date: /home/kevo/robotics_inc/control_kit_ws/install/encoded_dc_motor_kit_description/share/encoded_dc_motor_kit_description/urdf/materials.xacro
[1.283s] -- Up-to-date: /home/kevo/robotics_inc/control_kit_ws/install/encoded_dc_motor_kit_description/share/encoded_dc_motor_kit_description/urdf/ros2_control.xacro
[1.283s] -- Up-to-date: /home/kevo/robotics_inc/control_kit_ws/install/encoded_dc_motor_kit_description/share/encoded_dc_motor_kit_description/urdf/encoded_dc_motor_kit.xacro:Zone.Identifier
[1.284s] -- Up-to-date: /home/kevo/robotics_inc/control_kit_ws/install/encoded_dc_motor_kit_description/share/encoded_dc_motor_kit_description/urdf/encoded_dc_motor_kit.trans
[1.285s] -- Up-to-date: /home/kevo/robotics_inc/control_kit_ws/install/encoded_dc_motor_kit_description/share/encoded_dc_motor_kit_description/launch
[1.285s] -- Up-to-date: /home/kevo/robotics_inc/control_kit_ws/install/encoded_dc_motor_kit_description/share/encoded_dc_motor_kit_description/launch/sim_launch.launch.py:Zone.Identifier:Zone.Identifier
[1.285s] -- Up-to-date: /home/kevo/robotics_inc/control_kit_ws/install/encoded_dc_motor_kit_description/share/encoded_dc_motor_kit_description/launch/robot_description.launch.py:Zone.Identifier:Zone.Identifier
[1.286s] -- Up-to-date: /home/kevo/robotics_inc/control_kit_ws/install/encoded_dc_motor_kit_description/share/encoded_dc_motor_kit_description/launch/robot_description.launch.py:Zone.Identifier
[1.286s] -- Up-to-date: /home/kevo/robotics_inc/control_kit_ws/install/encoded_dc_motor_kit_description/share/encoded_dc_motor_kit_description/launch/sim_launch.launch.py
[1.286s] -- Up-to-date: /home/kevo/robotics_inc/control_kit_ws/install/encoded_dc_motor_kit_description/share/encoded_dc_motor_kit_description/launch/rviz.launch.py
[1.286s] -- Up-to-date: /home/kevo/robotics_inc/control_kit_ws/install/encoded_dc_motor_kit_description/share/encoded_dc_motor_kit_description/launch/rviz.launch.py:Zone.Identifier
[1.287s] -- Up-to-date: /home/kevo/robotics_inc/control_kit_ws/install/encoded_dc_motor_kit_description/share/encoded_dc_motor_kit_description/launch/sim_launch.launch.py:Zone.Identifier
[1.287s] -- Up-to-date: /home/kevo/robotics_inc/control_kit_ws/install/encoded_dc_motor_kit_description/share/encoded_dc_motor_kit_description/launch/rviz.launch.py:Zone.Identifier:Zone.Identifier
[1.287s] -- Up-to-date: /home/kevo/robotics_inc/control_kit_ws/install/encoded_dc_motor_kit_description/share/encoded_dc_motor_kit_description/launch/robot_description.launch.py
[1.287s] -- Up-to-date: /home/kevo/robotics_inc/control_kit_ws/install/encoded_dc_motor_kit_description/share/encoded_dc_motor_kit_description/rviz
[1.288s] -- Up-to-date: /home/kevo/robotics_inc/control_kit_ws/install/encoded_dc_motor_kit_description/share/encoded_dc_motor_kit_description/rviz/rviz_sim.rviz
[1.288s] -- Up-to-date: /home/kevo/robotics_inc/control_kit_ws/install/encoded_dc_motor_kit_description/share/encoded_dc_motor_kit_description/rviz/rviz_sim.rviz:Zone.Identifier
[1.288s] -- Up-to-date: /home/kevo/robotics_inc/control_kit_ws/install/encoded_dc_motor_kit_description/share/ament_index/resource_index/package_run_dependencies/encoded_dc_motor_kit_description
[1.288s] -- Up-to-date: /home/kevo/robotics_inc/control_kit_ws/install/encoded_dc_motor_kit_description/share/ament_index/resource_index/parent_prefix_path/encoded_dc_motor_kit_description
[1.288s] -- Up-to-date: /home/kevo/robotics_inc/control_kit_ws/install/encoded_dc_motor_kit_description/share/encoded_dc_motor_kit_description/environment/ament_prefix_path.sh
[1.289s] -- Up-to-date: /home/kevo/robotics_inc/control_kit_ws/install/encoded_dc_motor_kit_description/share/encoded_dc_motor_kit_description/environment/ament_prefix_path.dsv
[1.289s] -- Up-to-date: /home/kevo/robotics_inc/control_kit_ws/install/encoded_dc_motor_kit_description/share/encoded_dc_motor_kit_description/environment/path.sh
[1.289s] -- Up-to-date: /home/kevo/robotics_inc/control_kit_ws/install/encoded_dc_motor_kit_description/share/encoded_dc_motor_kit_description/environment/path.dsv
[1.289s] -- Up-to-date: /home/kevo/robotics_inc/control_kit_ws/install/encoded_dc_motor_kit_description/share/encoded_dc_motor_kit_description/local_setup.bash
[1.289s] -- Up-to-date: /home/kevo/robotics_inc/control_kit_ws/install/encoded_dc_motor_kit_description/share/encoded_dc_motor_kit_description/local_setup.sh
[1.289s] -- Up-to-date: /home/kevo/robotics_inc/control_kit_ws/install/encoded_dc_motor_kit_description/share/encoded_dc_motor_kit_description/local_setup.zsh
[1.289s] -- Up-to-date: /home/kevo/robotics_inc/control_kit_ws/install/encoded_dc_motor_kit_description/share/encoded_dc_motor_kit_description/local_setup.dsv
[1.289s] -- Up-to-date: /home/kevo/robotics_inc/control_kit_ws/install/encoded_dc_motor_kit_description/share/encoded_dc_motor_kit_description/package.dsv
[1.290s] -- Up-to-date: /home/kevo/robotics_inc/control_kit_ws/install/encoded_dc_motor_kit_description/share/ament_index/resource_index/packages/encoded_dc_motor_kit_description
[1.290s] -- Up-to-date: /home/kevo/robotics_inc/control_kit_ws/install/encoded_dc_motor_kit_description/share/encoded_dc_motor_kit_description/cmake/encoded_dc_motor_kit_descriptionConfig.cmake
[1.290s] -- Up-to-date: /home/kevo/robotics_inc/control_kit_ws/install/encoded_dc_motor_kit_description/share/encoded_dc_motor_kit_description/cmake/encoded_dc_motor_kit_descriptionConfig-version.cmake
[1.290s] -- Up-to-date: /home/kevo/robotics_inc/control_kit_ws/install/encoded_dc_motor_kit_description/share/encoded_dc_motor_kit_description/package.xml
[1.314s] Invoked command in '/home/kevo/robotics_inc/control_kit_ws/build/encoded_dc_motor_kit_description' returned '0': CMAKE_PREFIX_PATH=${CMAKE_PREFIX_PATH}:/home/kevo/ws_moveit2/install/moveit_configs_utils:/home/kevo/ws_moveit2/install/launch_param_builder:/opt/ros/humble /usr/bin/cmake --install /home/kevo/robotics_inc/control_kit_ws/build/encoded_dc_motor_kit_description
