[4.088s] Invoking command in '/home/kevo/robotics_inc/control_kit_ws/src/encoded_dc_motor_kit_data_proccessing': PYTHONPATH=/home/kevo/robotics_inc/control_kit_ws/build/encoded_dc_motor_kit_data_proccessing/prefix_override:/usr/lib/python3/dist-packages/colcon_core/task/python/colcon_distutils_commands:/home/kevo/robotics_inc/control_kit_ws/install/encoded_dc_motor_kit_data_proccessing/lib/python3.10/site-packages:${PYTHONPATH} /usr/bin/python3 -W ignore:setup.py install is deprecated setup.py egg_info --egg-base ../../build/encoded_dc_motor_kit_data_proccessing build --build-base /home/kevo/robotics_inc/control_kit_ws/build/encoded_dc_motor_kit_data_proccessing/build install --record /home/kevo/robotics_inc/control_kit_ws/build/encoded_dc_motor_kit_data_proccessing/install.log --single-version-externally-managed install_data
[5.237s] running egg_info
[5.239s] writing ../../build/encoded_dc_motor_kit_data_proccessing/encoded_dc_motor_kit_data_proccessing.egg-info/PKG-INFO
[5.240s] writing dependency_links to ../../build/encoded_dc_motor_kit_data_proccessing/encoded_dc_motor_kit_data_proccessing.egg-info/dependency_links.txt
[5.240s] writing entry points to ../../build/encoded_dc_motor_kit_data_proccessing/encoded_dc_motor_kit_data_proccessing.egg-info/entry_points.txt
[5.240s] writing requirements to ../../build/encoded_dc_motor_kit_data_proccessing/encoded_dc_motor_kit_data_proccessing.egg-info/requires.txt
[5.241s] writing top-level names to ../../build/encoded_dc_motor_kit_data_proccessing/encoded_dc_motor_kit_data_proccessing.egg-info/top_level.txt
[5.246s] reading manifest file '../../build/encoded_dc_motor_kit_data_proccessing/encoded_dc_motor_kit_data_proccessing.egg-info/SOURCES.txt'
[5.246s] adding license file 'LICENSE'
[5.246s] adding license file 'LICENSE:Zone.Identifier'
[5.249s] writing manifest file '../../build/encoded_dc_motor_kit_data_proccessing/encoded_dc_motor_kit_data_proccessing.egg-info/SOURCES.txt'
[5.250s] running build
[5.254s] running build_py
[5.255s] running install
[5.255s] running install_lib
[5.256s] running install_data
[5.256s] running install_egg_info
[5.259s] removing '/home/kevo/robotics_inc/control_kit_ws/install/encoded_dc_motor_kit_data_proccessing/lib/python3.10/site-packages/encoded_dc_motor_kit_data_proccessing-0.0.0-py3.10.egg-info' (and everything under it)
[5.259s] Copying ../../build/encoded_dc_motor_kit_data_proccessing/encoded_dc_motor_kit_data_proccessing.egg-info to /home/kevo/robotics_inc/control_kit_ws/install/encoded_dc_motor_kit_data_proccessing/lib/python3.10/site-packages/encoded_dc_motor_kit_data_proccessing-0.0.0-py3.10.egg-info
[5.263s] running install_scripts
[5.326s] writing list of installed files to '/home/kevo/robotics_inc/control_kit_ws/build/encoded_dc_motor_kit_data_proccessing/install.log'
[5.460s] Invoked command in '/home/kevo/robotics_inc/control_kit_ws/src/encoded_dc_motor_kit_data_proccessing' returned '0': PYTHONPATH=/home/kevo/robotics_inc/control_kit_ws/build/encoded_dc_motor_kit_data_proccessing/prefix_override:/usr/lib/python3/dist-packages/colcon_core/task/python/colcon_distutils_commands:/home/kevo/robotics_inc/control_kit_ws/install/encoded_dc_motor_kit_data_proccessing/lib/python3.10/site-packages:${PYTHONPATH} /usr/bin/python3 -W ignore:setup.py install is deprecated setup.py egg_info --egg-base ../../build/encoded_dc_motor_kit_data_proccessing build --build-base /home/kevo/robotics_inc/control_kit_ws/build/encoded_dc_motor_kit_data_proccessing/build install --record /home/kevo/robotics_inc/control_kit_ws/build/encoded_dc_motor_kit_data_proccessing/install.log --single-version-externally-managed install_data
