[1.493s] Invoking command in '/home/kevo/robotics_inc/control_kit_ws/build/encoded_dc_motor_kit_description': CMAKE_PREFIX_PATH=${CMAKE_PREFIX_PATH}:/home/kevo/robotics_inc/control_kit_ws/install/encoded_dc_motor_kit_data_proccessing:/home/kevo/ws_moveit2/install/moveit_configs_utils:/home/kevo/ws_moveit2/install/launch_param_builder:/opt/ros/humble /usr/bin/cmake --build /home/kevo/robotics_inc/control_kit_ws/build/encoded_dc_motor_kit_description -- -j8 -l8
[1.657s] Invoked command in '/home/kevo/robotics_inc/control_kit_ws/build/encoded_dc_motor_kit_description' returned '0': CMAKE_PREFIX_PATH=${CMAKE_PREFIX_PATH}:/home/kevo/robotics_inc/control_kit_ws/install/encoded_dc_motor_kit_data_proccessing:/home/kevo/ws_moveit2/install/moveit_configs_utils:/home/kevo/ws_moveit2/install/launch_param_builder:/opt/ros/humble /usr/bin/cmake --build /home/kevo/robotics_inc/control_kit_ws/build/encoded_dc_motor_kit_description -- -j8 -l8
[1.797s] Invoking command in '/home/kevo/robotics_inc/control_kit_ws/build/encoded_dc_motor_kit_description': CMAKE_PREFIX_PATH=${CMAKE_PREFIX_PATH}:/home/kevo/robotics_inc/control_kit_ws/install/encoded_dc_motor_kit_data_proccessing:/home/kevo/ws_moveit2/install/moveit_configs_utils:/home/kevo/ws_moveit2/install/launch_param_builder:/opt/ros/humble /usr/bin/cmake --install /home/kevo/robotics_inc/control_kit_ws/build/encoded_dc_motor_kit_description
[1.821s] -- Install configuration: ""
[1.821s] -- Up-to-date: /home/kevo/robotics_inc/control_kit_ws/install/encoded_dc_motor_kit_description/share/encoded_dc_motor_kit_description/meshes
[1.822s] -- Up-to-date: /home/kevo/robotics_inc/control_kit_ws/install/encoded_dc_motor_kit_description/share/encoded_dc_motor_kit_description/meshes/shaft_v2_1.stl:Zone.Identifier
[1.822s] -- Up-to-date: /home/kevo/robotics_inc/control_kit_ws/install/encoded_dc_motor_kit_description/share/encoded_dc_motor_kit_description/meshes/hum_v3_1.stl:Zone.Identifier:Zone.Identifier
[1.822s] -- Up-to-date: /home/kevo/robotics_inc/control_kit_ws/install/encoded_dc_motor_kit_description/share/encoded_dc_motor_kit_description/meshes/sides_v2_2.stl:Zone.Identifier:Zone.Identifier
[1.822s] -- Up-to-date: /home/kevo/robotics_inc/control_kit_ws/install/encoded_dc_motor_kit_description/share/encoded_dc_motor_kit_description/meshes/back_plate.stl:Zone.Identifier:Zone.Identifier
[1.822s] -- Up-to-date: /home/kevo/robotics_inc/control_kit_ws/install/encoded_dc_motor_kit_description/share/encoded_dc_motor_kit_description/meshes/hum_v3_1.stl:Zone.Identifier
[1.822s] -- Up-to-date: /home/kevo/robotics_inc/control_kit_ws/install/encoded_dc_motor_kit_description/share/encoded_dc_motor_kit_description/meshes/shaft_v2_1.stl
[1.823s] -- Up-to-date: /home/kevo/robotics_inc/control_kit_ws/install/encoded_dc_motor_kit_description/share/encoded_dc_motor_kit_description/meshes/sides_v2_1.stl:Zone.Identifier:Zone.Identifier
[1.823s] -- Up-to-date: /home/kevo/robotics_inc/control_kit_ws/install/encoded_dc_motor_kit_description/share/encoded_dc_motor_kit_description/meshes/motor_driver.stl:Zone.Identifier
[1.823s] -- Up-to-date: /home/kevo/robotics_inc/control_kit_ws/install/encoded_dc_motor_kit_description/share/encoded_dc_motor_kit_description/meshes/base_link.stl
[1.824s] -- Up-to-date: /home/kevo/robotics_inc/control_kit_ws/install/encoded_dc_motor_kit_description/share/encoded_dc_motor_kit_description/meshes/sides_v2_2.stl
[1.824s] -- Up-to-date: /home/kevo/robotics_inc/control_kit_ws/install/encoded_dc_motor_kit_description/share/encoded_dc_motor_kit_description/meshes/back_plate.stl
[1.826s] -- Up-to-date: /home/kevo/robotics_inc/control_kit_ws/install/encoded_dc_motor_kit_description/share/encoded_dc_motor_kit_description/meshes/back_plate.stl:Zone.Identifier
[1.826s] -- Up-to-date: /home/kevo/robotics_inc/control_kit_ws/install/encoded_dc_motor_kit_description/share/encoded_dc_motor_kit_description/meshes/motor.stl
[1.826s] -- Up-to-date: /home/kevo/robotics_inc/control_kit_ws/install/encoded_dc_motor_kit_description/share/encoded_dc_motor_kit_description/meshes/shaft_v2_1.stl:Zone.Identifier:Zone.Identifier
[1.827s] -- Up-to-date: /home/kevo/robotics_inc/control_kit_ws/install/encoded_dc_motor_kit_description/share/encoded_dc_motor_kit_description/meshes/motor_front.stl:Zone.Identifier:Zone.Identifier
[1.827s] -- Up-to-date: /home/kevo/robotics_inc/control_kit_ws/install/encoded_dc_motor_kit_description/share/encoded_dc_motor_kit_description/meshes/sides_v2_1.stl
[1.833s] -- Up-to-date: /home/kevo/robotics_inc/control_kit_ws/install/encoded_dc_motor_kit_description/share/encoded_dc_motor_kit_description/meshes/base_link.stl:Zone.Identifier
[1.833s] -- Up-to-date: /home/kevo/robotics_inc/control_kit_ws/install/encoded_dc_motor_kit_description/share/encoded_dc_motor_kit_description/meshes/hum_v3_1.stl
[1.833s] -- Up-to-date: /home/kevo/robotics_inc/control_kit_ws/install/encoded_dc_motor_kit_description/share/encoded_dc_motor_kit_description/meshes/motor_front.stl:Zone.Identifier
[1.834s] -- Up-to-date: /home/kevo/robotics_inc/control_kit_ws/install/encoded_dc_motor_kit_description/share/encoded_dc_motor_kit_description/meshes/motor.stl:Zone.Identifier:Zone.Identifier
[1.834s] -- Up-to-date: /home/kevo/robotics_inc/control_kit_ws/install/encoded_dc_motor_kit_description/share/encoded_dc_motor_kit_description/meshes/sides_v2_1.stl:Zone.Identifier
[1.834s] -- Up-to-date: /home/kevo/robotics_inc/control_kit_ws/install/encoded_dc_motor_kit_description/share/encoded_dc_motor_kit_description/meshes/motor_driver.stl
[1.834s] -- Up-to-date: /home/kevo/robotics_inc/control_kit_ws/install/encoded_dc_motor_kit_description/share/encoded_dc_motor_kit_description/meshes/sides_v2_2.stl:Zone.Identifier
[1.834s] -- Up-to-date: /home/kevo/robotics_inc/control_kit_ws/install/encoded_dc_motor_kit_description/share/encoded_dc_motor_kit_description/meshes/motor_driver.stl:Zone.Identifier:Zone.Identifier
[1.835s] -- Up-to-date: /home/kevo/robotics_inc/control_kit_ws/install/encoded_dc_motor_kit_description/share/encoded_dc_motor_kit_description/meshes/motor_front.stl
[1.835s] -- Up-to-date: /home/kevo/robotics_inc/control_kit_ws/install/encoded_dc_motor_kit_description/share/encoded_dc_motor_kit_description/meshes/motor.stl:Zone.Identifier
[1.835s] -- Up-to-date: /home/kevo/robotics_inc/control_kit_ws/install/encoded_dc_motor_kit_description/share/encoded_dc_motor_kit_description/meshes/base_link.stl:Zone.Identifier:Zone.Identifier
[1.835s] -- Up-to-date: /home/kevo/robotics_inc/control_kit_ws/install/encoded_dc_motor_kit_description/share/encoded_dc_motor_kit_description/urdf
[1.835s] -- Up-to-date: /home/kevo/robotics_inc/control_kit_ws/install/encoded_dc_motor_kit_description/share/encoded_dc_motor_kit_description/urdf/encoded_dc_motor_kit.trans:Zone.Identifier
[1.836s] -- Up-to-date: /home/kevo/robotics_inc/control_kit_ws/install/encoded_dc_motor_kit_description/share/encoded_dc_motor_kit_description/urdf/encoded_dc_motor_kit.xacro
[1.836s] -- Up-to-date: /home/kevo/robotics_inc/control_kit_ws/install/encoded_dc_motor_kit_description/share/encoded_dc_motor_kit_description/urdf/materials.xacro:Zone.Identifier
[1.837s] -- Up-to-date: /home/kevo/robotics_inc/control_kit_ws/install/encoded_dc_motor_kit_description/share/encoded_dc_motor_kit_description/urdf/materials.xacro:Zone.Identifier:Zone.Identifier
[1.849s] -- Up-to-date: /home/kevo/robotics_inc/control_kit_ws/install/encoded_dc_motor_kit_description/share/encoded_dc_motor_kit_description/urdf/encoded_dc_motor_kit.xacro:Zone.Identifier:Zone.Identifier
[1.849s] -- Up-to-date: /home/kevo/robotics_inc/control_kit_ws/install/encoded_dc_motor_kit_description/share/encoded_dc_motor_kit_description/urdf/ros2_control.xacro:Zone.Identifier:Zone.Identifier
[1.850s] -- Up-to-date: /home/kevo/robotics_inc/control_kit_ws/install/encoded_dc_motor_kit_description/share/encoded_dc_motor_kit_description/urdf/ros2_control.xacro:Zone.Identifier
[1.851s] -- Up-to-date: /home/kevo/robotics_inc/control_kit_ws/install/encoded_dc_motor_kit_description/share/encoded_dc_motor_kit_description/urdf/encoded_dc_motor_kit.trans:Zone.Identifier:Zone.Identifier
[1.851s] -- Up-to-date: /home/kevo/robotics_inc/control_kit_ws/install/encoded_dc_motor_kit_description/share/encoded_dc_motor_kit_description/urdf/materials.xacro
[1.851s] -- Up-to-date: /home/kevo/robotics_inc/control_kit_ws/install/encoded_dc_motor_kit_description/share/encoded_dc_motor_kit_description/urdf/ros2_control.xacro
[1.851s] -- Up-to-date: /home/kevo/robotics_inc/control_kit_ws/install/encoded_dc_motor_kit_description/share/encoded_dc_motor_kit_description/urdf/encoded_dc_motor_kit.xacro:Zone.Identifier
[1.852s] -- Up-to-date: /home/kevo/robotics_inc/control_kit_ws/install/encoded_dc_motor_kit_description/share/encoded_dc_motor_kit_description/urdf/encoded_dc_motor_kit.trans
[1.852s] -- Up-to-date: /home/kevo/robotics_inc/control_kit_ws/install/encoded_dc_motor_kit_description/share/encoded_dc_motor_kit_description/launch
[1.852s] -- Up-to-date: /home/kevo/robotics_inc/control_kit_ws/install/encoded_dc_motor_kit_description/share/encoded_dc_motor_kit_description/launch/sim_launch.launch.py:Zone.Identifier:Zone.Identifier
[1.852s] -- Up-to-date: /home/kevo/robotics_inc/control_kit_ws/install/encoded_dc_motor_kit_description/share/encoded_dc_motor_kit_description/launch/robot_description.launch.py:Zone.Identifier:Zone.Identifier
[1.852s] -- Up-to-date: /home/kevo/robotics_inc/control_kit_ws/install/encoded_dc_motor_kit_description/share/encoded_dc_motor_kit_description/launch/robot_description.launch.py:Zone.Identifier
[1.852s] -- Up-to-date: /home/kevo/robotics_inc/control_kit_ws/install/encoded_dc_motor_kit_description/share/encoded_dc_motor_kit_description/launch/sim_launch.launch.py
[1.853s] -- Up-to-date: /home/kevo/robotics_inc/control_kit_ws/install/encoded_dc_motor_kit_description/share/encoded_dc_motor_kit_description/launch/rviz.launch.py
[1.853s] -- Up-to-date: /home/kevo/robotics_inc/control_kit_ws/install/encoded_dc_motor_kit_description/share/encoded_dc_motor_kit_description/launch/rviz.launch.py:Zone.Identifier
[1.853s] -- Up-to-date: /home/kevo/robotics_inc/control_kit_ws/install/encoded_dc_motor_kit_description/share/encoded_dc_motor_kit_description/launch/sim_launch.launch.py:Zone.Identifier
[1.853s] -- Up-to-date: /home/kevo/robotics_inc/control_kit_ws/install/encoded_dc_motor_kit_description/share/encoded_dc_motor_kit_description/launch/rviz.launch.py:Zone.Identifier:Zone.Identifier
[1.853s] -- Up-to-date: /home/kevo/robotics_inc/control_kit_ws/install/encoded_dc_motor_kit_description/share/encoded_dc_motor_kit_description/launch/robot_description.launch.py
[1.854s] -- Up-to-date: /home/kevo/robotics_inc/control_kit_ws/install/encoded_dc_motor_kit_description/share/encoded_dc_motor_kit_description/rviz
[1.854s] -- Up-to-date: /home/kevo/robotics_inc/control_kit_ws/install/encoded_dc_motor_kit_description/share/encoded_dc_motor_kit_description/rviz/rviz_sim.rviz
[1.854s] -- Up-to-date: /home/kevo/robotics_inc/control_kit_ws/install/encoded_dc_motor_kit_description/share/encoded_dc_motor_kit_description/rviz/rviz_sim.rviz:Zone.Identifier
[1.854s] -- Up-to-date: /home/kevo/robotics_inc/control_kit_ws/install/encoded_dc_motor_kit_description/share/ament_index/resource_index/package_run_dependencies/encoded_dc_motor_kit_description
[1.855s] -- Up-to-date: /home/kevo/robotics_inc/control_kit_ws/install/encoded_dc_motor_kit_description/share/ament_index/resource_index/parent_prefix_path/encoded_dc_motor_kit_description
[1.855s] -- Up-to-date: /home/kevo/robotics_inc/control_kit_ws/install/encoded_dc_motor_kit_description/share/encoded_dc_motor_kit_description/environment/ament_prefix_path.sh
[1.855s] -- Up-to-date: /home/kevo/robotics_inc/control_kit_ws/install/encoded_dc_motor_kit_description/share/encoded_dc_motor_kit_description/environment/ament_prefix_path.dsv
[1.857s] -- Up-to-date: /home/kevo/robotics_inc/control_kit_ws/install/encoded_dc_motor_kit_description/share/encoded_dc_motor_kit_description/environment/path.sh
[1.858s] -- Up-to-date: /home/kevo/robotics_inc/control_kit_ws/install/encoded_dc_motor_kit_description/share/encoded_dc_motor_kit_description/environment/path.dsv
[1.858s] -- Up-to-date: /home/kevo/robotics_inc/control_kit_ws/install/encoded_dc_motor_kit_description/share/encoded_dc_motor_kit_description/local_setup.bash
[1.858s] -- Up-to-date: /home/kevo/robotics_inc/control_kit_ws/install/encoded_dc_motor_kit_description/share/encoded_dc_motor_kit_description/local_setup.sh
[1.858s] -- Up-to-date: /home/kevo/robotics_inc/control_kit_ws/install/encoded_dc_motor_kit_description/share/encoded_dc_motor_kit_description/local_setup.zsh
[1.859s] -- Up-to-date: /home/kevo/robotics_inc/control_kit_ws/install/encoded_dc_motor_kit_description/share/encoded_dc_motor_kit_description/local_setup.dsv
[1.862s] -- Installing: /home/kevo/robotics_inc/control_kit_ws/install/encoded_dc_motor_kit_description/share/encoded_dc_motor_kit_description/package.dsv
[1.862s] -- Up-to-date: /home/kevo/robotics_inc/control_kit_ws/install/encoded_dc_motor_kit_description/share/ament_index/resource_index/packages/encoded_dc_motor_kit_description
[1.862s] -- Up-to-date: /home/kevo/robotics_inc/control_kit_ws/install/encoded_dc_motor_kit_description/share/encoded_dc_motor_kit_description/cmake/encoded_dc_motor_kit_descriptionConfig.cmake
[1.877s] -- Up-to-date: /home/kevo/robotics_inc/control_kit_ws/install/encoded_dc_motor_kit_description/share/encoded_dc_motor_kit_description/cmake/encoded_dc_motor_kit_descriptionConfig-version.cmake
[1.877s] -- Up-to-date: /home/kevo/robotics_inc/control_kit_ws/install/encoded_dc_motor_kit_description/share/encoded_dc_motor_kit_description/package.xml
[1.908s] Invoked command in '/home/kevo/robotics_inc/control_kit_ws/build/encoded_dc_motor_kit_description' returned '0': CMAKE_PREFIX_PATH=${CMAKE_PREFIX_PATH}:/home/kevo/robotics_inc/control_kit_ws/install/encoded_dc_motor_kit_data_proccessing:/home/kevo/ws_moveit2/install/moveit_configs_utils:/home/kevo/ws_moveit2/install/launch_param_builder:/opt/ros/humble /usr/bin/cmake --install /home/kevo/robotics_inc/control_kit_ws/build/encoded_dc_motor_kit_description
