-- Found ament_cmake: 1.3.10 (/opt/ros/humble/share/ament_cmake/cmake)
-- Found rclcpp: 16.0.10 (/opt/ros/humble/share/rclcpp/cmake)
-- Found rosidl_generator_c: 3.1.5 (/opt/ros/humble/share/rosidl_generator_c/cmake)
-- Found rosidl_adapter: 3.1.5 (/opt/ros/humble/share/rosidl_adapter/cmake)
-- Found rosidl_generator_cpp: 3.1.5 (/opt/ros/humble/share/rosidl_generator_cpp/cmake)
-- Using all available rosidl_typesupport_c: rosidl_typesupport_fastrtps_c;rosidl_typesupport_introspection_c
-- Using all available rosidl_typesupport_cpp: rosidl_typesupport_fastrtps_cpp;rosidl_typesupport_introspection_cpp
-- Found rmw_implementation_cmake: 6.1.2 (/opt/ros/humble/share/rmw_implementation_cmake/cmake)
-- Found rmw_cyclonedds_cpp: 1.3.4 (/opt/ros/humble/share/rmw_cyclonedds_cpp/cmake)
-- Using RMW implementation 'rmw_cyclonedds_cpp' as default
-- Found hardware_interface: 2.43.1 (/opt/ros/humble/share/hardware_interface/cmake)
-- Found ros2_motor_controller_msgs: 0.0.0 (/home/kevo/robotics_inc/control_kit_ws/install/ros2_motor_controller_msgs/share/ros2_motor_controller_msgs/cmake)
-- Found ament_lint_auto: 0.12.11 (/opt/ros/humble/share/ament_lint_auto/cmake)
-- Added test 'cppcheck' to perform static code analysis on C / C++ code
-- Configured cppcheck include dirs: /home/kevo/robotics_inc/control_kit_ws/src/encoded_dc_motor_kit_hardware_interface/include;/home/kevo/robotics_inc/control_kit_ws/src/encoded_dc_motor_kit_hardware_interface/
-- Configured cppcheck exclude dirs and/or files: 
-- Added test 'flake8' to check Python code syntax and style conventions
-- Added test 'lint_cmake' to check CMake code style
-- Added test 'pep257' to check Python code against some of the docstring style conventions in PEP 257
-- Added test 'uncrustify' to check C / C++ code style
-- Configured uncrustify additional arguments: 
-- Added test 'xmllint' to check XML markup files
-- Configuring done
-- Generating done
-- Build files have been written to: /home/kevo/robotics_inc/control_kit_ws/build/encoded_dc_motor_kit_hardware_interface
[35m[1mConsolidate compiler generated dependencies of target encoded_dc_motor_kit_hardware_interface[0m
[  0%] Built target ament_cmake_python_copy_encoded_dc_motor_kit_hardware_interface
[ 33%] [32mBuilding CXX object CMakeFiles/encoded_dc_motor_kit_hardware_interface.dir/src/stop_and_wait.cpp.o[0m
running egg_info
writing encoded_dc_motor_kit_hardware_interface.egg-info/PKG-INFO
writing dependency_links to encoded_dc_motor_kit_hardware_interface.egg-info/dependency_links.txt
writing top-level names to encoded_dc_motor_kit_hardware_interface.egg-info/top_level.txt
reading manifest file 'encoded_dc_motor_kit_hardware_interface.egg-info/SOURCES.txt'
writing manifest file 'encoded_dc_motor_kit_hardware_interface.egg-info/SOURCES.txt'
[ 33%] Built target ament_cmake_python_build_encoded_dc_motor_kit_hardware_interface_egg
[ 66%] [32m[1mLinking CXX shared library libencoded_dc_motor_kit_hardware_interface.so[0m
[100%] Built target encoded_dc_motor_kit_hardware_interface
-- Install configuration: ""
-- Up-to-date: /home/kevo/robotics_inc/control_kit_ws/install/encoded_dc_motor_kit_hardware_interface/share/encoded_dc_motor_kit_hardware_interface/encoded_dc_motor_kit_hardware_interface.xml
-- Up-to-date: /home/kevo/robotics_inc/control_kit_ws/install/encoded_dc_motor_kit_hardware_interface/share/encoded_dc_motor_kit_hardware_interface/encoded_dc_motor_kit_hardware_interface.xml
-- Up-to-date: /home/kevo/robotics_inc/control_kit_ws/install/encoded_dc_motor_kit_hardware_interface/share/encoded_dc_motor_kit_hardware_interface/environment/pythonpath.sh
-- Installing: /home/kevo/robotics_inc/control_kit_ws/install/encoded_dc_motor_kit_hardware_interface/share/encoded_dc_motor_kit_hardware_interface/environment/pythonpath.dsv
-- Up-to-date: /home/kevo/robotics_inc/control_kit_ws/install/encoded_dc_motor_kit_hardware_interface/local/lib/python3.10/dist-packages/encoded_dc_motor_kit_hardware_interface-0.0.0-py3.10.egg-info
-- Installing: /home/kevo/robotics_inc/control_kit_ws/install/encoded_dc_motor_kit_hardware_interface/local/lib/python3.10/dist-packages/encoded_dc_motor_kit_hardware_interface-0.0.0-py3.10.egg-info/top_level.txt
-- Installing: /home/kevo/robotics_inc/control_kit_ws/install/encoded_dc_motor_kit_hardware_interface/local/lib/python3.10/dist-packages/encoded_dc_motor_kit_hardware_interface-0.0.0-py3.10.egg-info/dependency_links.txt
-- Installing: /home/kevo/robotics_inc/control_kit_ws/install/encoded_dc_motor_kit_hardware_interface/local/lib/python3.10/dist-packages/encoded_dc_motor_kit_hardware_interface-0.0.0-py3.10.egg-info/SOURCES.txt
-- Installing: /home/kevo/robotics_inc/control_kit_ws/install/encoded_dc_motor_kit_hardware_interface/local/lib/python3.10/dist-packages/encoded_dc_motor_kit_hardware_interface-0.0.0-py3.10.egg-info/PKG-INFO
-- Up-to-date: /home/kevo/robotics_inc/control_kit_ws/install/encoded_dc_motor_kit_hardware_interface/local/lib/python3.10/dist-packages/encoded_dc_motor_kit_hardware_interface
-- Up-to-date: /home/kevo/robotics_inc/control_kit_ws/install/encoded_dc_motor_kit_hardware_interface/local/lib/python3.10/dist-packages/encoded_dc_motor_kit_hardware_interface/__init__.py:Zone.Identifier
-- Up-to-date: /home/kevo/robotics_inc/control_kit_ws/install/encoded_dc_motor_kit_hardware_interface/local/lib/python3.10/dist-packages/encoded_dc_motor_kit_hardware_interface/__init__.py
Listing '/home/kevo/robotics_inc/control_kit_ws/install/encoded_dc_motor_kit_hardware_interface/local/lib/python3.10/dist-packages/encoded_dc_motor_kit_hardware_interface'...
-- Installing: /home/kevo/robotics_inc/control_kit_ws/install/encoded_dc_motor_kit_hardware_interface/lib/libencoded_dc_motor_kit_hardware_interface.so
-- Set runtime path of "/home/kevo/robotics_inc/control_kit_ws/install/encoded_dc_motor_kit_hardware_interface/lib/libencoded_dc_motor_kit_hardware_interface.so" to ""
-- Up-to-date: /home/kevo/robotics_inc/control_kit_ws/install/encoded_dc_motor_kit_hardware_interface/include/include
-- Up-to-date: /home/kevo/robotics_inc/control_kit_ws/install/encoded_dc_motor_kit_hardware_interface/include/include/encoded_dc_motor_kit_hardware_interface
-- Up-to-date: /home/kevo/robotics_inc/control_kit_ws/install/encoded_dc_motor_kit_hardware_interface/include/include/encoded_dc_motor_kit_hardware_interface/stop_and_wait.hpp
-- Up-to-date: /home/kevo/robotics_inc/control_kit_ws/install/encoded_dc_motor_kit_hardware_interface/include/include/encoded_dc_motor_kit_hardware_interface/hardware_interface.hpp:Zone.Identifier
-- Up-to-date: /home/kevo/robotics_inc/control_kit_ws/install/encoded_dc_motor_kit_hardware_interface/include/include/encoded_dc_motor_kit_hardware_interface/hardware_interface.hpp
-- Up-to-date: /home/kevo/robotics_inc/control_kit_ws/install/encoded_dc_motor_kit_hardware_interface/share/encoded_dc_motor_kit_hardware_interface/launch
-- Up-to-date: /home/kevo/robotics_inc/control_kit_ws/install/encoded_dc_motor_kit_hardware_interface/share/encoded_dc_motor_kit_hardware_interface/config
-- Up-to-date: /home/kevo/robotics_inc/control_kit_ws/install/encoded_dc_motor_kit_hardware_interface/share/encoded_dc_motor_kit_hardware_interface/environment/library_path.sh
-- Installing: /home/kevo/robotics_inc/control_kit_ws/install/encoded_dc_motor_kit_hardware_interface/share/encoded_dc_motor_kit_hardware_interface/environment/library_path.dsv
-- Up-to-date: /home/kevo/robotics_inc/control_kit_ws/install/encoded_dc_motor_kit_hardware_interface/share/ament_index/resource_index/package_run_dependencies/encoded_dc_motor_kit_hardware_interface
-- Installing: /home/kevo/robotics_inc/control_kit_ws/install/encoded_dc_motor_kit_hardware_interface/share/ament_index/resource_index/parent_prefix_path/encoded_dc_motor_kit_hardware_interface
-- Up-to-date: /home/kevo/robotics_inc/control_kit_ws/install/encoded_dc_motor_kit_hardware_interface/share/encoded_dc_motor_kit_hardware_interface/environment/ament_prefix_path.sh
-- Installing: /home/kevo/robotics_inc/control_kit_ws/install/encoded_dc_motor_kit_hardware_interface/share/encoded_dc_motor_kit_hardware_interface/environment/ament_prefix_path.dsv
-- Up-to-date: /home/kevo/robotics_inc/control_kit_ws/install/encoded_dc_motor_kit_hardware_interface/share/encoded_dc_motor_kit_hardware_interface/environment/path.sh
-- Installing: /home/kevo/robotics_inc/control_kit_ws/install/encoded_dc_motor_kit_hardware_interface/share/encoded_dc_motor_kit_hardware_interface/environment/path.dsv
-- Up-to-date: /home/kevo/robotics_inc/control_kit_ws/install/encoded_dc_motor_kit_hardware_interface/share/encoded_dc_motor_kit_hardware_interface/local_setup.bash
-- Up-to-date: /home/kevo/robotics_inc/control_kit_ws/install/encoded_dc_motor_kit_hardware_interface/share/encoded_dc_motor_kit_hardware_interface/local_setup.sh
-- Up-to-date: /home/kevo/robotics_inc/control_kit_ws/install/encoded_dc_motor_kit_hardware_interface/share/encoded_dc_motor_kit_hardware_interface/local_setup.zsh
-- Installing: /home/kevo/robotics_inc/control_kit_ws/install/encoded_dc_motor_kit_hardware_interface/share/encoded_dc_motor_kit_hardware_interface/local_setup.dsv
-- Installing: /home/kevo/robotics_inc/control_kit_ws/install/encoded_dc_motor_kit_hardware_interface/share/encoded_dc_motor_kit_hardware_interface/package.dsv
-- Up-to-date: /home/kevo/robotics_inc/control_kit_ws/install/encoded_dc_motor_kit_hardware_interface/share/ament_index/resource_index/packages/encoded_dc_motor_kit_hardware_interface
-- Up-to-date: /home/kevo/robotics_inc/control_kit_ws/install/encoded_dc_motor_kit_hardware_interface/share/ament_index/resource_index/hardware_interface__pluginlib__plugin/encoded_dc_motor_kit_hardware_interface
-- Up-to-date: /home/kevo/robotics_inc/control_kit_ws/install/encoded_dc_motor_kit_hardware_interface/share/encoded_dc_motor_kit_hardware_interface/cmake/ament_cmake_export_include_directories-extras.cmake
-- Up-to-date: /home/kevo/robotics_inc/control_kit_ws/install/encoded_dc_motor_kit_hardware_interface/share/encoded_dc_motor_kit_hardware_interface/cmake/ament_cmake_export_libraries-extras.cmake
-- Up-to-date: /home/kevo/robotics_inc/control_kit_ws/install/encoded_dc_motor_kit_hardware_interface/share/encoded_dc_motor_kit_hardware_interface/cmake/ament_cmake_export_dependencies-extras.cmake
-- Up-to-date: /home/kevo/robotics_inc/control_kit_ws/install/encoded_dc_motor_kit_hardware_interface/share/encoded_dc_motor_kit_hardware_interface/cmake/encoded_dc_motor_kit_hardware_interfaceConfig.cmake
-- Up-to-date: /home/kevo/robotics_inc/control_kit_ws/install/encoded_dc_motor_kit_hardware_interface/share/encoded_dc_motor_kit_hardware_interface/cmake/encoded_dc_motor_kit_hardware_interfaceConfig-version.cmake
-- Up-to-date: /home/kevo/robotics_inc/control_kit_ws/install/encoded_dc_motor_kit_hardware_interface/share/encoded_dc_motor_kit_hardware_interface/package.xml
