[1.435s] Invoking command in '/home/kevo/robotics_inc/control_kit_ws/build/encoded_dc_motor_kit_gui': CMAKE_PREFIX_PATH=${CMAKE_PREFIX_PATH}:/home/kevo/robotics_inc/control_kit_ws/install/encoded_dc_motor_kit_data_proccessing:/home/kevo/ws_moveit2/install/moveit_configs_utils:/home/kevo/ws_moveit2/install/launch_param_builder:/opt/ros/humble /usr/bin/cmake --build /home/kevo/robotics_inc/control_kit_ws/build/encoded_dc_motor_kit_gui -- -j8 -l8
[1.610s] Invoked command in '/home/kevo/robotics_inc/control_kit_ws/build/encoded_dc_motor_kit_gui' returned '0': CMAKE_PREFIX_PATH=${CMAKE_PREFIX_PATH}:/home/kevo/robotics_inc/control_kit_ws/install/encoded_dc_motor_kit_data_proccessing:/home/kevo/ws_moveit2/install/moveit_configs_utils:/home/kevo/ws_moveit2/install/launch_param_builder:/opt/ros/humble /usr/bin/cmake --build /home/kevo/robotics_inc/control_kit_ws/build/encoded_dc_motor_kit_gui -- -j8 -l8
[1.740s] Invoking command in '/home/kevo/robotics_inc/control_kit_ws/build/encoded_dc_motor_kit_gui': CMAKE_PREFIX_PATH=${CMAKE_PREFIX_PATH}:/home/kevo/robotics_inc/control_kit_ws/install/encoded_dc_motor_kit_data_proccessing:/home/kevo/ws_moveit2/install/moveit_configs_utils:/home/kevo/ws_moveit2/install/launch_param_builder:/opt/ros/humble /usr/bin/cmake --install /home/kevo/robotics_inc/control_kit_ws/build/encoded_dc_motor_kit_gui
[1.808s] -- Install configuration: ""
[1.809s] -- Up-to-date: /home/kevo/robotics_inc/control_kit_ws/install/encoded_dc_motor_kit_gui/lib/encoded_dc_motor_kit_gui/feedback_subscriber_node.py
[1.810s] -- Up-to-date: /home/kevo/robotics_inc/control_kit_ws/install/encoded_dc_motor_kit_gui/lib/encoded_dc_motor_kit_gui/PID_parameters_publisher.py
[1.810s] -- Up-to-date: /home/kevo/robotics_inc/control_kit_ws/install/encoded_dc_motor_kit_gui/lib/encoded_dc_motor_kit_gui/response_plotter_node.py
[1.810s] -- Up-to-date: /home/kevo/robotics_inc/control_kit_ws/install/encoded_dc_motor_kit_gui/share/ament_index/resource_index/package_run_dependencies/encoded_dc_motor_kit_gui
[1.811s] -- Up-to-date: /home/kevo/robotics_inc/control_kit_ws/install/encoded_dc_motor_kit_gui/share/ament_index/resource_index/parent_prefix_path/encoded_dc_motor_kit_gui
[1.811s] -- Up-to-date: /home/kevo/robotics_inc/control_kit_ws/install/encoded_dc_motor_kit_gui/share/encoded_dc_motor_kit_gui/environment/ament_prefix_path.sh
[1.811s] -- Up-to-date: /home/kevo/robotics_inc/control_kit_ws/install/encoded_dc_motor_kit_gui/share/encoded_dc_motor_kit_gui/environment/ament_prefix_path.dsv
[1.812s] -- Up-to-date: /home/kevo/robotics_inc/control_kit_ws/install/encoded_dc_motor_kit_gui/share/encoded_dc_motor_kit_gui/environment/path.sh
[1.812s] -- Up-to-date: /home/kevo/robotics_inc/control_kit_ws/install/encoded_dc_motor_kit_gui/share/encoded_dc_motor_kit_gui/environment/path.dsv
[1.814s] -- Up-to-date: /home/kevo/robotics_inc/control_kit_ws/install/encoded_dc_motor_kit_gui/share/encoded_dc_motor_kit_gui/local_setup.bash
[1.816s] -- Up-to-date: /home/kevo/robotics_inc/control_kit_ws/install/encoded_dc_motor_kit_gui/share/encoded_dc_motor_kit_gui/local_setup.sh
[1.817s] -- Up-to-date: /home/kevo/robotics_inc/control_kit_ws/install/encoded_dc_motor_kit_gui/share/encoded_dc_motor_kit_gui/local_setup.zsh
[1.818s] -- Up-to-date: /home/kevo/robotics_inc/control_kit_ws/install/encoded_dc_motor_kit_gui/share/encoded_dc_motor_kit_gui/local_setup.dsv
[1.819s] -- Installing: /home/kevo/robotics_inc/control_kit_ws/install/encoded_dc_motor_kit_gui/share/encoded_dc_motor_kit_gui/package.dsv
[1.820s] -- Up-to-date: /home/kevo/robotics_inc/control_kit_ws/install/encoded_dc_motor_kit_gui/share/ament_index/resource_index/packages/encoded_dc_motor_kit_gui
[1.822s] -- Up-to-date: /home/kevo/robotics_inc/control_kit_ws/install/encoded_dc_motor_kit_gui/share/encoded_dc_motor_kit_gui/cmake/encoded_dc_motor_kit_guiConfig.cmake
[1.823s] -- Up-to-date: /home/kevo/robotics_inc/control_kit_ws/install/encoded_dc_motor_kit_gui/share/encoded_dc_motor_kit_gui/cmake/encoded_dc_motor_kit_guiConfig-version.cmake
[1.824s] -- Up-to-date: /home/kevo/robotics_inc/control_kit_ws/install/encoded_dc_motor_kit_gui/share/encoded_dc_motor_kit_gui/package.xml
[1.882s] Invoked command in '/home/kevo/robotics_inc/control_kit_ws/build/encoded_dc_motor_kit_gui' returned '0': CMAKE_PREFIX_PATH=${CMAKE_PREFIX_PATH}:/home/kevo/robotics_inc/control_kit_ws/install/encoded_dc_motor_kit_data_proccessing:/home/kevo/ws_moveit2/install/moveit_configs_utils:/home/kevo/ws_moveit2/install/launch_param_builder:/opt/ros/humble /usr/bin/cmake --install /home/kevo/robotics_inc/control_kit_ws/build/encoded_dc_motor_kit_gui
