[0.619s] DEBUG:colcon:Command line arguments: ['/usr/bin/colcon', 'list', '-p', '--base-paths', '/home/kevo/robotics_inc/control_kit_ws']
[0.619s] DEBUG:colcon:Parsed command line arguments: Namespace(log_base=None, log_level=None, verb_name='list', build_base='build', ignore_user_meta=False, metas=['./colcon.meta'], base_paths=['/home/kevo/robotics_inc/control_kit_ws'], packages_ignore=None, packages_ignore_regex=None, paths=None, packages_up_to=None, packages_up_to_regex=None, packages_above=None, packages_above_and_dependencies=None, packages_above_depth=None, packages_select_by_dep=None, packages_skip_by_dep=None, packages_skip_up_to=None, packages_select_build_failed=False, packages_skip_build_finished=False, packages_select_test_failures=False, packages_skip_test_passed=False, packages_select=None, packages_skip=None, packages_select_regex=None, packages_skip_regex=None, packages_start=None, packages_end=None, allow_overriding=[], topological_order=False, names_only=False, paths_only=True, topological_graph=False, topological_graph_dot=False, topological_graph_density=False, topological_graph_legend=False, topological_graph_dot_cluster=False, topological_graph_dot_include_skipped=False, mixin_files=None, mixin=None, verb_parser=<colcon_mixin.mixin.mixin_argument.MixinArgumentDecorator object at 0x7ff25c8e5120>, verb_extension=<colcon_package_information.verb.list.ListVerb object at 0x7ff25c9f0f40>, main=<bound method ListVerb.main of <colcon_package_information.verb.list.ListVerb object at 0x7ff25c9f0f40>>, mixin_verb=('list',))
[1.296s] Level 1:colcon.colcon_core.package_discovery:discover_packages(colcon_meta) check parameters
[1.296s] Level 1:colcon.colcon_core.package_discovery:discover_packages(recursive) check parameters
[1.296s] Level 1:colcon.colcon_core.package_discovery:discover_packages(ignore) check parameters
[1.297s] Level 1:colcon.colcon_core.package_discovery:discover_packages(path) check parameters
[1.297s] Level 1:colcon.colcon_core.package_discovery:discover_packages(recursive) discover
[1.297s] INFO:colcon.colcon_core.package_discovery:Crawling recursively for packages in '/home/kevo/robotics_inc/control_kit_ws'
[1.297s] Level 1:colcon.colcon_core.package_identification:_identify(/home/kevo/robotics_inc/control_kit_ws) by extensions ['ignore', 'ignore_ament_install']
[1.297s] Level 1:colcon.colcon_core.package_identification:_identify(/home/kevo/robotics_inc/control_kit_ws) by extension 'ignore'
[1.297s] Level 1:colcon.colcon_core.package_identification:_identify(/home/kevo/robotics_inc/control_kit_ws) by extension 'ignore_ament_install'
[1.298s] Level 1:colcon.colcon_core.package_identification:_identify(/home/kevo/robotics_inc/control_kit_ws) by extensions ['colcon_pkg']
[1.298s] Level 1:colcon.colcon_core.package_identification:_identify(/home/kevo/robotics_inc/control_kit_ws) by extension 'colcon_pkg'
[1.298s] Level 1:colcon.colcon_core.package_identification:_identify(/home/kevo/robotics_inc/control_kit_ws) by extensions ['colcon_meta']
[1.298s] Level 1:colcon.colcon_core.package_identification:_identify(/home/kevo/robotics_inc/control_kit_ws) by extension 'colcon_meta'
[1.298s] Level 1:colcon.colcon_core.package_identification:_identify(/home/kevo/robotics_inc/control_kit_ws) by extensions ['ros']
[1.298s] Level 1:colcon.colcon_core.package_identification:_identify(/home/kevo/robotics_inc/control_kit_ws) by extension 'ros'
[1.365s] Level 1:colcon.colcon_core.package_identification:_identify(/home/kevo/robotics_inc/control_kit_ws) by extensions ['cmake', 'python']
[1.365s] Level 1:colcon.colcon_core.package_identification:_identify(/home/kevo/robotics_inc/control_kit_ws) by extension 'cmake'
[1.365s] Level 1:colcon.colcon_core.package_identification:_identify(/home/kevo/robotics_inc/control_kit_ws) by extension 'python'
[1.365s] Level 1:colcon.colcon_core.package_identification:_identify(/home/kevo/robotics_inc/control_kit_ws) by extensions ['python_setup_py']
[1.365s] Level 1:colcon.colcon_core.package_identification:_identify(/home/kevo/robotics_inc/control_kit_ws) by extension 'python_setup_py'
[1.366s] Level 1:colcon.colcon_core.package_identification:_identify(/home/kevo/robotics_inc/control_kit_ws/log) by extensions ['ignore', 'ignore_ament_install']
[1.366s] Level 1:colcon.colcon_core.package_identification:_identify(/home/kevo/robotics_inc/control_kit_ws/log) by extension 'ignore'
[1.366s] Level 1:colcon.colcon_core.package_identification:_identify(/home/kevo/robotics_inc/control_kit_ws/log) ignored
[1.367s] Level 1:colcon.colcon_core.package_identification:_identify(/home/kevo/robotics_inc/control_kit_ws/src) by extensions ['ignore', 'ignore_ament_install']
[1.367s] Level 1:colcon.colcon_core.package_identification:_identify(/home/kevo/robotics_inc/control_kit_ws/src) by extension 'ignore'
[1.368s] Level 1:colcon.colcon_core.package_identification:_identify(/home/kevo/robotics_inc/control_kit_ws/src) by extension 'ignore_ament_install'
[1.368s] Level 1:colcon.colcon_core.package_identification:_identify(/home/kevo/robotics_inc/control_kit_ws/src) by extensions ['colcon_pkg']
[1.368s] Level 1:colcon.colcon_core.package_identification:_identify(/home/kevo/robotics_inc/control_kit_ws/src) by extension 'colcon_pkg'
[1.369s] Level 1:colcon.colcon_core.package_identification:_identify(/home/kevo/robotics_inc/control_kit_ws/src) by extensions ['colcon_meta']
[1.369s] Level 1:colcon.colcon_core.package_identification:_identify(/home/kevo/robotics_inc/control_kit_ws/src) by extension 'colcon_meta'
[1.369s] Level 1:colcon.colcon_core.package_identification:_identify(/home/kevo/robotics_inc/control_kit_ws/src) by extensions ['ros']
[1.369s] Level 1:colcon.colcon_core.package_identification:_identify(/home/kevo/robotics_inc/control_kit_ws/src) by extension 'ros'
[1.369s] Level 1:colcon.colcon_core.package_identification:_identify(/home/kevo/robotics_inc/control_kit_ws/src) by extensions ['cmake', 'python']
[1.370s] Level 1:colcon.colcon_core.package_identification:_identify(/home/kevo/robotics_inc/control_kit_ws/src) by extension 'cmake'
[1.370s] Level 1:colcon.colcon_core.package_identification:_identify(/home/kevo/robotics_inc/control_kit_ws/src) by extension 'python'
[1.370s] Level 1:colcon.colcon_core.package_identification:_identify(/home/kevo/robotics_inc/control_kit_ws/src) by extensions ['python_setup_py']
[1.370s] Level 1:colcon.colcon_core.package_identification:_identify(/home/kevo/robotics_inc/control_kit_ws/src) by extension 'python_setup_py'
[1.371s] Level 1:colcon.colcon_core.package_identification:_identify(/home/kevo/robotics_inc/control_kit_ws/src/encoded_dc_motor_kit_control) by extensions ['ignore', 'ignore_ament_install']
[1.372s] Level 1:colcon.colcon_core.package_identification:_identify(/home/kevo/robotics_inc/control_kit_ws/src/encoded_dc_motor_kit_control) by extension 'ignore'
[1.372s] Level 1:colcon.colcon_core.package_identification:_identify(/home/kevo/robotics_inc/control_kit_ws/src/encoded_dc_motor_kit_control) by extension 'ignore_ament_install'
[1.372s] Level 1:colcon.colcon_core.package_identification:_identify(/home/kevo/robotics_inc/control_kit_ws/src/encoded_dc_motor_kit_control) by extensions ['colcon_pkg']
[1.372s] Level 1:colcon.colcon_core.package_identification:_identify(/home/kevo/robotics_inc/control_kit_ws/src/encoded_dc_motor_kit_control) by extension 'colcon_pkg'
[1.373s] Level 1:colcon.colcon_core.package_identification:_identify(/home/kevo/robotics_inc/control_kit_ws/src/encoded_dc_motor_kit_control) by extensions ['colcon_meta']
[1.373s] Level 1:colcon.colcon_core.package_identification:_identify(/home/kevo/robotics_inc/control_kit_ws/src/encoded_dc_motor_kit_control) by extension 'colcon_meta'
[1.373s] Level 1:colcon.colcon_core.package_identification:_identify(/home/kevo/robotics_inc/control_kit_ws/src/encoded_dc_motor_kit_control) by extensions ['ros']
[1.373s] Level 1:colcon.colcon_core.package_identification:_identify(/home/kevo/robotics_inc/control_kit_ws/src/encoded_dc_motor_kit_control) by extension 'ros'
[1.382s] DEBUG:colcon.colcon_core.package_identification:Package '/home/kevo/robotics_inc/control_kit_ws/src/encoded_dc_motor_kit_control' with type 'ros.ament_cmake' and name 'encoded_dc_motor_kit_control'
[1.382s] Level 1:colcon.colcon_core.package_identification:_identify(/home/kevo/robotics_inc/control_kit_ws/src/encoded_dc_motor_kit_data_proccessing) by extensions ['ignore', 'ignore_ament_install']
[1.383s] Level 1:colcon.colcon_core.package_identification:_identify(/home/kevo/robotics_inc/control_kit_ws/src/encoded_dc_motor_kit_data_proccessing) by extension 'ignore'
[1.383s] Level 1:colcon.colcon_core.package_identification:_identify(/home/kevo/robotics_inc/control_kit_ws/src/encoded_dc_motor_kit_data_proccessing) by extension 'ignore_ament_install'
[1.383s] Level 1:colcon.colcon_core.package_identification:_identify(/home/kevo/robotics_inc/control_kit_ws/src/encoded_dc_motor_kit_data_proccessing) by extensions ['colcon_pkg']
[1.383s] Level 1:colcon.colcon_core.package_identification:_identify(/home/kevo/robotics_inc/control_kit_ws/src/encoded_dc_motor_kit_data_proccessing) by extension 'colcon_pkg'
[1.383s] Level 1:colcon.colcon_core.package_identification:_identify(/home/kevo/robotics_inc/control_kit_ws/src/encoded_dc_motor_kit_data_proccessing) by extensions ['colcon_meta']
[1.383s] Level 1:colcon.colcon_core.package_identification:_identify(/home/kevo/robotics_inc/control_kit_ws/src/encoded_dc_motor_kit_data_proccessing) by extension 'colcon_meta'
[1.384s] Level 1:colcon.colcon_core.package_identification:_identify(/home/kevo/robotics_inc/control_kit_ws/src/encoded_dc_motor_kit_data_proccessing) by extensions ['ros']
[1.384s] Level 1:colcon.colcon_core.package_identification:_identify(/home/kevo/robotics_inc/control_kit_ws/src/encoded_dc_motor_kit_data_proccessing) by extension 'ros'
[1.388s] DEBUG:colcon.colcon_core.package_identification:Package '/home/kevo/robotics_inc/control_kit_ws/src/encoded_dc_motor_kit_data_proccessing' with type 'ros.ament_python' and name 'encoded_dc_motor_kit_data_proccessing'
[1.388s] Level 1:colcon.colcon_core.package_identification:_identify(/home/kevo/robotics_inc/control_kit_ws/src/encoded_dc_motor_kit_description) by extensions ['ignore', 'ignore_ament_install']
[1.389s] Level 1:colcon.colcon_core.package_identification:_identify(/home/kevo/robotics_inc/control_kit_ws/src/encoded_dc_motor_kit_description) by extension 'ignore'
[1.389s] Level 1:colcon.colcon_core.package_identification:_identify(/home/kevo/robotics_inc/control_kit_ws/src/encoded_dc_motor_kit_description) by extension 'ignore_ament_install'
[1.389s] Level 1:colcon.colcon_core.package_identification:_identify(/home/kevo/robotics_inc/control_kit_ws/src/encoded_dc_motor_kit_description) by extensions ['colcon_pkg']
[1.389s] Level 1:colcon.colcon_core.package_identification:_identify(/home/kevo/robotics_inc/control_kit_ws/src/encoded_dc_motor_kit_description) by extension 'colcon_pkg'
[1.389s] Level 1:colcon.colcon_core.package_identification:_identify(/home/kevo/robotics_inc/control_kit_ws/src/encoded_dc_motor_kit_description) by extensions ['colcon_meta']
[1.389s] Level 1:colcon.colcon_core.package_identification:_identify(/home/kevo/robotics_inc/control_kit_ws/src/encoded_dc_motor_kit_description) by extension 'colcon_meta'
[1.389s] Level 1:colcon.colcon_core.package_identification:_identify(/home/kevo/robotics_inc/control_kit_ws/src/encoded_dc_motor_kit_description) by extensions ['ros']
[1.390s] Level 1:colcon.colcon_core.package_identification:_identify(/home/kevo/robotics_inc/control_kit_ws/src/encoded_dc_motor_kit_description) by extension 'ros'
[1.391s] DEBUG:colcon.colcon_core.package_identification:Package '/home/kevo/robotics_inc/control_kit_ws/src/encoded_dc_motor_kit_description' with type 'ros.ament_cmake' and name 'encoded_dc_motor_kit_description'
[1.392s] Level 1:colcon.colcon_core.package_identification:_identify(/home/kevo/robotics_inc/control_kit_ws/src/encoded_dc_motor_kit_gui) by extensions ['ignore', 'ignore_ament_install']
[1.392s] Level 1:colcon.colcon_core.package_identification:_identify(/home/kevo/robotics_inc/control_kit_ws/src/encoded_dc_motor_kit_gui) by extension 'ignore'
[1.392s] Level 1:colcon.colcon_core.package_identification:_identify(/home/kevo/robotics_inc/control_kit_ws/src/encoded_dc_motor_kit_gui) by extension 'ignore_ament_install'
[1.393s] Level 1:colcon.colcon_core.package_identification:_identify(/home/kevo/robotics_inc/control_kit_ws/src/encoded_dc_motor_kit_gui) by extensions ['colcon_pkg']
[1.393s] Level 1:colcon.colcon_core.package_identification:_identify(/home/kevo/robotics_inc/control_kit_ws/src/encoded_dc_motor_kit_gui) by extension 'colcon_pkg'
[1.393s] Level 1:colcon.colcon_core.package_identification:_identify(/home/kevo/robotics_inc/control_kit_ws/src/encoded_dc_motor_kit_gui) by extensions ['colcon_meta']
[1.393s] Level 1:colcon.colcon_core.package_identification:_identify(/home/kevo/robotics_inc/control_kit_ws/src/encoded_dc_motor_kit_gui) by extension 'colcon_meta'
[1.393s] Level 1:colcon.colcon_core.package_identification:_identify(/home/kevo/robotics_inc/control_kit_ws/src/encoded_dc_motor_kit_gui) by extensions ['ros']
[1.393s] Level 1:colcon.colcon_core.package_identification:_identify(/home/kevo/robotics_inc/control_kit_ws/src/encoded_dc_motor_kit_gui) by extension 'ros'
[1.395s] DEBUG:colcon.colcon_core.package_identification:Package '/home/kevo/robotics_inc/control_kit_ws/src/encoded_dc_motor_kit_gui' with type 'ros.ament_cmake' and name 'encoded_dc_motor_kit_gui'
[1.396s] Level 1:colcon.colcon_core.package_identification:_identify(/home/kevo/robotics_inc/control_kit_ws/src/encoded_dc_motor_kit_hardware_interface) by extensions ['ignore', 'ignore_ament_install']
[1.396s] Level 1:colcon.colcon_core.package_identification:_identify(/home/kevo/robotics_inc/control_kit_ws/src/encoded_dc_motor_kit_hardware_interface) by extension 'ignore'
[1.396s] Level 1:colcon.colcon_core.package_identification:_identify(/home/kevo/robotics_inc/control_kit_ws/src/encoded_dc_motor_kit_hardware_interface) by extension 'ignore_ament_install'
[1.396s] Level 1:colcon.colcon_core.package_identification:_identify(/home/kevo/robotics_inc/control_kit_ws/src/encoded_dc_motor_kit_hardware_interface) by extensions ['colcon_pkg']
[1.396s] Level 1:colcon.colcon_core.package_identification:_identify(/home/kevo/robotics_inc/control_kit_ws/src/encoded_dc_motor_kit_hardware_interface) by extension 'colcon_pkg'
[1.397s] Level 1:colcon.colcon_core.package_identification:_identify(/home/kevo/robotics_inc/control_kit_ws/src/encoded_dc_motor_kit_hardware_interface) by extensions ['colcon_meta']
[1.397s] Level 1:colcon.colcon_core.package_identification:_identify(/home/kevo/robotics_inc/control_kit_ws/src/encoded_dc_motor_kit_hardware_interface) by extension 'colcon_meta'
[1.397s] Level 1:colcon.colcon_core.package_identification:_identify(/home/kevo/robotics_inc/control_kit_ws/src/encoded_dc_motor_kit_hardware_interface) by extensions ['ros']
[1.397s] Level 1:colcon.colcon_core.package_identification:_identify(/home/kevo/robotics_inc/control_kit_ws/src/encoded_dc_motor_kit_hardware_interface) by extension 'ros'
[1.399s] DEBUG:colcon.colcon_core.package_identification:Package '/home/kevo/robotics_inc/control_kit_ws/src/encoded_dc_motor_kit_hardware_interface' with type 'ros.ament_cmake' and name 'encoded_dc_motor_kit_hardware_interface'
[1.400s] Level 1:colcon.colcon_core.package_identification:_identify(/home/kevo/robotics_inc/control_kit_ws/src/encoded_dc_motor_kit_models) by extensions ['ignore', 'ignore_ament_install']
[1.400s] Level 1:colcon.colcon_core.package_identification:_identify(/home/kevo/robotics_inc/control_kit_ws/src/encoded_dc_motor_kit_models) by extension 'ignore'
[1.400s] Level 1:colcon.colcon_core.package_identification:_identify(/home/kevo/robotics_inc/control_kit_ws/src/encoded_dc_motor_kit_models) by extension 'ignore_ament_install'
[1.401s] Level 1:colcon.colcon_core.package_identification:_identify(/home/kevo/robotics_inc/control_kit_ws/src/encoded_dc_motor_kit_models) by extensions ['colcon_pkg']
[1.401s] Level 1:colcon.colcon_core.package_identification:_identify(/home/kevo/robotics_inc/control_kit_ws/src/encoded_dc_motor_kit_models) by extension 'colcon_pkg'
[1.401s] Level 1:colcon.colcon_core.package_identification:_identify(/home/kevo/robotics_inc/control_kit_ws/src/encoded_dc_motor_kit_models) by extensions ['colcon_meta']
[1.401s] Level 1:colcon.colcon_core.package_identification:_identify(/home/kevo/robotics_inc/control_kit_ws/src/encoded_dc_motor_kit_models) by extension 'colcon_meta'
[1.401s] Level 1:colcon.colcon_core.package_identification:_identify(/home/kevo/robotics_inc/control_kit_ws/src/encoded_dc_motor_kit_models) by extensions ['ros']
[1.401s] Level 1:colcon.colcon_core.package_identification:_identify(/home/kevo/robotics_inc/control_kit_ws/src/encoded_dc_motor_kit_models) by extension 'ros'
[1.404s] DEBUG:colcon.colcon_core.package_identification:Package '/home/kevo/robotics_inc/control_kit_ws/src/encoded_dc_motor_kit_models' with type 'ros.ament_cmake' and name 'encoded_dc_motor_kit_models'
[1.405s] Level 1:colcon.colcon_core.package_identification:_identify(/home/kevo/robotics_inc/control_kit_ws/src/ros2_motor_controller) by extensions ['ignore', 'ignore_ament_install']
[1.405s] Level 1:colcon.colcon_core.package_identification:_identify(/home/kevo/robotics_inc/control_kit_ws/src/ros2_motor_controller) by extension 'ignore'
[1.405s] Level 1:colcon.colcon_core.package_identification:_identify(/home/kevo/robotics_inc/control_kit_ws/src/ros2_motor_controller) by extension 'ignore_ament_install'
[1.406s] Level 1:colcon.colcon_core.package_identification:_identify(/home/kevo/robotics_inc/control_kit_ws/src/ros2_motor_controller) by extensions ['colcon_pkg']
[1.406s] Level 1:colcon.colcon_core.package_identification:_identify(/home/kevo/robotics_inc/control_kit_ws/src/ros2_motor_controller) by extension 'colcon_pkg'
[1.406s] Level 1:colcon.colcon_core.package_identification:_identify(/home/kevo/robotics_inc/control_kit_ws/src/ros2_motor_controller) by extensions ['colcon_meta']
[1.407s] Level 1:colcon.colcon_core.package_identification:_identify(/home/kevo/robotics_inc/control_kit_ws/src/ros2_motor_controller) by extension 'colcon_meta'
[1.407s] Level 1:colcon.colcon_core.package_identification:_identify(/home/kevo/robotics_inc/control_kit_ws/src/ros2_motor_controller) by extensions ['ros']
[1.407s] Level 1:colcon.colcon_core.package_identification:_identify(/home/kevo/robotics_inc/control_kit_ws/src/ros2_motor_controller) by extension 'ros'
[1.409s] DEBUG:colcon.colcon_core.package_identification:Package '/home/kevo/robotics_inc/control_kit_ws/src/ros2_motor_controller' with type 'ros.ament_cmake' and name 'ros2_motor_controller'
[1.409s] Level 1:colcon.colcon_core.package_identification:_identify(/home/kevo/robotics_inc/control_kit_ws/src/ros2_motor_controller_msgs) by extensions ['ignore', 'ignore_ament_install']
[1.410s] Level 1:colcon.colcon_core.package_identification:_identify(/home/kevo/robotics_inc/control_kit_ws/src/ros2_motor_controller_msgs) by extension 'ignore'
[1.410s] Level 1:colcon.colcon_core.package_identification:_identify(/home/kevo/robotics_inc/control_kit_ws/src/ros2_motor_controller_msgs) by extension 'ignore_ament_install'
[1.411s] Level 1:colcon.colcon_core.package_identification:_identify(/home/kevo/robotics_inc/control_kit_ws/src/ros2_motor_controller_msgs) by extensions ['colcon_pkg']
[1.411s] Level 1:colcon.colcon_core.package_identification:_identify(/home/kevo/robotics_inc/control_kit_ws/src/ros2_motor_controller_msgs) by extension 'colcon_pkg'
[1.411s] Level 1:colcon.colcon_core.package_identification:_identify(/home/kevo/robotics_inc/control_kit_ws/src/ros2_motor_controller_msgs) by extensions ['colcon_meta']
[1.411s] Level 1:colcon.colcon_core.package_identification:_identify(/home/kevo/robotics_inc/control_kit_ws/src/ros2_motor_controller_msgs) by extension 'colcon_meta'
[1.411s] Level 1:colcon.colcon_core.package_identification:_identify(/home/kevo/robotics_inc/control_kit_ws/src/ros2_motor_controller_msgs) by extensions ['ros']
[1.411s] Level 1:colcon.colcon_core.package_identification:_identify(/home/kevo/robotics_inc/control_kit_ws/src/ros2_motor_controller_msgs) by extension 'ros'
[1.412s] DEBUG:colcon.colcon_core.package_identification:Package '/home/kevo/robotics_inc/control_kit_ws/src/ros2_motor_controller_msgs' with type 'ros.ament_cmake' and name 'ros2_motor_controller_msgs'
[1.413s] Level 1:colcon.colcon_core.package_discovery:discover_packages(recursive) using defaults
