[0.118s] Invoking command in '/home/kevo/robotics_inc/control_kit_ws/build/encoded_dc_motor_kit_control': CMAKE_PREFIX_PATH=${CMAKE_PREFIX_PATH}:/home/kevo/ws_moveit2/install/moveit_configs_utils:/home/kevo/ws_moveit2/install/launch_param_builder:/opt/ros/humble /usr/bin/cmake /home/kevo/robotics_inc/control_kit_ws/src/encoded_dc_motor_kit_control -DCMAKE_INSTALL_PREFIX=/home/kevo/robotics_inc/control_kit_ws/install/encoded_dc_motor_kit_control
[1.139s] -- The C compiler identification is GNU 11.4.0
[1.139s] -- The CXX compiler identification is GNU 11.4.0
[1.754s] -- Detecting C compiler ABI info
[2.243s] -- Detecting C compiler ABI info - done
[2.272s] -- Check for working C compiler: /usr/bin/cc - skipped
[2.273s] -- Detecting C compile features
[2.274s] -- Detecting C compile features - done
[2.282s] -- Detecting CXX compiler ABI info
[2.928s] -- Detecting CXX compiler ABI info - done
[2.958s] -- Check for working CXX compiler: /usr/bin/c++ - skipped
[2.960s] -- Detecting CXX compile features
[2.960s] -- Detecting CXX compile features - done
[2.978s] -- Found ament_cmake: 1.3.10 (/opt/ros/humble/share/ament_cmake/cmake)
[3.667s] -- Found Python3: /usr/bin/python3 (found version "3.10.12") found components: Interpreter 
[4.383s] -- Configuring done
[4.390s] -- Generating done
[4.392s] -- Build files have been written to: /home/kevo/robotics_inc/control_kit_ws/build/encoded_dc_motor_kit_control
[4.411s] Invoked command in '/home/kevo/robotics_inc/control_kit_ws/build/encoded_dc_motor_kit_control' returned '0': CMAKE_PREFIX_PATH=${CMAKE_PREFIX_PATH}:/home/kevo/ws_moveit2/install/moveit_configs_utils:/home/kevo/ws_moveit2/install/launch_param_builder:/opt/ros/humble /usr/bin/cmake /home/kevo/robotics_inc/control_kit_ws/src/encoded_dc_motor_kit_control -DCMAKE_INSTALL_PREFIX=/home/kevo/robotics_inc/control_kit_ws/install/encoded_dc_motor_kit_control
[4.414s] Invoking command in '/home/kevo/robotics_inc/control_kit_ws/build/encoded_dc_motor_kit_control': CMAKE_PREFIX_PATH=${CMAKE_PREFIX_PATH}:/home/kevo/ws_moveit2/install/moveit_configs_utils:/home/kevo/ws_moveit2/install/launch_param_builder:/opt/ros/humble /usr/bin/cmake --build /home/kevo/robotics_inc/control_kit_ws/build/encoded_dc_motor_kit_control -- -j8 -l8
[4.554s] Invoked command in '/home/kevo/robotics_inc/control_kit_ws/build/encoded_dc_motor_kit_control' returned '0': CMAKE_PREFIX_PATH=${CMAKE_PREFIX_PATH}:/home/kevo/ws_moveit2/install/moveit_configs_utils:/home/kevo/ws_moveit2/install/launch_param_builder:/opt/ros/humble /usr/bin/cmake --build /home/kevo/robotics_inc/control_kit_ws/build/encoded_dc_motor_kit_control -- -j8 -l8
[4.684s] Invoking command in '/home/kevo/robotics_inc/control_kit_ws/build/encoded_dc_motor_kit_control': CMAKE_PREFIX_PATH=${CMAKE_PREFIX_PATH}:/home/kevo/ws_moveit2/install/moveit_configs_utils:/home/kevo/ws_moveit2/install/launch_param_builder:/opt/ros/humble /usr/bin/cmake --install /home/kevo/robotics_inc/control_kit_ws/build/encoded_dc_motor_kit_control
[4.711s] -- Install configuration: ""
[4.711s] -- Installing: /home/kevo/robotics_inc/control_kit_ws/install/encoded_dc_motor_kit_control/share/encoded_dc_motor_kit_control/launch
[4.713s] -- Installing: /home/kevo/robotics_inc/control_kit_ws/install/encoded_dc_motor_kit_control/share/encoded_dc_motor_kit_control/launch/controllers.launch.py:Zone.Identifier:Zone.Identifier
[4.714s] -- Installing: /home/kevo/robotics_inc/control_kit_ws/install/encoded_dc_motor_kit_control/share/encoded_dc_motor_kit_control/launch/controllers.launch.py:Zone.Identifier
[4.714s] -- Installing: /home/kevo/robotics_inc/control_kit_ws/install/encoded_dc_motor_kit_control/share/encoded_dc_motor_kit_control/launch/controllers.launch.py
[4.714s] -- Installing: /home/kevo/robotics_inc/control_kit_ws/install/encoded_dc_motor_kit_control/share/encoded_dc_motor_kit_control/config
[4.715s] -- Installing: /home/kevo/robotics_inc/control_kit_ws/install/encoded_dc_motor_kit_control/share/encoded_dc_motor_kit_control/config/controller.yaml:Zone.Identifier:Zone.Identifier
[4.715s] -- Installing: /home/kevo/robotics_inc/control_kit_ws/install/encoded_dc_motor_kit_control/share/encoded_dc_motor_kit_control/config/controller.yaml
[4.716s] -- Installing: /home/kevo/robotics_inc/control_kit_ws/install/encoded_dc_motor_kit_control/share/encoded_dc_motor_kit_control/config/controller.yaml:Zone.Identifier
[4.717s] -- Installing: /home/kevo/robotics_inc/control_kit_ws/install/encoded_dc_motor_kit_control/share/ament_index/resource_index/package_run_dependencies/encoded_dc_motor_kit_control
[4.717s] -- Installing: /home/kevo/robotics_inc/control_kit_ws/install/encoded_dc_motor_kit_control/share/ament_index/resource_index/parent_prefix_path/encoded_dc_motor_kit_control
[4.719s] -- Installing: /home/kevo/robotics_inc/control_kit_ws/install/encoded_dc_motor_kit_control/share/encoded_dc_motor_kit_control/environment/ament_prefix_path.sh
[4.720s] -- Installing: /home/kevo/robotics_inc/control_kit_ws/install/encoded_dc_motor_kit_control/share/encoded_dc_motor_kit_control/environment/ament_prefix_path.dsv
[4.722s] -- Installing: /home/kevo/robotics_inc/control_kit_ws/install/encoded_dc_motor_kit_control/share/encoded_dc_motor_kit_control/environment/path.sh
[4.722s] -- Installing: /home/kevo/robotics_inc/control_kit_ws/install/encoded_dc_motor_kit_control/share/encoded_dc_motor_kit_control/environment/path.dsv
[4.722s] -- Installing: /home/kevo/robotics_inc/control_kit_ws/install/encoded_dc_motor_kit_control/share/encoded_dc_motor_kit_control/local_setup.bash
[4.722s] -- Installing: /home/kevo/robotics_inc/control_kit_ws/install/encoded_dc_motor_kit_control/share/encoded_dc_motor_kit_control/local_setup.sh
[4.723s] -- Installing: /home/kevo/robotics_inc/control_kit_ws/install/encoded_dc_motor_kit_control/share/encoded_dc_motor_kit_control/local_setup.zsh
[4.723s] -- Installing: /home/kevo/robotics_inc/control_kit_ws/install/encoded_dc_motor_kit_control/share/encoded_dc_motor_kit_control/local_setup.dsv
[4.723s] -- Installing: /home/kevo/robotics_inc/control_kit_ws/install/encoded_dc_motor_kit_control/share/encoded_dc_motor_kit_control/package.dsv
[4.723s] -- Installing: /home/kevo/robotics_inc/control_kit_ws/install/encoded_dc_motor_kit_control/share/ament_index/resource_index/packages/encoded_dc_motor_kit_control
[4.723s] -- Installing: /home/kevo/robotics_inc/control_kit_ws/install/encoded_dc_motor_kit_control/share/encoded_dc_motor_kit_control/cmake/encoded_dc_motor_kit_controlConfig.cmake
[4.723s] -- Installing: /home/kevo/robotics_inc/control_kit_ws/install/encoded_dc_motor_kit_control/share/encoded_dc_motor_kit_control/cmake/encoded_dc_motor_kit_controlConfig-version.cmake
[4.724s] -- Installing: /home/kevo/robotics_inc/control_kit_ws/install/encoded_dc_motor_kit_control/share/encoded_dc_motor_kit_control/package.xml
[4.737s] Invoked command in '/home/kevo/robotics_inc/control_kit_ws/build/encoded_dc_motor_kit_control' returned '0': CMAKE_PREFIX_PATH=${CMAKE_PREFIX_PATH}:/home/kevo/ws_moveit2/install/moveit_configs_utils:/home/kevo/ws_moveit2/install/launch_param_builder:/opt/ros/humble /usr/bin/cmake --install /home/kevo/robotics_inc/control_kit_ws/build/encoded_dc_motor_kit_control
