[1.242s] Invoking command in '/home/kevo/robotics_inc/control_kit_ws/build/ros2_motor_controller': CMAKE_PREFIX_PATH=${CMAKE_PREFIX_PATH}:/home/kevo/robotics_inc/control_kit_ws/install/encoded_dc_motor_kit_data_proccessing:/home/kevo/ws_moveit2/install/moveit_configs_utils:/home/kevo/ws_moveit2/install/launch_param_builder:/opt/ros/humble /usr/bin/cmake --build /home/kevo/robotics_inc/control_kit_ws/build/ros2_motor_controller -- -j8 -l8
[1.401s] Invoked command in '/home/kevo/robotics_inc/control_kit_ws/build/ros2_motor_controller' returned '0': CMAKE_PREFIX_PATH=${CMAKE_PREFIX_PATH}:/home/kevo/robotics_inc/control_kit_ws/install/encoded_dc_motor_kit_data_proccessing:/home/kevo/ws_moveit2/install/moveit_configs_utils:/home/kevo/ws_moveit2/install/launch_param_builder:/opt/ros/humble /usr/bin/cmake --build /home/kevo/robotics_inc/control_kit_ws/build/ros2_motor_controller -- -j8 -l8
[1.544s] Invoking command in '/home/kevo/robotics_inc/control_kit_ws/build/ros2_motor_controller': CMAKE_PREFIX_PATH=${CMAKE_PREFIX_PATH}:/home/kevo/robotics_inc/control_kit_ws/install/encoded_dc_motor_kit_data_proccessing:/home/kevo/ws_moveit2/install/moveit_configs_utils:/home/kevo/ws_moveit2/install/launch_param_builder:/opt/ros/humble /usr/bin/cmake --install /home/kevo/robotics_inc/control_kit_ws/build/ros2_motor_controller
[1.636s] -- Install configuration: ""
[1.636s] -- Up-to-date: /home/kevo/robotics_inc/control_kit_ws/install/ros2_motor_controller/lib/ros2_motor_controller/keyboard_motor_commands.py
[1.636s] -- Up-to-date: /home/kevo/robotics_inc/control_kit_ws/install/ros2_motor_controller/lib/ros2_motor_controller/keyboard_motor_commands_service_based.py
[1.637s] -- Up-to-date: /home/kevo/robotics_inc/control_kit_ws/install/ros2_motor_controller/share/ament_index/resource_index/package_run_dependencies/ros2_motor_controller
[1.638s] -- Up-to-date: /home/kevo/robotics_inc/control_kit_ws/install/ros2_motor_controller/share/ament_index/resource_index/parent_prefix_path/ros2_motor_controller
[1.638s] -- Up-to-date: /home/kevo/robotics_inc/control_kit_ws/install/ros2_motor_controller/share/ros2_motor_controller/environment/ament_prefix_path.sh
[1.638s] -- Up-to-date: /home/kevo/robotics_inc/control_kit_ws/install/ros2_motor_controller/share/ros2_motor_controller/environment/ament_prefix_path.dsv
[1.638s] -- Up-to-date: /home/kevo/robotics_inc/control_kit_ws/install/ros2_motor_controller/share/ros2_motor_controller/environment/path.sh
[1.639s] -- Up-to-date: /home/kevo/robotics_inc/control_kit_ws/install/ros2_motor_controller/share/ros2_motor_controller/environment/path.dsv
[1.639s] -- Up-to-date: /home/kevo/robotics_inc/control_kit_ws/install/ros2_motor_controller/share/ros2_motor_controller/local_setup.bash
[1.639s] -- Up-to-date: /home/kevo/robotics_inc/control_kit_ws/install/ros2_motor_controller/share/ros2_motor_controller/local_setup.sh
[1.639s] -- Up-to-date: /home/kevo/robotics_inc/control_kit_ws/install/ros2_motor_controller/share/ros2_motor_controller/local_setup.zsh
[1.639s] -- Up-to-date: /home/kevo/robotics_inc/control_kit_ws/install/ros2_motor_controller/share/ros2_motor_controller/local_setup.dsv
[1.640s] -- Installing: /home/kevo/robotics_inc/control_kit_ws/install/ros2_motor_controller/share/ros2_motor_controller/package.dsv
[1.640s] -- Up-to-date: /home/kevo/robotics_inc/control_kit_ws/install/ros2_motor_controller/share/ament_index/resource_index/packages/ros2_motor_controller
[1.640s] -- Up-to-date: /home/kevo/robotics_inc/control_kit_ws/install/ros2_motor_controller/share/ros2_motor_controller/cmake/ros2_motor_controllerConfig.cmake
[1.640s] -- Up-to-date: /home/kevo/robotics_inc/control_kit_ws/install/ros2_motor_controller/share/ros2_motor_controller/cmake/ros2_motor_controllerConfig-version.cmake
[1.640s] -- Up-to-date: /home/kevo/robotics_inc/control_kit_ws/install/ros2_motor_controller/share/ros2_motor_controller/package.xml
[1.684s] Invoked command in '/home/kevo/robotics_inc/control_kit_ws/build/ros2_motor_controller' returned '0': CMAKE_PREFIX_PATH=${CMAKE_PREFIX_PATH}:/home/kevo/robotics_inc/control_kit_ws/install/encoded_dc_motor_kit_data_proccessing:/home/kevo/ws_moveit2/install/moveit_configs_utils:/home/kevo/ws_moveit2/install/launch_param_builder:/opt/ros/humble /usr/bin/cmake --install /home/kevo/robotics_inc/control_kit_ws/build/ros2_motor_controller
