[0.117s] Invoking command in '/home/kevo/robotics_inc/control_kit_ws/build/ros2_motor_controller_msgs': CMAKE_PREFIX_PATH=${CMAKE_PREFIX_PATH}:/home/kevo/robotics_inc/control_kit_ws/install/encoded_dc_motor_kit_data_proccessing:/home/kevo/ws_moveit2/install/moveit_configs_utils:/home/kevo/ws_moveit2/install/launch_param_builder:/opt/ros/humble /usr/bin/cmake --build /home/kevo/robotics_inc/control_kit_ws/build/ros2_motor_controller_msgs -- -j8 -l8
[1.185s] [  5%] Built target ros2_motor_controller_msgs__cpp
[1.187s] [ 12%] Built target ros2_motor_controller_msgs__rosidl_generator_c
[1.188s] [ 12%] Built target ament_cmake_python_copy_ros2_motor_controller_msgs
[1.188s] [ 23%] Built target ros2_motor_controller_msgs__rosidl_typesupport_fastrtps_cpp
[1.188s] [ 33%] Built target ros2_motor_controller_msgs__rosidl_typesupport_cpp
[1.188s] [ 46%] Built target ros2_motor_controller_msgs__rosidl_typesupport_introspection_c
[1.189s] [ 53%] Built target ros2_motor_controller_msgs__rosidl_typesupport_introspection_cpp
[1.189s] [ 64%] Built target ros2_motor_controller_msgs__rosidl_typesupport_c
[1.189s] [ 74%] Built target ros2_motor_controller_msgs__rosidl_typesupport_fastrtps_c
[1.189s] [ 74%] Built target ros2_motor_controller_msgs
[1.189s] [ 76%] Built target ros2_motor_controller_msgs__py
[1.189s] [ 84%] Built target ros2_motor_controller_msgs__rosidl_generator_py
[1.190s] [ 89%] Built target ros2_motor_controller_msgs__rosidl_typesupport_c__pyext
[1.190s] [ 94%] Built target ros2_motor_controller_msgs__rosidl_typesupport_fastrtps_c__pyext
[1.190s] [100%] Built target ros2_motor_controller_msgs__rosidl_typesupport_introspection_c__pyext
[1.243s] running egg_info
[1.246s] writing ros2_motor_controller_msgs.egg-info/PKG-INFO
[1.246s] writing dependency_links to ros2_motor_controller_msgs.egg-info/dependency_links.txt
[1.247s] writing top-level names to ros2_motor_controller_msgs.egg-info/top_level.txt
[1.255s] reading manifest file 'ros2_motor_controller_msgs.egg-info/SOURCES.txt'
[1.257s] writing manifest file 'ros2_motor_controller_msgs.egg-info/SOURCES.txt'
[1.434s] [100%] Built target ament_cmake_python_build_ros2_motor_controller_msgs_egg
[1.498s] Invoked command in '/home/kevo/robotics_inc/control_kit_ws/build/ros2_motor_controller_msgs' returned '0': CMAKE_PREFIX_PATH=${CMAKE_PREFIX_PATH}:/home/kevo/robotics_inc/control_kit_ws/install/encoded_dc_motor_kit_data_proccessing:/home/kevo/ws_moveit2/install/moveit_configs_utils:/home/kevo/ws_moveit2/install/launch_param_builder:/opt/ros/humble /usr/bin/cmake --build /home/kevo/robotics_inc/control_kit_ws/build/ros2_motor_controller_msgs -- -j8 -l8
[1.868s] Invoking command in '/home/kevo/robotics_inc/control_kit_ws/build/ros2_motor_controller_msgs': CMAKE_PREFIX_PATH=${CMAKE_PREFIX_PATH}:/home/kevo/robotics_inc/control_kit_ws/install/encoded_dc_motor_kit_data_proccessing:/home/kevo/ws_moveit2/install/moveit_configs_utils:/home/kevo/ws_moveit2/install/launch_param_builder:/opt/ros/humble /usr/bin/cmake --install /home/kevo/robotics_inc/control_kit_ws/build/ros2_motor_controller_msgs
[1.890s] -- Install configuration: ""
[1.891s] -- Up-to-date: /home/kevo/robotics_inc/control_kit_ws/install/ros2_motor_controller_msgs/share/ament_index/resource_index/rosidl_interfaces/ros2_motor_controller_msgs
[1.891s] -- Up-to-date: /home/kevo/robotics_inc/control_kit_ws/install/ros2_motor_controller_msgs/include/ros2_motor_controller_msgs/ros2_motor_controller_msgs
[1.892s] -- Up-to-date: /home/kevo/robotics_inc/control_kit_ws/install/ros2_motor_controller_msgs/include/ros2_motor_controller_msgs/ros2_motor_controller_msgs/srv
[1.892s] -- Up-to-date: /home/kevo/robotics_inc/control_kit_ws/install/ros2_motor_controller_msgs/include/ros2_motor_controller_msgs/ros2_motor_controller_msgs/srv/keyboard_commands.h
[1.893s] -- Up-to-date: /home/kevo/robotics_inc/control_kit_ws/install/ros2_motor_controller_msgs/include/ros2_motor_controller_msgs/ros2_motor_controller_msgs/srv/detail
[1.893s] -- Up-to-date: /home/kevo/robotics_inc/control_kit_ws/install/ros2_motor_controller_msgs/include/ros2_motor_controller_msgs/ros2_motor_controller_msgs/srv/detail/keyboard_commands__type_support.h
[1.894s] -- Up-to-date: /home/kevo/robotics_inc/control_kit_ws/install/ros2_motor_controller_msgs/include/ros2_motor_controller_msgs/ros2_motor_controller_msgs/srv/detail/keyboard_commands__functions.h
[1.894s] -- Up-to-date: /home/kevo/robotics_inc/control_kit_ws/install/ros2_motor_controller_msgs/include/ros2_motor_controller_msgs/ros2_motor_controller_msgs/srv/detail/keyboard_commands__functions.c
[1.894s] -- Up-to-date: /home/kevo/robotics_inc/control_kit_ws/install/ros2_motor_controller_msgs/include/ros2_motor_controller_msgs/ros2_motor_controller_msgs/srv/detail/keyboard_commands__struct.h
[1.895s] -- Up-to-date: /home/kevo/robotics_inc/control_kit_ws/install/ros2_motor_controller_msgs/include/ros2_motor_controller_msgs/ros2_motor_controller_msgs/msg
[1.895s] -- Up-to-date: /home/kevo/robotics_inc/control_kit_ws/install/ros2_motor_controller_msgs/include/ros2_motor_controller_msgs/ros2_motor_controller_msgs/msg/velocity_feedback.h
[1.895s] -- Up-to-date: /home/kevo/robotics_inc/control_kit_ws/install/ros2_motor_controller_msgs/include/ros2_motor_controller_msgs/ros2_motor_controller_msgs/msg/rosidl_generator_c__visibility_control.h
[1.895s] -- Up-to-date: /home/kevo/robotics_inc/control_kit_ws/install/ros2_motor_controller_msgs/include/ros2_motor_controller_msgs/ros2_motor_controller_msgs/msg/detail
[1.896s] -- Up-to-date: /home/kevo/robotics_inc/control_kit_ws/install/ros2_motor_controller_msgs/include/ros2_motor_controller_msgs/ros2_motor_controller_msgs/msg/detail/velocity_feedback__struct.h
[1.896s] -- Up-to-date: /home/kevo/robotics_inc/control_kit_ws/install/ros2_motor_controller_msgs/include/ros2_motor_controller_msgs/ros2_motor_controller_msgs/msg/detail/velocity_feedback__functions.c
[1.898s] -- Up-to-date: /home/kevo/robotics_inc/control_kit_ws/install/ros2_motor_controller_msgs/include/ros2_motor_controller_msgs/ros2_motor_controller_msgs/msg/detail/velocity_feedback__type_support.h
[1.898s] -- Up-to-date: /home/kevo/robotics_inc/control_kit_ws/install/ros2_motor_controller_msgs/include/ros2_motor_controller_msgs/ros2_motor_controller_msgs/msg/detail/velocity_feedback__functions.h
[1.898s] -- Up-to-date: /home/kevo/robotics_inc/control_kit_ws/install/ros2_motor_controller_msgs/share/ros2_motor_controller_msgs/environment/library_path.sh
[1.899s] -- Up-to-date: /home/kevo/robotics_inc/control_kit_ws/install/ros2_motor_controller_msgs/share/ros2_motor_controller_msgs/environment/library_path.dsv
[1.899s] -- Up-to-date: /home/kevo/robotics_inc/control_kit_ws/install/ros2_motor_controller_msgs/lib/libros2_motor_controller_msgs__rosidl_generator_c.so
[1.899s] -- Up-to-date: /home/kevo/robotics_inc/control_kit_ws/install/ros2_motor_controller_msgs/include/ros2_motor_controller_msgs/ros2_motor_controller_msgs
[1.900s] -- Up-to-date: /home/kevo/robotics_inc/control_kit_ws/install/ros2_motor_controller_msgs/include/ros2_motor_controller_msgs/ros2_motor_controller_msgs/srv
[1.900s] -- Up-to-date: /home/kevo/robotics_inc/control_kit_ws/install/ros2_motor_controller_msgs/include/ros2_motor_controller_msgs/ros2_motor_controller_msgs/srv/detail
[1.900s] -- Up-to-date: /home/kevo/robotics_inc/control_kit_ws/install/ros2_motor_controller_msgs/include/ros2_motor_controller_msgs/ros2_motor_controller_msgs/srv/detail/keyboard_commands__rosidl_typesupport_fastrtps_c.h
[1.901s] -- Up-to-date: /home/kevo/robotics_inc/control_kit_ws/install/ros2_motor_controller_msgs/include/ros2_motor_controller_msgs/ros2_motor_controller_msgs/msg
[1.901s] -- Up-to-date: /home/kevo/robotics_inc/control_kit_ws/install/ros2_motor_controller_msgs/include/ros2_motor_controller_msgs/ros2_motor_controller_msgs/msg/rosidl_typesupport_fastrtps_c__visibility_control.h
[1.901s] -- Up-to-date: /home/kevo/robotics_inc/control_kit_ws/install/ros2_motor_controller_msgs/include/ros2_motor_controller_msgs/ros2_motor_controller_msgs/msg/detail
[1.902s] -- Up-to-date: /home/kevo/robotics_inc/control_kit_ws/install/ros2_motor_controller_msgs/include/ros2_motor_controller_msgs/ros2_motor_controller_msgs/msg/detail/velocity_feedback__rosidl_typesupport_fastrtps_c.h
[1.902s] -- Up-to-date: /home/kevo/robotics_inc/control_kit_ws/install/ros2_motor_controller_msgs/lib/libros2_motor_controller_msgs__rosidl_typesupport_fastrtps_c.so
[1.903s] -- Up-to-date: /home/kevo/robotics_inc/control_kit_ws/install/ros2_motor_controller_msgs/include/ros2_motor_controller_msgs/ros2_motor_controller_msgs
[1.903s] -- Up-to-date: /home/kevo/robotics_inc/control_kit_ws/install/ros2_motor_controller_msgs/include/ros2_motor_controller_msgs/ros2_motor_controller_msgs/srv
[1.903s] -- Up-to-date: /home/kevo/robotics_inc/control_kit_ws/install/ros2_motor_controller_msgs/include/ros2_motor_controller_msgs/ros2_motor_controller_msgs/srv/keyboard_commands.hpp
[1.903s] -- Up-to-date: /home/kevo/robotics_inc/control_kit_ws/install/ros2_motor_controller_msgs/include/ros2_motor_controller_msgs/ros2_motor_controller_msgs/srv/detail
[1.904s] -- Up-to-date: /home/kevo/robotics_inc/control_kit_ws/install/ros2_motor_controller_msgs/include/ros2_motor_controller_msgs/ros2_motor_controller_msgs/srv/detail/keyboard_commands__traits.hpp
[1.904s] -- Up-to-date: /home/kevo/robotics_inc/control_kit_ws/install/ros2_motor_controller_msgs/include/ros2_motor_controller_msgs/ros2_motor_controller_msgs/srv/detail/keyboard_commands__builder.hpp
[1.905s] -- Up-to-date: /home/kevo/robotics_inc/control_kit_ws/install/ros2_motor_controller_msgs/include/ros2_motor_controller_msgs/ros2_motor_controller_msgs/srv/detail/keyboard_commands__struct.hpp
[1.905s] -- Up-to-date: /home/kevo/robotics_inc/control_kit_ws/install/ros2_motor_controller_msgs/include/ros2_motor_controller_msgs/ros2_motor_controller_msgs/msg
[1.905s] -- Up-to-date: /home/kevo/robotics_inc/control_kit_ws/install/ros2_motor_controller_msgs/include/ros2_motor_controller_msgs/ros2_motor_controller_msgs/msg/velocity_feedback.hpp
[1.905s] -- Up-to-date: /home/kevo/robotics_inc/control_kit_ws/install/ros2_motor_controller_msgs/include/ros2_motor_controller_msgs/ros2_motor_controller_msgs/msg/detail
[1.905s] -- Up-to-date: /home/kevo/robotics_inc/control_kit_ws/install/ros2_motor_controller_msgs/include/ros2_motor_controller_msgs/ros2_motor_controller_msgs/msg/detail/velocity_feedback__traits.hpp
[1.905s] -- Up-to-date: /home/kevo/robotics_inc/control_kit_ws/install/ros2_motor_controller_msgs/include/ros2_motor_controller_msgs/ros2_motor_controller_msgs/msg/detail/velocity_feedback__struct.hpp
[1.905s] -- Up-to-date: /home/kevo/robotics_inc/control_kit_ws/install/ros2_motor_controller_msgs/include/ros2_motor_controller_msgs/ros2_motor_controller_msgs/msg/detail/velocity_feedback__builder.hpp
[1.906s] -- Up-to-date: /home/kevo/robotics_inc/control_kit_ws/install/ros2_motor_controller_msgs/include/ros2_motor_controller_msgs/ros2_motor_controller_msgs
[1.906s] -- Up-to-date: /home/kevo/robotics_inc/control_kit_ws/install/ros2_motor_controller_msgs/include/ros2_motor_controller_msgs/ros2_motor_controller_msgs/srv
[1.906s] -- Up-to-date: /home/kevo/robotics_inc/control_kit_ws/install/ros2_motor_controller_msgs/include/ros2_motor_controller_msgs/ros2_motor_controller_msgs/srv/detail
[1.906s] -- Up-to-date: /home/kevo/robotics_inc/control_kit_ws/install/ros2_motor_controller_msgs/include/ros2_motor_controller_msgs/ros2_motor_controller_msgs/srv/detail/keyboard_commands__rosidl_typesupport_fastrtps_cpp.hpp
[1.906s] -- Up-to-date: /home/kevo/robotics_inc/control_kit_ws/install/ros2_motor_controller_msgs/include/ros2_motor_controller_msgs/ros2_motor_controller_msgs/srv/detail/dds_fastrtps
[1.906s] -- Up-to-date: /home/kevo/robotics_inc/control_kit_ws/install/ros2_motor_controller_msgs/include/ros2_motor_controller_msgs/ros2_motor_controller_msgs/msg
[1.906s] -- Up-to-date: /home/kevo/robotics_inc/control_kit_ws/install/ros2_motor_controller_msgs/include/ros2_motor_controller_msgs/ros2_motor_controller_msgs/msg/rosidl_typesupport_fastrtps_cpp__visibility_control.h
[1.907s] -- Up-to-date: /home/kevo/robotics_inc/control_kit_ws/install/ros2_motor_controller_msgs/include/ros2_motor_controller_msgs/ros2_motor_controller_msgs/msg/detail
[1.907s] -- Up-to-date: /home/kevo/robotics_inc/control_kit_ws/install/ros2_motor_controller_msgs/include/ros2_motor_controller_msgs/ros2_motor_controller_msgs/msg/detail/velocity_feedback__rosidl_typesupport_fastrtps_cpp.hpp
[1.907s] -- Up-to-date: /home/kevo/robotics_inc/control_kit_ws/install/ros2_motor_controller_msgs/include/ros2_motor_controller_msgs/ros2_motor_controller_msgs/msg/detail/dds_fastrtps
[1.907s] -- Up-to-date: /home/kevo/robotics_inc/control_kit_ws/install/ros2_motor_controller_msgs/lib/libros2_motor_controller_msgs__rosidl_typesupport_fastrtps_cpp.so
[1.907s] -- Up-to-date: /home/kevo/robotics_inc/control_kit_ws/install/ros2_motor_controller_msgs/include/ros2_motor_controller_msgs/ros2_motor_controller_msgs
[1.907s] -- Up-to-date: /home/kevo/robotics_inc/control_kit_ws/install/ros2_motor_controller_msgs/include/ros2_motor_controller_msgs/ros2_motor_controller_msgs/srv
[1.908s] -- Up-to-date: /home/kevo/robotics_inc/control_kit_ws/install/ros2_motor_controller_msgs/include/ros2_motor_controller_msgs/ros2_motor_controller_msgs/srv/detail
[1.908s] -- Up-to-date: /home/kevo/robotics_inc/control_kit_ws/install/ros2_motor_controller_msgs/include/ros2_motor_controller_msgs/ros2_motor_controller_msgs/srv/detail/keyboard_commands__type_support.c
[1.908s] -- Up-to-date: /home/kevo/robotics_inc/control_kit_ws/install/ros2_motor_controller_msgs/include/ros2_motor_controller_msgs/ros2_motor_controller_msgs/srv/detail/keyboard_commands__rosidl_typesupport_introspection_c.h
[1.908s] -- Up-to-date: /home/kevo/robotics_inc/control_kit_ws/install/ros2_motor_controller_msgs/include/ros2_motor_controller_msgs/ros2_motor_controller_msgs/msg
[1.908s] -- Up-to-date: /home/kevo/robotics_inc/control_kit_ws/install/ros2_motor_controller_msgs/include/ros2_motor_controller_msgs/ros2_motor_controller_msgs/msg/rosidl_typesupport_introspection_c__visibility_control.h
[1.908s] -- Up-to-date: /home/kevo/robotics_inc/control_kit_ws/install/ros2_motor_controller_msgs/include/ros2_motor_controller_msgs/ros2_motor_controller_msgs/msg/detail
[1.908s] -- Up-to-date: /home/kevo/robotics_inc/control_kit_ws/install/ros2_motor_controller_msgs/include/ros2_motor_controller_msgs/ros2_motor_controller_msgs/msg/detail/velocity_feedback__rosidl_typesupport_introspection_c.h
[1.909s] -- Up-to-date: /home/kevo/robotics_inc/control_kit_ws/install/ros2_motor_controller_msgs/include/ros2_motor_controller_msgs/ros2_motor_controller_msgs/msg/detail/velocity_feedback__type_support.c
[1.909s] -- Up-to-date: /home/kevo/robotics_inc/control_kit_ws/install/ros2_motor_controller_msgs/lib/libros2_motor_controller_msgs__rosidl_typesupport_introspection_c.so
[1.909s] -- Up-to-date: /home/kevo/robotics_inc/control_kit_ws/install/ros2_motor_controller_msgs/lib/libros2_motor_controller_msgs__rosidl_typesupport_c.so
[1.909s] -- Up-to-date: /home/kevo/robotics_inc/control_kit_ws/install/ros2_motor_controller_msgs/include/ros2_motor_controller_msgs/ros2_motor_controller_msgs
[1.909s] -- Up-to-date: /home/kevo/robotics_inc/control_kit_ws/install/ros2_motor_controller_msgs/include/ros2_motor_controller_msgs/ros2_motor_controller_msgs/srv
[1.909s] -- Up-to-date: /home/kevo/robotics_inc/control_kit_ws/install/ros2_motor_controller_msgs/include/ros2_motor_controller_msgs/ros2_motor_controller_msgs/srv/detail
[1.910s] -- Up-to-date: /home/kevo/robotics_inc/control_kit_ws/install/ros2_motor_controller_msgs/include/ros2_motor_controller_msgs/ros2_motor_controller_msgs/srv/detail/keyboard_commands__rosidl_typesupport_introspection_cpp.hpp
[1.910s] -- Up-to-date: /home/kevo/robotics_inc/control_kit_ws/install/ros2_motor_controller_msgs/include/ros2_motor_controller_msgs/ros2_motor_controller_msgs/srv/detail/keyboard_commands__type_support.cpp
[1.910s] -- Up-to-date: /home/kevo/robotics_inc/control_kit_ws/install/ros2_motor_controller_msgs/include/ros2_motor_controller_msgs/ros2_motor_controller_msgs/msg
[1.910s] -- Up-to-date: /home/kevo/robotics_inc/control_kit_ws/install/ros2_motor_controller_msgs/include/ros2_motor_controller_msgs/ros2_motor_controller_msgs/msg/detail
[1.910s] -- Up-to-date: /home/kevo/robotics_inc/control_kit_ws/install/ros2_motor_controller_msgs/include/ros2_motor_controller_msgs/ros2_motor_controller_msgs/msg/detail/velocity_feedback__type_support.cpp
[1.910s] -- Up-to-date: /home/kevo/robotics_inc/control_kit_ws/install/ros2_motor_controller_msgs/include/ros2_motor_controller_msgs/ros2_motor_controller_msgs/msg/detail/velocity_feedback__rosidl_typesupport_introspection_cpp.hpp
[1.910s] -- Up-to-date: /home/kevo/robotics_inc/control_kit_ws/install/ros2_motor_controller_msgs/lib/libros2_motor_controller_msgs__rosidl_typesupport_introspection_cpp.so
[1.911s] -- Up-to-date: /home/kevo/robotics_inc/control_kit_ws/install/ros2_motor_controller_msgs/lib/libros2_motor_controller_msgs__rosidl_typesupport_cpp.so
[1.911s] -- Up-to-date: /home/kevo/robotics_inc/control_kit_ws/install/ros2_motor_controller_msgs/share/ros2_motor_controller_msgs/environment/pythonpath.sh
[1.911s] -- Up-to-date: /home/kevo/robotics_inc/control_kit_ws/install/ros2_motor_controller_msgs/share/ros2_motor_controller_msgs/environment/pythonpath.dsv
[1.911s] -- Up-to-date: /home/kevo/robotics_inc/control_kit_ws/install/ros2_motor_controller_msgs/local/lib/python3.10/dist-packages/ros2_motor_controller_msgs-0.0.0-py3.10.egg-info
[1.912s] -- Installing: /home/kevo/robotics_inc/control_kit_ws/install/ros2_motor_controller_msgs/local/lib/python3.10/dist-packages/ros2_motor_controller_msgs-0.0.0-py3.10.egg-info/top_level.txt
[1.912s] -- Installing: /home/kevo/robotics_inc/control_kit_ws/install/ros2_motor_controller_msgs/local/lib/python3.10/dist-packages/ros2_motor_controller_msgs-0.0.0-py3.10.egg-info/dependency_links.txt
[1.912s] -- Installing: /home/kevo/robotics_inc/control_kit_ws/install/ros2_motor_controller_msgs/local/lib/python3.10/dist-packages/ros2_motor_controller_msgs-0.0.0-py3.10.egg-info/SOURCES.txt
[1.912s] -- Installing: /home/kevo/robotics_inc/control_kit_ws/install/ros2_motor_controller_msgs/local/lib/python3.10/dist-packages/ros2_motor_controller_msgs-0.0.0-py3.10.egg-info/PKG-INFO
[1.912s] -- Up-to-date: /home/kevo/robotics_inc/control_kit_ws/install/ros2_motor_controller_msgs/local/lib/python3.10/dist-packages/ros2_motor_controller_msgs
[1.912s] -- Up-to-date: /home/kevo/robotics_inc/control_kit_ws/install/ros2_motor_controller_msgs/local/lib/python3.10/dist-packages/ros2_motor_controller_msgs/srv
[1.913s] -- Up-to-date: /home/kevo/robotics_inc/control_kit_ws/install/ros2_motor_controller_msgs/local/lib/python3.10/dist-packages/ros2_motor_controller_msgs/srv/_keyboard_commands_s.c
[1.913s] -- Up-to-date: /home/kevo/robotics_inc/control_kit_ws/install/ros2_motor_controller_msgs/local/lib/python3.10/dist-packages/ros2_motor_controller_msgs/srv/_keyboard_commands.py
[1.913s] -- Up-to-date: /home/kevo/robotics_inc/control_kit_ws/install/ros2_motor_controller_msgs/local/lib/python3.10/dist-packages/ros2_motor_controller_msgs/srv/__init__.py
[1.913s] -- Up-to-date: /home/kevo/robotics_inc/control_kit_ws/install/ros2_motor_controller_msgs/local/lib/python3.10/dist-packages/ros2_motor_controller_msgs/_ros2_motor_controller_msgs_s.ep.rosidl_typesupport_introspection_c.c
[1.913s] -- Up-to-date: /home/kevo/robotics_inc/control_kit_ws/install/ros2_motor_controller_msgs/local/lib/python3.10/dist-packages/ros2_motor_controller_msgs/libros2_motor_controller_msgs__rosidl_generator_py.so
[1.913s] -- Up-to-date: /home/kevo/robotics_inc/control_kit_ws/install/ros2_motor_controller_msgs/local/lib/python3.10/dist-packages/ros2_motor_controller_msgs/msg
[1.914s] -- Up-to-date: /home/kevo/robotics_inc/control_kit_ws/install/ros2_motor_controller_msgs/local/lib/python3.10/dist-packages/ros2_motor_controller_msgs/msg/_velocity_feedback_s.c
[1.914s] -- Up-to-date: /home/kevo/robotics_inc/control_kit_ws/install/ros2_motor_controller_msgs/local/lib/python3.10/dist-packages/ros2_motor_controller_msgs/msg/_velocity_feedback.py
[1.914s] -- Up-to-date: /home/kevo/robotics_inc/control_kit_ws/install/ros2_motor_controller_msgs/local/lib/python3.10/dist-packages/ros2_motor_controller_msgs/msg/__init__.py
[1.914s] -- Up-to-date: /home/kevo/robotics_inc/control_kit_ws/install/ros2_motor_controller_msgs/local/lib/python3.10/dist-packages/ros2_motor_controller_msgs/ros2_motor_controller_msgs_s__rosidl_typesupport_c.cpython-310-x86_64-linux-gnu.so
[1.914s] -- Up-to-date: /home/kevo/robotics_inc/control_kit_ws/install/ros2_motor_controller_msgs/local/lib/python3.10/dist-packages/ros2_motor_controller_msgs/_ros2_motor_controller_msgs_s.ep.rosidl_typesupport_c.c
[1.915s] -- Up-to-date: /home/kevo/robotics_inc/control_kit_ws/install/ros2_motor_controller_msgs/local/lib/python3.10/dist-packages/ros2_motor_controller_msgs/_ros2_motor_controller_msgs_s.ep.rosidl_typesupport_fastrtps_c.c
[1.915s] -- Up-to-date: /home/kevo/robotics_inc/control_kit_ws/install/ros2_motor_controller_msgs/local/lib/python3.10/dist-packages/ros2_motor_controller_msgs/ros2_motor_controller_msgs_s__rosidl_typesupport_fastrtps_c.cpython-310-x86_64-linux-gnu.so
[1.915s] -- Up-to-date: /home/kevo/robotics_inc/control_kit_ws/install/ros2_motor_controller_msgs/local/lib/python3.10/dist-packages/ros2_motor_controller_msgs/__init__.py
[1.915s] -- Up-to-date: /home/kevo/robotics_inc/control_kit_ws/install/ros2_motor_controller_msgs/local/lib/python3.10/dist-packages/ros2_motor_controller_msgs/ros2_motor_controller_msgs_s__rosidl_typesupport_introspection_c.cpython-310-x86_64-linux-gnu.so
[2.017s] Listing '/home/kevo/robotics_inc/control_kit_ws/install/ros2_motor_controller_msgs/local/lib/python3.10/dist-packages/ros2_motor_controller_msgs'...
[2.018s] Listing '/home/kevo/robotics_inc/control_kit_ws/install/ros2_motor_controller_msgs/local/lib/python3.10/dist-packages/ros2_motor_controller_msgs/msg'...
[2.018s] Listing '/home/kevo/robotics_inc/control_kit_ws/install/ros2_motor_controller_msgs/local/lib/python3.10/dist-packages/ros2_motor_controller_msgs/srv'...
[2.036s] -- Up-to-date: /home/kevo/robotics_inc/control_kit_ws/install/ros2_motor_controller_msgs/local/lib/python3.10/dist-packages/ros2_motor_controller_msgs/ros2_motor_controller_msgs_s__rosidl_typesupport_fastrtps_c.cpython-310-x86_64-linux-gnu.so
[2.037s] -- Up-to-date: /home/kevo/robotics_inc/control_kit_ws/install/ros2_motor_controller_msgs/local/lib/python3.10/dist-packages/ros2_motor_controller_msgs/ros2_motor_controller_msgs_s__rosidl_typesupport_introspection_c.cpython-310-x86_64-linux-gnu.so
[2.038s] -- Up-to-date: /home/kevo/robotics_inc/control_kit_ws/install/ros2_motor_controller_msgs/local/lib/python3.10/dist-packages/ros2_motor_controller_msgs/ros2_motor_controller_msgs_s__rosidl_typesupport_c.cpython-310-x86_64-linux-gnu.so
[2.038s] -- Up-to-date: /home/kevo/robotics_inc/control_kit_ws/install/ros2_motor_controller_msgs/lib/libros2_motor_controller_msgs__rosidl_generator_py.so
[2.038s] -- Up-to-date: /home/kevo/robotics_inc/control_kit_ws/install/ros2_motor_controller_msgs/share/ros2_motor_controller_msgs/srv/KeyboardCommands.idl
[2.038s] -- Up-to-date: /home/kevo/robotics_inc/control_kit_ws/install/ros2_motor_controller_msgs/share/ros2_motor_controller_msgs/msg/VelocityFeedback.idl
[2.039s] -- Up-to-date: /home/kevo/robotics_inc/control_kit_ws/install/ros2_motor_controller_msgs/share/ros2_motor_controller_msgs/srv/KeyboardCommands.srv
[2.039s] -- Up-to-date: /home/kevo/robotics_inc/control_kit_ws/install/ros2_motor_controller_msgs/share/ros2_motor_controller_msgs/srv/KeyboardCommands_Request.msg
[2.039s] -- Up-to-date: /home/kevo/robotics_inc/control_kit_ws/install/ros2_motor_controller_msgs/share/ros2_motor_controller_msgs/srv/KeyboardCommands_Response.msg
[2.039s] -- Up-to-date: /home/kevo/robotics_inc/control_kit_ws/install/ros2_motor_controller_msgs/share/ros2_motor_controller_msgs/msgs/VelocityFeedback.msg
[2.039s] -- Up-to-date: /home/kevo/robotics_inc/control_kit_ws/install/ros2_motor_controller_msgs/share/ament_index/resource_index/package_run_dependencies/ros2_motor_controller_msgs
[2.040s] -- Up-to-date: /home/kevo/robotics_inc/control_kit_ws/install/ros2_motor_controller_msgs/share/ament_index/resource_index/parent_prefix_path/ros2_motor_controller_msgs
[2.040s] -- Up-to-date: /home/kevo/robotics_inc/control_kit_ws/install/ros2_motor_controller_msgs/share/ros2_motor_controller_msgs/environment/ament_prefix_path.sh
[2.040s] -- Up-to-date: /home/kevo/robotics_inc/control_kit_ws/install/ros2_motor_controller_msgs/share/ros2_motor_controller_msgs/environment/ament_prefix_path.dsv
[2.040s] -- Up-to-date: /home/kevo/robotics_inc/control_kit_ws/install/ros2_motor_controller_msgs/share/ros2_motor_controller_msgs/environment/path.sh
[2.040s] -- Up-to-date: /home/kevo/robotics_inc/control_kit_ws/install/ros2_motor_controller_msgs/share/ros2_motor_controller_msgs/environment/path.dsv
[2.040s] -- Up-to-date: /home/kevo/robotics_inc/control_kit_ws/install/ros2_motor_controller_msgs/share/ros2_motor_controller_msgs/local_setup.bash
[2.041s] -- Up-to-date: /home/kevo/robotics_inc/control_kit_ws/install/ros2_motor_controller_msgs/share/ros2_motor_controller_msgs/local_setup.sh
[2.042s] -- Up-to-date: /home/kevo/robotics_inc/control_kit_ws/install/ros2_motor_controller_msgs/share/ros2_motor_controller_msgs/local_setup.zsh
[2.042s] -- Up-to-date: /home/kevo/robotics_inc/control_kit_ws/install/ros2_motor_controller_msgs/share/ros2_motor_controller_msgs/local_setup.dsv
[2.042s] -- Installing: /home/kevo/robotics_inc/control_kit_ws/install/ros2_motor_controller_msgs/share/ros2_motor_controller_msgs/package.dsv
[2.043s] -- Up-to-date: /home/kevo/robotics_inc/control_kit_ws/install/ros2_motor_controller_msgs/share/ament_index/resource_index/packages/ros2_motor_controller_msgs
[2.043s] -- Up-to-date: /home/kevo/robotics_inc/control_kit_ws/install/ros2_motor_controller_msgs/share/ros2_motor_controller_msgs/cmake/export_ros2_motor_controller_msgs__rosidl_generator_cExport.cmake
[2.043s] -- Up-to-date: /home/kevo/robotics_inc/control_kit_ws/install/ros2_motor_controller_msgs/share/ros2_motor_controller_msgs/cmake/export_ros2_motor_controller_msgs__rosidl_generator_cExport-noconfig.cmake
[2.043s] -- Up-to-date: /home/kevo/robotics_inc/control_kit_ws/install/ros2_motor_controller_msgs/share/ros2_motor_controller_msgs/cmake/export_ros2_motor_controller_msgs__rosidl_typesupport_fastrtps_cExport.cmake
[2.043s] -- Up-to-date: /home/kevo/robotics_inc/control_kit_ws/install/ros2_motor_controller_msgs/share/ros2_motor_controller_msgs/cmake/export_ros2_motor_controller_msgs__rosidl_typesupport_fastrtps_cExport-noconfig.cmake
[2.043s] -- Up-to-date: /home/kevo/robotics_inc/control_kit_ws/install/ros2_motor_controller_msgs/share/ros2_motor_controller_msgs/cmake/export_ros2_motor_controller_msgs__rosidl_generator_cppExport.cmake
[2.043s] -- Up-to-date: /home/kevo/robotics_inc/control_kit_ws/install/ros2_motor_controller_msgs/share/ros2_motor_controller_msgs/cmake/export_ros2_motor_controller_msgs__rosidl_typesupport_fastrtps_cppExport.cmake
[2.044s] -- Up-to-date: /home/kevo/robotics_inc/control_kit_ws/install/ros2_motor_controller_msgs/share/ros2_motor_controller_msgs/cmake/export_ros2_motor_controller_msgs__rosidl_typesupport_fastrtps_cppExport-noconfig.cmake
[2.044s] -- Up-to-date: /home/kevo/robotics_inc/control_kit_ws/install/ros2_motor_controller_msgs/share/ros2_motor_controller_msgs/cmake/ros2_motor_controller_msgs__rosidl_typesupport_introspection_cExport.cmake
[2.044s] -- Up-to-date: /home/kevo/robotics_inc/control_kit_ws/install/ros2_motor_controller_msgs/share/ros2_motor_controller_msgs/cmake/ros2_motor_controller_msgs__rosidl_typesupport_introspection_cExport-noconfig.cmake
[2.044s] -- Up-to-date: /home/kevo/robotics_inc/control_kit_ws/install/ros2_motor_controller_msgs/share/ros2_motor_controller_msgs/cmake/ros2_motor_controller_msgs__rosidl_typesupport_cExport.cmake
[2.044s] -- Up-to-date: /home/kevo/robotics_inc/control_kit_ws/install/ros2_motor_controller_msgs/share/ros2_motor_controller_msgs/cmake/ros2_motor_controller_msgs__rosidl_typesupport_cExport-noconfig.cmake
[2.045s] -- Up-to-date: /home/kevo/robotics_inc/control_kit_ws/install/ros2_motor_controller_msgs/share/ros2_motor_controller_msgs/cmake/ros2_motor_controller_msgs__rosidl_typesupport_introspection_cppExport.cmake
[2.045s] -- Up-to-date: /home/kevo/robotics_inc/control_kit_ws/install/ros2_motor_controller_msgs/share/ros2_motor_controller_msgs/cmake/ros2_motor_controller_msgs__rosidl_typesupport_introspection_cppExport-noconfig.cmake
[2.047s] -- Up-to-date: /home/kevo/robotics_inc/control_kit_ws/install/ros2_motor_controller_msgs/share/ros2_motor_controller_msgs/cmake/ros2_motor_controller_msgs__rosidl_typesupport_cppExport.cmake
[2.047s] -- Up-to-date: /home/kevo/robotics_inc/control_kit_ws/install/ros2_motor_controller_msgs/share/ros2_motor_controller_msgs/cmake/ros2_motor_controller_msgs__rosidl_typesupport_cppExport-noconfig.cmake
[2.048s] -- Up-to-date: /home/kevo/robotics_inc/control_kit_ws/install/ros2_motor_controller_msgs/share/ros2_motor_controller_msgs/cmake/export_ros2_motor_controller_msgs__rosidl_generator_pyExport.cmake
[2.048s] -- Up-to-date: /home/kevo/robotics_inc/control_kit_ws/install/ros2_motor_controller_msgs/share/ros2_motor_controller_msgs/cmake/export_ros2_motor_controller_msgs__rosidl_generator_pyExport-noconfig.cmake
[2.048s] -- Up-to-date: /home/kevo/robotics_inc/control_kit_ws/install/ros2_motor_controller_msgs/share/ros2_motor_controller_msgs/cmake/rosidl_cmake-extras.cmake
[2.048s] -- Up-to-date: /home/kevo/robotics_inc/control_kit_ws/install/ros2_motor_controller_msgs/share/ros2_motor_controller_msgs/cmake/ament_cmake_export_dependencies-extras.cmake
[2.049s] -- Up-to-date: /home/kevo/robotics_inc/control_kit_ws/install/ros2_motor_controller_msgs/share/ros2_motor_controller_msgs/cmake/ament_cmake_export_include_directories-extras.cmake
[2.049s] -- Up-to-date: /home/kevo/robotics_inc/control_kit_ws/install/ros2_motor_controller_msgs/share/ros2_motor_controller_msgs/cmake/ament_cmake_export_libraries-extras.cmake
[2.049s] -- Up-to-date: /home/kevo/robotics_inc/control_kit_ws/install/ros2_motor_controller_msgs/share/ros2_motor_controller_msgs/cmake/ament_cmake_export_targets-extras.cmake
[2.049s] -- Up-to-date: /home/kevo/robotics_inc/control_kit_ws/install/ros2_motor_controller_msgs/share/ros2_motor_controller_msgs/cmake/rosidl_cmake_export_typesupport_targets-extras.cmake
[2.050s] -- Up-to-date: /home/kevo/robotics_inc/control_kit_ws/install/ros2_motor_controller_msgs/share/ros2_motor_controller_msgs/cmake/rosidl_cmake_export_typesupport_libraries-extras.cmake
[2.050s] -- Up-to-date: /home/kevo/robotics_inc/control_kit_ws/install/ros2_motor_controller_msgs/share/ros2_motor_controller_msgs/cmake/ros2_motor_controller_msgsConfig.cmake
[2.050s] -- Up-to-date: /home/kevo/robotics_inc/control_kit_ws/install/ros2_motor_controller_msgs/share/ros2_motor_controller_msgs/cmake/ros2_motor_controller_msgsConfig-version.cmake
[2.050s] -- Up-to-date: /home/kevo/robotics_inc/control_kit_ws/install/ros2_motor_controller_msgs/share/ros2_motor_controller_msgs/package.xml
[2.056s] Invoked command in '/home/kevo/robotics_inc/control_kit_ws/build/ros2_motor_controller_msgs' returned '0': CMAKE_PREFIX_PATH=${CMAKE_PREFIX_PATH}:/home/kevo/robotics_inc/control_kit_ws/install/encoded_dc_motor_kit_data_proccessing:/home/kevo/ws_moveit2/install/moveit_configs_utils:/home/kevo/ws_moveit2/install/launch_param_builder:/opt/ros/humble /usr/bin/cmake --install /home/kevo/robotics_inc/control_kit_ws/build/ros2_motor_controller_msgs
