[1.468s] Invoking command in '/home/kevo/robotics_inc/control_kit_ws/build/encoded_dc_motor_kit_description': CMAKE_PREFIX_PATH=${CMAKE_PREFIX_PATH}:/home/kevo/robotics_inc/control_kit_ws/install/encoded_dc_motor_kit_data_proccessing:/home/kevo/ws_moveit2/install/moveit_configs_utils:/home/kevo/ws_moveit2/install/launch_param_builder:/opt/ros/humble /usr/bin/cmake --build /home/kevo/robotics_inc/control_kit_ws/build/encoded_dc_motor_kit_description -- -j8 -l8
[1.608s] Invoked command in '/home/kevo/robotics_inc/control_kit_ws/build/encoded_dc_motor_kit_description' returned '0': CMAKE_PREFIX_PATH=${CMAKE_PREFIX_PATH}:/home/kevo/robotics_inc/control_kit_ws/install/encoded_dc_motor_kit_data_proccessing:/home/kevo/ws_moveit2/install/moveit_configs_utils:/home/kevo/ws_moveit2/install/launch_param_builder:/opt/ros/humble /usr/bin/cmake --build /home/kevo/robotics_inc/control_kit_ws/build/encoded_dc_motor_kit_description -- -j8 -l8
[1.713s] Invoking command in '/home/kevo/robotics_inc/control_kit_ws/build/encoded_dc_motor_kit_description': CMAKE_PREFIX_PATH=${CMAKE_PREFIX_PATH}:/home/kevo/robotics_inc/control_kit_ws/install/encoded_dc_motor_kit_data_proccessing:/home/kevo/ws_moveit2/install/moveit_configs_utils:/home/kevo/ws_moveit2/install/launch_param_builder:/opt/ros/humble /usr/bin/cmake --install /home/kevo/robotics_inc/control_kit_ws/build/encoded_dc_motor_kit_description
[1.747s] -- Install configuration: ""
[1.747s] -- Up-to-date: /home/kevo/robotics_inc/control_kit_ws/install/encoded_dc_motor_kit_description/share/encoded_dc_motor_kit_description/meshes
[1.747s] -- Up-to-date: /home/kevo/robotics_inc/control_kit_ws/install/encoded_dc_motor_kit_description/share/encoded_dc_motor_kit_description/meshes/shaft_v2_1.stl:Zone.Identifier
[1.747s] -- Up-to-date: /home/kevo/robotics_inc/control_kit_ws/install/encoded_dc_motor_kit_description/share/encoded_dc_motor_kit_description/meshes/hum_v3_1.stl:Zone.Identifier:Zone.Identifier
[1.747s] -- Up-to-date: /home/kevo/robotics_inc/control_kit_ws/install/encoded_dc_motor_kit_description/share/encoded_dc_motor_kit_description/meshes/sides_v2_2.stl:Zone.Identifier:Zone.Identifier
[1.747s] -- Up-to-date: /home/kevo/robotics_inc/control_kit_ws/install/encoded_dc_motor_kit_description/share/encoded_dc_motor_kit_description/meshes/back_plate.stl:Zone.Identifier:Zone.Identifier
[1.748s] -- Up-to-date: /home/kevo/robotics_inc/control_kit_ws/install/encoded_dc_motor_kit_description/share/encoded_dc_motor_kit_description/meshes/hum_v3_1.stl:Zone.Identifier
[1.748s] -- Up-to-date: /home/kevo/robotics_inc/control_kit_ws/install/encoded_dc_motor_kit_description/share/encoded_dc_motor_kit_description/meshes/shaft_v2_1.stl
[1.748s] -- Up-to-date: /home/kevo/robotics_inc/control_kit_ws/install/encoded_dc_motor_kit_description/share/encoded_dc_motor_kit_description/meshes/sides_v2_1.stl:Zone.Identifier:Zone.Identifier
[1.748s] -- Up-to-date: /home/kevo/robotics_inc/control_kit_ws/install/encoded_dc_motor_kit_description/share/encoded_dc_motor_kit_description/meshes/motor_driver.stl:Zone.Identifier
[1.748s] -- Up-to-date: /home/kevo/robotics_inc/control_kit_ws/install/encoded_dc_motor_kit_description/share/encoded_dc_motor_kit_description/meshes/base_link.stl
[1.748s] -- Up-to-date: /home/kevo/robotics_inc/control_kit_ws/install/encoded_dc_motor_kit_description/share/encoded_dc_motor_kit_description/meshes/sides_v2_2.stl
[1.748s] -- Up-to-date: /home/kevo/robotics_inc/control_kit_ws/install/encoded_dc_motor_kit_description/share/encoded_dc_motor_kit_description/meshes/back_plate.stl
[1.749s] -- Up-to-date: /home/kevo/robotics_inc/control_kit_ws/install/encoded_dc_motor_kit_description/share/encoded_dc_motor_kit_description/meshes/back_plate.stl:Zone.Identifier
[1.749s] -- Up-to-date: /home/kevo/robotics_inc/control_kit_ws/install/encoded_dc_motor_kit_description/share/encoded_dc_motor_kit_description/meshes/motor.stl
[1.749s] -- Up-to-date: /home/kevo/robotics_inc/control_kit_ws/install/encoded_dc_motor_kit_description/share/encoded_dc_motor_kit_description/meshes/shaft_v2_1.stl:Zone.Identifier:Zone.Identifier
[1.749s] -- Up-to-date: /home/kevo/robotics_inc/control_kit_ws/install/encoded_dc_motor_kit_description/share/encoded_dc_motor_kit_description/meshes/motor_front.stl:Zone.Identifier:Zone.Identifier
[1.749s] -- Up-to-date: /home/kevo/robotics_inc/control_kit_ws/install/encoded_dc_motor_kit_description/share/encoded_dc_motor_kit_description/meshes/sides_v2_1.stl
[1.749s] -- Up-to-date: /home/kevo/robotics_inc/control_kit_ws/install/encoded_dc_motor_kit_description/share/encoded_dc_motor_kit_description/meshes/base_link.stl:Zone.Identifier
[1.749s] -- Up-to-date: /home/kevo/robotics_inc/control_kit_ws/install/encoded_dc_motor_kit_description/share/encoded_dc_motor_kit_description/meshes/hum_v3_1.stl
[1.750s] -- Up-to-date: /home/kevo/robotics_inc/control_kit_ws/install/encoded_dc_motor_kit_description/share/encoded_dc_motor_kit_description/meshes/motor_front.stl:Zone.Identifier
[1.750s] -- Up-to-date: /home/kevo/robotics_inc/control_kit_ws/install/encoded_dc_motor_kit_description/share/encoded_dc_motor_kit_description/meshes/motor.stl:Zone.Identifier:Zone.Identifier
[1.750s] -- Up-to-date: /home/kevo/robotics_inc/control_kit_ws/install/encoded_dc_motor_kit_description/share/encoded_dc_motor_kit_description/meshes/sides_v2_1.stl:Zone.Identifier
[1.750s] -- Up-to-date: /home/kevo/robotics_inc/control_kit_ws/install/encoded_dc_motor_kit_description/share/encoded_dc_motor_kit_description/meshes/motor_driver.stl
[1.750s] -- Up-to-date: /home/kevo/robotics_inc/control_kit_ws/install/encoded_dc_motor_kit_description/share/encoded_dc_motor_kit_description/meshes/sides_v2_2.stl:Zone.Identifier
[1.750s] -- Up-to-date: /home/kevo/robotics_inc/control_kit_ws/install/encoded_dc_motor_kit_description/share/encoded_dc_motor_kit_description/meshes/motor_driver.stl:Zone.Identifier:Zone.Identifier
[1.750s] -- Up-to-date: /home/kevo/robotics_inc/control_kit_ws/install/encoded_dc_motor_kit_description/share/encoded_dc_motor_kit_description/meshes/motor_front.stl
[1.751s] -- Up-to-date: /home/kevo/robotics_inc/control_kit_ws/install/encoded_dc_motor_kit_description/share/encoded_dc_motor_kit_description/meshes/motor.stl:Zone.Identifier
[1.751s] -- Up-to-date: /home/kevo/robotics_inc/control_kit_ws/install/encoded_dc_motor_kit_description/share/encoded_dc_motor_kit_description/meshes/base_link.stl:Zone.Identifier:Zone.Identifier
[1.751s] -- Up-to-date: /home/kevo/robotics_inc/control_kit_ws/install/encoded_dc_motor_kit_description/share/encoded_dc_motor_kit_description/urdf
[1.752s] -- Up-to-date: /home/kevo/robotics_inc/control_kit_ws/install/encoded_dc_motor_kit_description/share/encoded_dc_motor_kit_description/urdf/encoded_dc_motor_kit.trans:Zone.Identifier
[1.752s] -- Up-to-date: /home/kevo/robotics_inc/control_kit_ws/install/encoded_dc_motor_kit_description/share/encoded_dc_motor_kit_description/urdf/encoded_dc_motor_kit.xacro
[1.753s] -- Up-to-date: /home/kevo/robotics_inc/control_kit_ws/install/encoded_dc_motor_kit_description/share/encoded_dc_motor_kit_description/urdf/materials.xacro:Zone.Identifier
[1.753s] -- Up-to-date: /home/kevo/robotics_inc/control_kit_ws/install/encoded_dc_motor_kit_description/share/encoded_dc_motor_kit_description/urdf/materials.xacro:Zone.Identifier:Zone.Identifier
[1.754s] -- Up-to-date: /home/kevo/robotics_inc/control_kit_ws/install/encoded_dc_motor_kit_description/share/encoded_dc_motor_kit_description/urdf/encoded_dc_motor_kit.xacro:Zone.Identifier:Zone.Identifier
[1.754s] -- Up-to-date: /home/kevo/robotics_inc/control_kit_ws/install/encoded_dc_motor_kit_description/share/encoded_dc_motor_kit_description/urdf/ros2_control.xacro:Zone.Identifier:Zone.Identifier
[1.754s] -- Up-to-date: /home/kevo/robotics_inc/control_kit_ws/install/encoded_dc_motor_kit_description/share/encoded_dc_motor_kit_description/urdf/ros2_control.xacro:Zone.Identifier
[1.755s] -- Up-to-date: /home/kevo/robotics_inc/control_kit_ws/install/encoded_dc_motor_kit_description/share/encoded_dc_motor_kit_description/urdf/encoded_dc_motor_kit.trans:Zone.Identifier:Zone.Identifier
[1.755s] -- Up-to-date: /home/kevo/robotics_inc/control_kit_ws/install/encoded_dc_motor_kit_description/share/encoded_dc_motor_kit_description/urdf/materials.xacro
[1.756s] -- Up-to-date: /home/kevo/robotics_inc/control_kit_ws/install/encoded_dc_motor_kit_description/share/encoded_dc_motor_kit_description/urdf/ros2_control.xacro
[1.756s] -- Up-to-date: /home/kevo/robotics_inc/control_kit_ws/install/encoded_dc_motor_kit_description/share/encoded_dc_motor_kit_description/urdf/encoded_dc_motor_kit.xacro:Zone.Identifier
[1.765s] -- Up-to-date: /home/kevo/robotics_inc/control_kit_ws/install/encoded_dc_motor_kit_description/share/encoded_dc_motor_kit_description/urdf/encoded_dc_motor_kit.trans
[1.766s] -- Up-to-date: /home/kevo/robotics_inc/control_kit_ws/install/encoded_dc_motor_kit_description/share/encoded_dc_motor_kit_description/launch
[1.766s] -- Up-to-date: /home/kevo/robotics_inc/control_kit_ws/install/encoded_dc_motor_kit_description/share/encoded_dc_motor_kit_description/launch/sim_launch.launch.py:Zone.Identifier:Zone.Identifier
[1.768s] -- Up-to-date: /home/kevo/robotics_inc/control_kit_ws/install/encoded_dc_motor_kit_description/share/encoded_dc_motor_kit_description/launch/robot_description.launch.py:Zone.Identifier:Zone.Identifier
[1.768s] -- Up-to-date: /home/kevo/robotics_inc/control_kit_ws/install/encoded_dc_motor_kit_description/share/encoded_dc_motor_kit_description/launch/robot_description.launch.py:Zone.Identifier
[1.768s] -- Up-to-date: /home/kevo/robotics_inc/control_kit_ws/install/encoded_dc_motor_kit_description/share/encoded_dc_motor_kit_description/launch/sim_launch.launch.py
[1.769s] -- Up-to-date: /home/kevo/robotics_inc/control_kit_ws/install/encoded_dc_motor_kit_description/share/encoded_dc_motor_kit_description/launch/rviz.launch.py
[1.770s] -- Up-to-date: /home/kevo/robotics_inc/control_kit_ws/install/encoded_dc_motor_kit_description/share/encoded_dc_motor_kit_description/launch/rviz.launch.py:Zone.Identifier
[1.771s] -- Up-to-date: /home/kevo/robotics_inc/control_kit_ws/install/encoded_dc_motor_kit_description/share/encoded_dc_motor_kit_description/launch/sim_launch.launch.py:Zone.Identifier
[1.771s] -- Up-to-date: /home/kevo/robotics_inc/control_kit_ws/install/encoded_dc_motor_kit_description/share/encoded_dc_motor_kit_description/launch/rviz.launch.py:Zone.Identifier:Zone.Identifier
[1.771s] -- Up-to-date: /home/kevo/robotics_inc/control_kit_ws/install/encoded_dc_motor_kit_description/share/encoded_dc_motor_kit_description/launch/robot_description.launch.py
[1.771s] -- Up-to-date: /home/kevo/robotics_inc/control_kit_ws/install/encoded_dc_motor_kit_description/share/encoded_dc_motor_kit_description/rviz
[1.771s] -- Up-to-date: /home/kevo/robotics_inc/control_kit_ws/install/encoded_dc_motor_kit_description/share/encoded_dc_motor_kit_description/rviz/rviz_sim.rviz
[1.772s] -- Up-to-date: /home/kevo/robotics_inc/control_kit_ws/install/encoded_dc_motor_kit_description/share/encoded_dc_motor_kit_description/rviz/rviz_sim.rviz:Zone.Identifier
[1.772s] -- Up-to-date: /home/kevo/robotics_inc/control_kit_ws/install/encoded_dc_motor_kit_description/share/ament_index/resource_index/package_run_dependencies/encoded_dc_motor_kit_description
[1.772s] -- Up-to-date: /home/kevo/robotics_inc/control_kit_ws/install/encoded_dc_motor_kit_description/share/ament_index/resource_index/parent_prefix_path/encoded_dc_motor_kit_description
[1.772s] -- Up-to-date: /home/kevo/robotics_inc/control_kit_ws/install/encoded_dc_motor_kit_description/share/encoded_dc_motor_kit_description/environment/ament_prefix_path.sh
[1.773s] -- Up-to-date: /home/kevo/robotics_inc/control_kit_ws/install/encoded_dc_motor_kit_description/share/encoded_dc_motor_kit_description/environment/ament_prefix_path.dsv
[1.773s] -- Up-to-date: /home/kevo/robotics_inc/control_kit_ws/install/encoded_dc_motor_kit_description/share/encoded_dc_motor_kit_description/environment/path.sh
[1.773s] -- Up-to-date: /home/kevo/robotics_inc/control_kit_ws/install/encoded_dc_motor_kit_description/share/encoded_dc_motor_kit_description/environment/path.dsv
[1.774s] -- Up-to-date: /home/kevo/robotics_inc/control_kit_ws/install/encoded_dc_motor_kit_description/share/encoded_dc_motor_kit_description/local_setup.bash
[1.774s] -- Up-to-date: /home/kevo/robotics_inc/control_kit_ws/install/encoded_dc_motor_kit_description/share/encoded_dc_motor_kit_description/local_setup.sh
[1.774s] -- Up-to-date: /home/kevo/robotics_inc/control_kit_ws/install/encoded_dc_motor_kit_description/share/encoded_dc_motor_kit_description/local_setup.zsh
[1.774s] -- Up-to-date: /home/kevo/robotics_inc/control_kit_ws/install/encoded_dc_motor_kit_description/share/encoded_dc_motor_kit_description/local_setup.dsv
[1.775s] -- Installing: /home/kevo/robotics_inc/control_kit_ws/install/encoded_dc_motor_kit_description/share/encoded_dc_motor_kit_description/package.dsv
[1.775s] -- Up-to-date: /home/kevo/robotics_inc/control_kit_ws/install/encoded_dc_motor_kit_description/share/ament_index/resource_index/packages/encoded_dc_motor_kit_description
[1.775s] -- Up-to-date: /home/kevo/robotics_inc/control_kit_ws/install/encoded_dc_motor_kit_description/share/encoded_dc_motor_kit_description/cmake/encoded_dc_motor_kit_descriptionConfig.cmake
[1.775s] -- Up-to-date: /home/kevo/robotics_inc/control_kit_ws/install/encoded_dc_motor_kit_description/share/encoded_dc_motor_kit_description/cmake/encoded_dc_motor_kit_descriptionConfig-version.cmake
[1.775s] -- Up-to-date: /home/kevo/robotics_inc/control_kit_ws/install/encoded_dc_motor_kit_description/share/encoded_dc_motor_kit_description/package.xml
[1.813s] Invoked command in '/home/kevo/robotics_inc/control_kit_ws/build/encoded_dc_motor_kit_description' returned '0': CMAKE_PREFIX_PATH=${CMAKE_PREFIX_PATH}:/home/kevo/robotics_inc/control_kit_ws/install/encoded_dc_motor_kit_data_proccessing:/home/kevo/ws_moveit2/install/moveit_configs_utils:/home/kevo/ws_moveit2/install/launch_param_builder:/opt/ros/humble /usr/bin/cmake --install /home/kevo/robotics_inc/control_kit_ws/build/encoded_dc_motor_kit_description
