[3.693s] Invoking command in '/home/kevo/robotics_inc/control_kit_ws/src/encoded_dc_motor_kit_data_proccessing': PYTHONPATH=/home/kevo/robotics_inc/control_kit_ws/build/encoded_dc_motor_kit_data_proccessing/prefix_override:/usr/lib/python3/dist-packages/colcon_core/task/python/colcon_distutils_commands:/home/kevo/robotics_inc/control_kit_ws/install/encoded_dc_motor_kit_data_proccessing/lib/python3.10/site-packages:${PYTHONPATH} /usr/bin/python3 -W ignore:setup.py install is deprecated setup.py egg_info --egg-base ../../build/encoded_dc_motor_kit_data_proccessing build --build-base /home/kevo/robotics_inc/control_kit_ws/build/encoded_dc_motor_kit_data_proccessing/build install --record /home/kevo/robotics_inc/control_kit_ws/build/encoded_dc_motor_kit_data_proccessing/install.log --single-version-externally-managed install_data
[4.814s] running egg_info
[4.821s] writing ../../build/encoded_dc_motor_kit_data_proccessing/encoded_dc_motor_kit_data_proccessing.egg-info/PKG-INFO
[4.822s] writing dependency_links to ../../build/encoded_dc_motor_kit_data_proccessing/encoded_dc_motor_kit_data_proccessing.egg-info/dependency_links.txt
[4.822s] writing entry points to ../../build/encoded_dc_motor_kit_data_proccessing/encoded_dc_motor_kit_data_proccessing.egg-info/entry_points.txt
[4.823s] writing requirements to ../../build/encoded_dc_motor_kit_data_proccessing/encoded_dc_motor_kit_data_proccessing.egg-info/requires.txt
[4.823s] writing top-level names to ../../build/encoded_dc_motor_kit_data_proccessing/encoded_dc_motor_kit_data_proccessing.egg-info/top_level.txt
[4.832s] reading manifest file '../../build/encoded_dc_motor_kit_data_proccessing/encoded_dc_motor_kit_data_proccessing.egg-info/SOURCES.txt'
[4.833s] adding license file 'LICENSE'
[4.833s] adding license file 'LICENSE:Zone.Identifier'
[4.835s] writing manifest file '../../build/encoded_dc_motor_kit_data_proccessing/encoded_dc_motor_kit_data_proccessing.egg-info/SOURCES.txt'
[4.836s] running build
[4.836s] running build_py
[4.837s] running install
[4.837s] running install_lib
[4.842s] running install_data
[4.843s] running install_egg_info
[4.849s] removing '/home/kevo/robotics_inc/control_kit_ws/install/encoded_dc_motor_kit_data_proccessing/lib/python3.10/site-packages/encoded_dc_motor_kit_data_proccessing-0.0.0-py3.10.egg-info' (and everything under it)
[4.855s] Copying ../../build/encoded_dc_motor_kit_data_proccessing/encoded_dc_motor_kit_data_proccessing.egg-info to /home/kevo/robotics_inc/control_kit_ws/install/encoded_dc_motor_kit_data_proccessing/lib/python3.10/site-packages/encoded_dc_motor_kit_data_proccessing-0.0.0-py3.10.egg-info
[4.856s] running install_scripts
[4.946s] writing list of installed files to '/home/kevo/robotics_inc/control_kit_ws/build/encoded_dc_motor_kit_data_proccessing/install.log'
[5.097s] Invoked command in '/home/kevo/robotics_inc/control_kit_ws/src/encoded_dc_motor_kit_data_proccessing' returned '0': PYTHONPATH=/home/kevo/robotics_inc/control_kit_ws/build/encoded_dc_motor_kit_data_proccessing/prefix_override:/usr/lib/python3/dist-packages/colcon_core/task/python/colcon_distutils_commands:/home/kevo/robotics_inc/control_kit_ws/install/encoded_dc_motor_kit_data_proccessing/lib/python3.10/site-packages:${PYTHONPATH} /usr/bin/python3 -W ignore:setup.py install is deprecated setup.py egg_info --egg-base ../../build/encoded_dc_motor_kit_data_proccessing build --build-base /home/kevo/robotics_inc/control_kit_ws/build/encoded_dc_motor_kit_data_proccessing/build install --record /home/kevo/robotics_inc/control_kit_ws/build/encoded_dc_motor_kit_data_proccessing/install.log --single-version-externally-managed install_data
