[1.080s] Invoking command in '/home/kevo/robotics_inc/control_kit_ws/build/encoded_dc_motor_kit_description': CMAKE_PREFIX_PATH=${CMAKE_PREFIX_PATH}:/home/kevo/robotics_inc/control_kit_ws/install/encoded_dc_motor_kit_data_proccessing:/home/kevo/ws_moveit2/install/moveit_configs_utils:/home/kevo/ws_moveit2/install/launch_param_builder:/opt/ros/humble /usr/bin/cmake --build /home/kevo/robotics_inc/control_kit_ws/build/encoded_dc_motor_kit_description -- -j8 -l8
[1.224s] Invoked command in '/home/kevo/robotics_inc/control_kit_ws/build/encoded_dc_motor_kit_description' returned '0': CMAKE_PREFIX_PATH=${CMAKE_PREFIX_PATH}:/home/kevo/robotics_inc/control_kit_ws/install/encoded_dc_motor_kit_data_proccessing:/home/kevo/ws_moveit2/install/moveit_configs_utils:/home/kevo/ws_moveit2/install/launch_param_builder:/opt/ros/humble /usr/bin/cmake --build /home/kevo/robotics_inc/control_kit_ws/build/encoded_dc_motor_kit_description -- -j8 -l8
[1.342s] Invoking command in '/home/kevo/robotics_inc/control_kit_ws/build/encoded_dc_motor_kit_description': CMAKE_PREFIX_PATH=${CMAKE_PREFIX_PATH}:/home/kevo/robotics_inc/control_kit_ws/install/encoded_dc_motor_kit_data_proccessing:/home/kevo/ws_moveit2/install/moveit_configs_utils:/home/kevo/ws_moveit2/install/launch_param_builder:/opt/ros/humble /usr/bin/cmake --install /home/kevo/robotics_inc/control_kit_ws/build/encoded_dc_motor_kit_description
[1.366s] -- Install configuration: ""
[1.367s] -- Up-to-date: /home/kevo/robotics_inc/control_kit_ws/install/encoded_dc_motor_kit_description/share/encoded_dc_motor_kit_description/meshes
[1.368s] -- Up-to-date: /home/kevo/robotics_inc/control_kit_ws/install/encoded_dc_motor_kit_description/share/encoded_dc_motor_kit_description/meshes/shaft_v2_1.stl:Zone.Identifier
[1.368s] -- Up-to-date: /home/kevo/robotics_inc/control_kit_ws/install/encoded_dc_motor_kit_description/share/encoded_dc_motor_kit_description/meshes/hum_v3_1.stl:Zone.Identifier:Zone.Identifier
[1.368s] -- Up-to-date: /home/kevo/robotics_inc/control_kit_ws/install/encoded_dc_motor_kit_description/share/encoded_dc_motor_kit_description/meshes/sides_v2_2.stl:Zone.Identifier:Zone.Identifier
[1.369s] -- Up-to-date: /home/kevo/robotics_inc/control_kit_ws/install/encoded_dc_motor_kit_description/share/encoded_dc_motor_kit_description/meshes/back_plate.stl:Zone.Identifier:Zone.Identifier
[1.369s] -- Up-to-date: /home/kevo/robotics_inc/control_kit_ws/install/encoded_dc_motor_kit_description/share/encoded_dc_motor_kit_description/meshes/hum_v3_1.stl:Zone.Identifier
[1.369s] -- Up-to-date: /home/kevo/robotics_inc/control_kit_ws/install/encoded_dc_motor_kit_description/share/encoded_dc_motor_kit_description/meshes/shaft_v2_1.stl
[1.369s] -- Up-to-date: /home/kevo/robotics_inc/control_kit_ws/install/encoded_dc_motor_kit_description/share/encoded_dc_motor_kit_description/meshes/sides_v2_1.stl:Zone.Identifier:Zone.Identifier
[1.370s] -- Up-to-date: /home/kevo/robotics_inc/control_kit_ws/install/encoded_dc_motor_kit_description/share/encoded_dc_motor_kit_description/meshes/motor_driver.stl:Zone.Identifier
[1.370s] -- Up-to-date: /home/kevo/robotics_inc/control_kit_ws/install/encoded_dc_motor_kit_description/share/encoded_dc_motor_kit_description/meshes/base_link.stl
[1.370s] -- Up-to-date: /home/kevo/robotics_inc/control_kit_ws/install/encoded_dc_motor_kit_description/share/encoded_dc_motor_kit_description/meshes/sides_v2_2.stl
[1.370s] -- Up-to-date: /home/kevo/robotics_inc/control_kit_ws/install/encoded_dc_motor_kit_description/share/encoded_dc_motor_kit_description/meshes/back_plate.stl
[1.370s] -- Up-to-date: /home/kevo/robotics_inc/control_kit_ws/install/encoded_dc_motor_kit_description/share/encoded_dc_motor_kit_description/meshes/back_plate.stl:Zone.Identifier
[1.370s] -- Up-to-date: /home/kevo/robotics_inc/control_kit_ws/install/encoded_dc_motor_kit_description/share/encoded_dc_motor_kit_description/meshes/motor.stl
[1.370s] -- Up-to-date: /home/kevo/robotics_inc/control_kit_ws/install/encoded_dc_motor_kit_description/share/encoded_dc_motor_kit_description/meshes/shaft_v2_1.stl:Zone.Identifier:Zone.Identifier
[1.371s] -- Up-to-date: /home/kevo/robotics_inc/control_kit_ws/install/encoded_dc_motor_kit_description/share/encoded_dc_motor_kit_description/meshes/motor_front.stl:Zone.Identifier:Zone.Identifier
[1.383s] -- Up-to-date: /home/kevo/robotics_inc/control_kit_ws/install/encoded_dc_motor_kit_description/share/encoded_dc_motor_kit_description/meshes/sides_v2_1.stl
[1.384s] -- Up-to-date: /home/kevo/robotics_inc/control_kit_ws/install/encoded_dc_motor_kit_description/share/encoded_dc_motor_kit_description/meshes/base_link.stl:Zone.Identifier
[1.385s] -- Up-to-date: /home/kevo/robotics_inc/control_kit_ws/install/encoded_dc_motor_kit_description/share/encoded_dc_motor_kit_description/meshes/hum_v3_1.stl
[1.387s] -- Up-to-date: /home/kevo/robotics_inc/control_kit_ws/install/encoded_dc_motor_kit_description/share/encoded_dc_motor_kit_description/meshes/motor_front.stl:Zone.Identifier
[1.387s] -- Up-to-date: /home/kevo/robotics_inc/control_kit_ws/install/encoded_dc_motor_kit_description/share/encoded_dc_motor_kit_description/meshes/motor.stl:Zone.Identifier:Zone.Identifier
[1.387s] -- Up-to-date: /home/kevo/robotics_inc/control_kit_ws/install/encoded_dc_motor_kit_description/share/encoded_dc_motor_kit_description/meshes/sides_v2_1.stl:Zone.Identifier
[1.387s] -- Up-to-date: /home/kevo/robotics_inc/control_kit_ws/install/encoded_dc_motor_kit_description/share/encoded_dc_motor_kit_description/meshes/motor_driver.stl
[1.388s] -- Up-to-date: /home/kevo/robotics_inc/control_kit_ws/install/encoded_dc_motor_kit_description/share/encoded_dc_motor_kit_description/meshes/sides_v2_2.stl:Zone.Identifier
[1.388s] -- Up-to-date: /home/kevo/robotics_inc/control_kit_ws/install/encoded_dc_motor_kit_description/share/encoded_dc_motor_kit_description/meshes/motor_driver.stl:Zone.Identifier:Zone.Identifier
[1.388s] -- Up-to-date: /home/kevo/robotics_inc/control_kit_ws/install/encoded_dc_motor_kit_description/share/encoded_dc_motor_kit_description/meshes/motor_front.stl
[1.388s] -- Up-to-date: /home/kevo/robotics_inc/control_kit_ws/install/encoded_dc_motor_kit_description/share/encoded_dc_motor_kit_description/meshes/motor.stl:Zone.Identifier
[1.388s] -- Up-to-date: /home/kevo/robotics_inc/control_kit_ws/install/encoded_dc_motor_kit_description/share/encoded_dc_motor_kit_description/meshes/base_link.stl:Zone.Identifier:Zone.Identifier
[1.388s] -- Up-to-date: /home/kevo/robotics_inc/control_kit_ws/install/encoded_dc_motor_kit_description/share/encoded_dc_motor_kit_description/urdf
[1.389s] -- Up-to-date: /home/kevo/robotics_inc/control_kit_ws/install/encoded_dc_motor_kit_description/share/encoded_dc_motor_kit_description/urdf/encoded_dc_motor_kit.trans:Zone.Identifier
[1.389s] -- Up-to-date: /home/kevo/robotics_inc/control_kit_ws/install/encoded_dc_motor_kit_description/share/encoded_dc_motor_kit_description/urdf/encoded_dc_motor_kit.xacro
[1.389s] -- Up-to-date: /home/kevo/robotics_inc/control_kit_ws/install/encoded_dc_motor_kit_description/share/encoded_dc_motor_kit_description/urdf/materials.xacro:Zone.Identifier
[1.389s] -- Up-to-date: /home/kevo/robotics_inc/control_kit_ws/install/encoded_dc_motor_kit_description/share/encoded_dc_motor_kit_description/urdf/materials.xacro:Zone.Identifier:Zone.Identifier
[1.390s] -- Up-to-date: /home/kevo/robotics_inc/control_kit_ws/install/encoded_dc_motor_kit_description/share/encoded_dc_motor_kit_description/urdf/encoded_dc_motor_kit.xacro:Zone.Identifier:Zone.Identifier
[1.391s] -- Up-to-date: /home/kevo/robotics_inc/control_kit_ws/install/encoded_dc_motor_kit_description/share/encoded_dc_motor_kit_description/urdf/ros2_control.xacro:Zone.Identifier:Zone.Identifier
[1.391s] -- Up-to-date: /home/kevo/robotics_inc/control_kit_ws/install/encoded_dc_motor_kit_description/share/encoded_dc_motor_kit_description/urdf/ros2_control.xacro:Zone.Identifier
[1.391s] -- Up-to-date: /home/kevo/robotics_inc/control_kit_ws/install/encoded_dc_motor_kit_description/share/encoded_dc_motor_kit_description/urdf/encoded_dc_motor_kit.trans:Zone.Identifier:Zone.Identifier
[1.391s] -- Up-to-date: /home/kevo/robotics_inc/control_kit_ws/install/encoded_dc_motor_kit_description/share/encoded_dc_motor_kit_description/urdf/materials.xacro
[1.391s] -- Up-to-date: /home/kevo/robotics_inc/control_kit_ws/install/encoded_dc_motor_kit_description/share/encoded_dc_motor_kit_description/urdf/ros2_control.xacro
[1.392s] -- Up-to-date: /home/kevo/robotics_inc/control_kit_ws/install/encoded_dc_motor_kit_description/share/encoded_dc_motor_kit_description/urdf/encoded_dc_motor_kit.xacro:Zone.Identifier
[1.392s] -- Up-to-date: /home/kevo/robotics_inc/control_kit_ws/install/encoded_dc_motor_kit_description/share/encoded_dc_motor_kit_description/urdf/encoded_dc_motor_kit.trans
[1.392s] -- Up-to-date: /home/kevo/robotics_inc/control_kit_ws/install/encoded_dc_motor_kit_description/share/encoded_dc_motor_kit_description/launch
[1.392s] -- Up-to-date: /home/kevo/robotics_inc/control_kit_ws/install/encoded_dc_motor_kit_description/share/encoded_dc_motor_kit_description/launch/sim_launch.launch.py:Zone.Identifier:Zone.Identifier
[1.392s] -- Up-to-date: /home/kevo/robotics_inc/control_kit_ws/install/encoded_dc_motor_kit_description/share/encoded_dc_motor_kit_description/launch/robot_description.launch.py:Zone.Identifier:Zone.Identifier
[1.392s] -- Up-to-date: /home/kevo/robotics_inc/control_kit_ws/install/encoded_dc_motor_kit_description/share/encoded_dc_motor_kit_description/launch/robot_description.launch.py:Zone.Identifier
[1.392s] -- Up-to-date: /home/kevo/robotics_inc/control_kit_ws/install/encoded_dc_motor_kit_description/share/encoded_dc_motor_kit_description/launch/sim_launch.launch.py
[1.392s] -- Up-to-date: /home/kevo/robotics_inc/control_kit_ws/install/encoded_dc_motor_kit_description/share/encoded_dc_motor_kit_description/launch/rviz.launch.py
[1.393s] -- Up-to-date: /home/kevo/robotics_inc/control_kit_ws/install/encoded_dc_motor_kit_description/share/encoded_dc_motor_kit_description/launch/rviz.launch.py:Zone.Identifier
[1.393s] -- Up-to-date: /home/kevo/robotics_inc/control_kit_ws/install/encoded_dc_motor_kit_description/share/encoded_dc_motor_kit_description/launch/sim_launch.launch.py:Zone.Identifier
[1.393s] -- Up-to-date: /home/kevo/robotics_inc/control_kit_ws/install/encoded_dc_motor_kit_description/share/encoded_dc_motor_kit_description/launch/rviz.launch.py:Zone.Identifier:Zone.Identifier
[1.393s] -- Up-to-date: /home/kevo/robotics_inc/control_kit_ws/install/encoded_dc_motor_kit_description/share/encoded_dc_motor_kit_description/launch/robot_description.launch.py
[1.393s] -- Up-to-date: /home/kevo/robotics_inc/control_kit_ws/install/encoded_dc_motor_kit_description/share/encoded_dc_motor_kit_description/rviz
[1.393s] -- Up-to-date: /home/kevo/robotics_inc/control_kit_ws/install/encoded_dc_motor_kit_description/share/encoded_dc_motor_kit_description/rviz/rviz_sim.rviz
[1.393s] -- Up-to-date: /home/kevo/robotics_inc/control_kit_ws/install/encoded_dc_motor_kit_description/share/encoded_dc_motor_kit_description/rviz/rviz_sim.rviz:Zone.Identifier
[1.394s] -- Up-to-date: /home/kevo/robotics_inc/control_kit_ws/install/encoded_dc_motor_kit_description/share/ament_index/resource_index/package_run_dependencies/encoded_dc_motor_kit_description
[1.394s] -- Up-to-date: /home/kevo/robotics_inc/control_kit_ws/install/encoded_dc_motor_kit_description/share/ament_index/resource_index/parent_prefix_path/encoded_dc_motor_kit_description
[1.394s] -- Up-to-date: /home/kevo/robotics_inc/control_kit_ws/install/encoded_dc_motor_kit_description/share/encoded_dc_motor_kit_description/environment/ament_prefix_path.sh
[1.394s] -- Up-to-date: /home/kevo/robotics_inc/control_kit_ws/install/encoded_dc_motor_kit_description/share/encoded_dc_motor_kit_description/environment/ament_prefix_path.dsv
[1.394s] -- Up-to-date: /home/kevo/robotics_inc/control_kit_ws/install/encoded_dc_motor_kit_description/share/encoded_dc_motor_kit_description/environment/path.sh
[1.394s] -- Up-to-date: /home/kevo/robotics_inc/control_kit_ws/install/encoded_dc_motor_kit_description/share/encoded_dc_motor_kit_description/environment/path.dsv
[1.394s] -- Up-to-date: /home/kevo/robotics_inc/control_kit_ws/install/encoded_dc_motor_kit_description/share/encoded_dc_motor_kit_description/local_setup.bash
[1.395s] -- Up-to-date: /home/kevo/robotics_inc/control_kit_ws/install/encoded_dc_motor_kit_description/share/encoded_dc_motor_kit_description/local_setup.sh
[1.395s] -- Up-to-date: /home/kevo/robotics_inc/control_kit_ws/install/encoded_dc_motor_kit_description/share/encoded_dc_motor_kit_description/local_setup.zsh
[1.395s] -- Up-to-date: /home/kevo/robotics_inc/control_kit_ws/install/encoded_dc_motor_kit_description/share/encoded_dc_motor_kit_description/local_setup.dsv
[1.395s] -- Installing: /home/kevo/robotics_inc/control_kit_ws/install/encoded_dc_motor_kit_description/share/encoded_dc_motor_kit_description/package.dsv
[1.395s] -- Up-to-date: /home/kevo/robotics_inc/control_kit_ws/install/encoded_dc_motor_kit_description/share/ament_index/resource_index/packages/encoded_dc_motor_kit_description
[1.395s] -- Up-to-date: /home/kevo/robotics_inc/control_kit_ws/install/encoded_dc_motor_kit_description/share/encoded_dc_motor_kit_description/cmake/encoded_dc_motor_kit_descriptionConfig.cmake
[1.395s] -- Up-to-date: /home/kevo/robotics_inc/control_kit_ws/install/encoded_dc_motor_kit_description/share/encoded_dc_motor_kit_description/cmake/encoded_dc_motor_kit_descriptionConfig-version.cmake
[1.396s] -- Up-to-date: /home/kevo/robotics_inc/control_kit_ws/install/encoded_dc_motor_kit_description/share/encoded_dc_motor_kit_description/package.xml
[1.515s] Invoked command in '/home/kevo/robotics_inc/control_kit_ws/build/encoded_dc_motor_kit_description' returned '0': CMAKE_PREFIX_PATH=${CMAKE_PREFIX_PATH}:/home/kevo/robotics_inc/control_kit_ws/install/encoded_dc_motor_kit_data_proccessing:/home/kevo/ws_moveit2/install/moveit_configs_utils:/home/kevo/ws_moveit2/install/launch_param_builder:/opt/ros/humble /usr/bin/cmake --install /home/kevo/robotics_inc/control_kit_ws/build/encoded_dc_motor_kit_description
