[0.178s] Invoking command in '/home/kevo/robotics_inc/control_kit_ws/build/ros2_motor_controller_msgs': CMAKE_PREFIX_PATH=${CMAKE_PREFIX_PATH}:/home/kevo/robotics_inc/control_kit_ws/install/encoded_dc_motor_kit_data_proccessing:/home/kevo/ws_moveit2/install/moveit_configs_utils:/home/kevo/ws_moveit2/install/launch_param_builder:/opt/ros/humble /usr/bin/cmake --build /home/kevo/robotics_inc/control_kit_ws/build/ros2_motor_controller_msgs -- -j8 -l8
[1.183s] [ 10%] Built target ros2_motor_controller_msgs__rosidl_generator_c
[1.183s] [ 12%] Built target ros2_motor_controller_msgs__cpp
[1.183s] [ 12%] Built target ament_cmake_python_copy_ros2_motor_controller_msgs
[1.183s] [ 23%] Built target ros2_motor_controller_msgs__rosidl_typesupport_c
[1.184s] [ 33%] Built target ros2_motor_controller_msgs__rosidl_typesupport_introspection_c
[1.184s] [ 43%] Built target ros2_motor_controller_msgs__rosidl_typesupport_fastrtps_c
[1.184s] [ 53%] Built target ros2_motor_controller_msgs__rosidl_typesupport_fastrtps_cpp
[1.184s] [ 64%] Built target ros2_motor_controller_msgs__rosidl_typesupport_cpp
[1.184s] [ 74%] Built target ros2_motor_controller_msgs__rosidl_typesupport_introspection_cpp
[1.185s] [ 74%] Built target ros2_motor_controller_msgs
[1.185s] [ 76%] Built target ros2_motor_controller_msgs__py
[1.185s] [ 84%] Built target ros2_motor_controller_msgs__rosidl_generator_py
[1.185s] [ 89%] Built target ros2_motor_controller_msgs__rosidl_typesupport_c__pyext
[1.185s] [ 94%] Built target ros2_motor_controller_msgs__rosidl_typesupport_fastrtps_c__pyext
[1.185s] [100%] Built target ros2_motor_controller_msgs__rosidl_typesupport_introspection_c__pyext
[1.416s] running egg_info
[1.432s] writing ros2_motor_controller_msgs.egg-info/PKG-INFO
[1.432s] writing dependency_links to ros2_motor_controller_msgs.egg-info/dependency_links.txt
[1.432s] writing top-level names to ros2_motor_controller_msgs.egg-info/top_level.txt
[1.440s] reading manifest file 'ros2_motor_controller_msgs.egg-info/SOURCES.txt'
[1.442s] writing manifest file 'ros2_motor_controller_msgs.egg-info/SOURCES.txt'
[1.740s] [100%] Built target ament_cmake_python_build_ros2_motor_controller_msgs_egg
[1.801s] Invoked command in '/home/kevo/robotics_inc/control_kit_ws/build/ros2_motor_controller_msgs' returned '0': CMAKE_PREFIX_PATH=${CMAKE_PREFIX_PATH}:/home/kevo/robotics_inc/control_kit_ws/install/encoded_dc_motor_kit_data_proccessing:/home/kevo/ws_moveit2/install/moveit_configs_utils:/home/kevo/ws_moveit2/install/launch_param_builder:/opt/ros/humble /usr/bin/cmake --build /home/kevo/robotics_inc/control_kit_ws/build/ros2_motor_controller_msgs -- -j8 -l8
[2.622s] Invoking command in '/home/kevo/robotics_inc/control_kit_ws/build/ros2_motor_controller_msgs': CMAKE_PREFIX_PATH=${CMAKE_PREFIX_PATH}:/home/kevo/robotics_inc/control_kit_ws/install/encoded_dc_motor_kit_data_proccessing:/home/kevo/ws_moveit2/install/moveit_configs_utils:/home/kevo/ws_moveit2/install/launch_param_builder:/opt/ros/humble /usr/bin/cmake --install /home/kevo/robotics_inc/control_kit_ws/build/ros2_motor_controller_msgs
[2.701s] -- Install configuration: ""
[2.701s] -- Up-to-date: /home/kevo/robotics_inc/control_kit_ws/install/ros2_motor_controller_msgs/share/ament_index/resource_index/rosidl_interfaces/ros2_motor_controller_msgs
[2.701s] -- Up-to-date: /home/kevo/robotics_inc/control_kit_ws/install/ros2_motor_controller_msgs/include/ros2_motor_controller_msgs/ros2_motor_controller_msgs
[2.702s] -- Up-to-date: /home/kevo/robotics_inc/control_kit_ws/install/ros2_motor_controller_msgs/include/ros2_motor_controller_msgs/ros2_motor_controller_msgs/srv
[2.707s] -- Up-to-date: /home/kevo/robotics_inc/control_kit_ws/install/ros2_motor_controller_msgs/include/ros2_motor_controller_msgs/ros2_motor_controller_msgs/srv/keyboard_commands.h
[2.710s] -- Up-to-date: /home/kevo/robotics_inc/control_kit_ws/install/ros2_motor_controller_msgs/include/ros2_motor_controller_msgs/ros2_motor_controller_msgs/srv/detail
[2.711s] -- Up-to-date: /home/kevo/robotics_inc/control_kit_ws/install/ros2_motor_controller_msgs/include/ros2_motor_controller_msgs/ros2_motor_controller_msgs/srv/detail/keyboard_commands__type_support.h
[2.712s] -- Up-to-date: /home/kevo/robotics_inc/control_kit_ws/install/ros2_motor_controller_msgs/include/ros2_motor_controller_msgs/ros2_motor_controller_msgs/srv/detail/keyboard_commands__functions.h
[2.712s] -- Up-to-date: /home/kevo/robotics_inc/control_kit_ws/install/ros2_motor_controller_msgs/include/ros2_motor_controller_msgs/ros2_motor_controller_msgs/srv/detail/keyboard_commands__functions.c
[2.712s] -- Up-to-date: /home/kevo/robotics_inc/control_kit_ws/install/ros2_motor_controller_msgs/include/ros2_motor_controller_msgs/ros2_motor_controller_msgs/srv/detail/keyboard_commands__struct.h
[2.712s] -- Up-to-date: /home/kevo/robotics_inc/control_kit_ws/install/ros2_motor_controller_msgs/include/ros2_motor_controller_msgs/ros2_motor_controller_msgs/msg
[2.712s] -- Up-to-date: /home/kevo/robotics_inc/control_kit_ws/install/ros2_motor_controller_msgs/include/ros2_motor_controller_msgs/ros2_motor_controller_msgs/msg/velocity_feedback.h
[2.712s] -- Up-to-date: /home/kevo/robotics_inc/control_kit_ws/install/ros2_motor_controller_msgs/include/ros2_motor_controller_msgs/ros2_motor_controller_msgs/msg/rosidl_generator_c__visibility_control.h
[2.713s] -- Up-to-date: /home/kevo/robotics_inc/control_kit_ws/install/ros2_motor_controller_msgs/include/ros2_motor_controller_msgs/ros2_motor_controller_msgs/msg/detail
[2.713s] -- Up-to-date: /home/kevo/robotics_inc/control_kit_ws/install/ros2_motor_controller_msgs/include/ros2_motor_controller_msgs/ros2_motor_controller_msgs/msg/detail/velocity_feedback__struct.h
[2.713s] -- Up-to-date: /home/kevo/robotics_inc/control_kit_ws/install/ros2_motor_controller_msgs/include/ros2_motor_controller_msgs/ros2_motor_controller_msgs/msg/detail/velocity_feedback__functions.c
[2.713s] -- Up-to-date: /home/kevo/robotics_inc/control_kit_ws/install/ros2_motor_controller_msgs/include/ros2_motor_controller_msgs/ros2_motor_controller_msgs/msg/detail/velocity_feedback__type_support.h
[2.713s] -- Up-to-date: /home/kevo/robotics_inc/control_kit_ws/install/ros2_motor_controller_msgs/include/ros2_motor_controller_msgs/ros2_motor_controller_msgs/msg/detail/velocity_feedback__functions.h
[2.714s] -- Up-to-date: /home/kevo/robotics_inc/control_kit_ws/install/ros2_motor_controller_msgs/share/ros2_motor_controller_msgs/environment/library_path.sh
[2.714s] -- Up-to-date: /home/kevo/robotics_inc/control_kit_ws/install/ros2_motor_controller_msgs/share/ros2_motor_controller_msgs/environment/library_path.dsv
[2.714s] -- Up-to-date: /home/kevo/robotics_inc/control_kit_ws/install/ros2_motor_controller_msgs/lib/libros2_motor_controller_msgs__rosidl_generator_c.so
[2.714s] -- Up-to-date: /home/kevo/robotics_inc/control_kit_ws/install/ros2_motor_controller_msgs/include/ros2_motor_controller_msgs/ros2_motor_controller_msgs
[2.715s] -- Up-to-date: /home/kevo/robotics_inc/control_kit_ws/install/ros2_motor_controller_msgs/include/ros2_motor_controller_msgs/ros2_motor_controller_msgs/srv
[2.715s] -- Up-to-date: /home/kevo/robotics_inc/control_kit_ws/install/ros2_motor_controller_msgs/include/ros2_motor_controller_msgs/ros2_motor_controller_msgs/srv/detail
[2.715s] -- Up-to-date: /home/kevo/robotics_inc/control_kit_ws/install/ros2_motor_controller_msgs/include/ros2_motor_controller_msgs/ros2_motor_controller_msgs/srv/detail/keyboard_commands__rosidl_typesupport_fastrtps_c.h
[2.715s] -- Up-to-date: /home/kevo/robotics_inc/control_kit_ws/install/ros2_motor_controller_msgs/include/ros2_motor_controller_msgs/ros2_motor_controller_msgs/msg
[2.715s] -- Up-to-date: /home/kevo/robotics_inc/control_kit_ws/install/ros2_motor_controller_msgs/include/ros2_motor_controller_msgs/ros2_motor_controller_msgs/msg/rosidl_typesupport_fastrtps_c__visibility_control.h
[2.715s] -- Up-to-date: /home/kevo/robotics_inc/control_kit_ws/install/ros2_motor_controller_msgs/include/ros2_motor_controller_msgs/ros2_motor_controller_msgs/msg/detail
[2.716s] -- Up-to-date: /home/kevo/robotics_inc/control_kit_ws/install/ros2_motor_controller_msgs/include/ros2_motor_controller_msgs/ros2_motor_controller_msgs/msg/detail/velocity_feedback__rosidl_typesupport_fastrtps_c.h
[2.716s] -- Up-to-date: /home/kevo/robotics_inc/control_kit_ws/install/ros2_motor_controller_msgs/lib/libros2_motor_controller_msgs__rosidl_typesupport_fastrtps_c.so
[2.716s] -- Up-to-date: /home/kevo/robotics_inc/control_kit_ws/install/ros2_motor_controller_msgs/include/ros2_motor_controller_msgs/ros2_motor_controller_msgs
[2.716s] -- Up-to-date: /home/kevo/robotics_inc/control_kit_ws/install/ros2_motor_controller_msgs/include/ros2_motor_controller_msgs/ros2_motor_controller_msgs/srv
[2.716s] -- Up-to-date: /home/kevo/robotics_inc/control_kit_ws/install/ros2_motor_controller_msgs/include/ros2_motor_controller_msgs/ros2_motor_controller_msgs/srv/keyboard_commands.hpp
[2.737s] -- Up-to-date: /home/kevo/robotics_inc/control_kit_ws/install/ros2_motor_controller_msgs/include/ros2_motor_controller_msgs/ros2_motor_controller_msgs/srv/detail
[2.745s] -- Up-to-date: /home/kevo/robotics_inc/control_kit_ws/install/ros2_motor_controller_msgs/include/ros2_motor_controller_msgs/ros2_motor_controller_msgs/srv/detail/keyboard_commands__traits.hpp
[2.745s] -- Up-to-date: /home/kevo/robotics_inc/control_kit_ws/install/ros2_motor_controller_msgs/include/ros2_motor_controller_msgs/ros2_motor_controller_msgs/srv/detail/keyboard_commands__builder.hpp
[2.745s] -- Up-to-date: /home/kevo/robotics_inc/control_kit_ws/install/ros2_motor_controller_msgs/include/ros2_motor_controller_msgs/ros2_motor_controller_msgs/srv/detail/keyboard_commands__struct.hpp
[2.746s] -- Up-to-date: /home/kevo/robotics_inc/control_kit_ws/install/ros2_motor_controller_msgs/include/ros2_motor_controller_msgs/ros2_motor_controller_msgs/msg
[2.746s] -- Up-to-date: /home/kevo/robotics_inc/control_kit_ws/install/ros2_motor_controller_msgs/include/ros2_motor_controller_msgs/ros2_motor_controller_msgs/msg/velocity_feedback.hpp
[2.746s] -- Up-to-date: /home/kevo/robotics_inc/control_kit_ws/install/ros2_motor_controller_msgs/include/ros2_motor_controller_msgs/ros2_motor_controller_msgs/msg/detail
[2.746s] -- Up-to-date: /home/kevo/robotics_inc/control_kit_ws/install/ros2_motor_controller_msgs/include/ros2_motor_controller_msgs/ros2_motor_controller_msgs/msg/detail/velocity_feedback__traits.hpp
[2.747s] -- Up-to-date: /home/kevo/robotics_inc/control_kit_ws/install/ros2_motor_controller_msgs/include/ros2_motor_controller_msgs/ros2_motor_controller_msgs/msg/detail/velocity_feedback__struct.hpp
[2.758s] -- Up-to-date: /home/kevo/robotics_inc/control_kit_ws/install/ros2_motor_controller_msgs/include/ros2_motor_controller_msgs/ros2_motor_controller_msgs/msg/detail/velocity_feedback__builder.hpp
[2.758s] -- Up-to-date: /home/kevo/robotics_inc/control_kit_ws/install/ros2_motor_controller_msgs/include/ros2_motor_controller_msgs/ros2_motor_controller_msgs
[2.758s] -- Up-to-date: /home/kevo/robotics_inc/control_kit_ws/install/ros2_motor_controller_msgs/include/ros2_motor_controller_msgs/ros2_motor_controller_msgs/srv
[2.758s] -- Up-to-date: /home/kevo/robotics_inc/control_kit_ws/install/ros2_motor_controller_msgs/include/ros2_motor_controller_msgs/ros2_motor_controller_msgs/srv/detail
[2.759s] -- Up-to-date: /home/kevo/robotics_inc/control_kit_ws/install/ros2_motor_controller_msgs/include/ros2_motor_controller_msgs/ros2_motor_controller_msgs/srv/detail/keyboard_commands__rosidl_typesupport_fastrtps_cpp.hpp
[2.759s] -- Up-to-date: /home/kevo/robotics_inc/control_kit_ws/install/ros2_motor_controller_msgs/include/ros2_motor_controller_msgs/ros2_motor_controller_msgs/srv/detail/dds_fastrtps
[2.759s] -- Up-to-date: /home/kevo/robotics_inc/control_kit_ws/install/ros2_motor_controller_msgs/include/ros2_motor_controller_msgs/ros2_motor_controller_msgs/msg
[2.759s] -- Up-to-date: /home/kevo/robotics_inc/control_kit_ws/install/ros2_motor_controller_msgs/include/ros2_motor_controller_msgs/ros2_motor_controller_msgs/msg/rosidl_typesupport_fastrtps_cpp__visibility_control.h
[2.759s] -- Up-to-date: /home/kevo/robotics_inc/control_kit_ws/install/ros2_motor_controller_msgs/include/ros2_motor_controller_msgs/ros2_motor_controller_msgs/msg/detail
[2.759s] -- Up-to-date: /home/kevo/robotics_inc/control_kit_ws/install/ros2_motor_controller_msgs/include/ros2_motor_controller_msgs/ros2_motor_controller_msgs/msg/detail/velocity_feedback__rosidl_typesupport_fastrtps_cpp.hpp
[2.760s] -- Up-to-date: /home/kevo/robotics_inc/control_kit_ws/install/ros2_motor_controller_msgs/include/ros2_motor_controller_msgs/ros2_motor_controller_msgs/msg/detail/dds_fastrtps
[2.760s] -- Up-to-date: /home/kevo/robotics_inc/control_kit_ws/install/ros2_motor_controller_msgs/lib/libros2_motor_controller_msgs__rosidl_typesupport_fastrtps_cpp.so
[2.760s] -- Up-to-date: /home/kevo/robotics_inc/control_kit_ws/install/ros2_motor_controller_msgs/include/ros2_motor_controller_msgs/ros2_motor_controller_msgs
[2.760s] -- Up-to-date: /home/kevo/robotics_inc/control_kit_ws/install/ros2_motor_controller_msgs/include/ros2_motor_controller_msgs/ros2_motor_controller_msgs/srv
[2.760s] -- Up-to-date: /home/kevo/robotics_inc/control_kit_ws/install/ros2_motor_controller_msgs/include/ros2_motor_controller_msgs/ros2_motor_controller_msgs/srv/detail
[2.760s] -- Up-to-date: /home/kevo/robotics_inc/control_kit_ws/install/ros2_motor_controller_msgs/include/ros2_motor_controller_msgs/ros2_motor_controller_msgs/srv/detail/keyboard_commands__type_support.c
[2.761s] -- Up-to-date: /home/kevo/robotics_inc/control_kit_ws/install/ros2_motor_controller_msgs/include/ros2_motor_controller_msgs/ros2_motor_controller_msgs/srv/detail/keyboard_commands__rosidl_typesupport_introspection_c.h
[2.761s] -- Up-to-date: /home/kevo/robotics_inc/control_kit_ws/install/ros2_motor_controller_msgs/include/ros2_motor_controller_msgs/ros2_motor_controller_msgs/msg
[2.761s] -- Up-to-date: /home/kevo/robotics_inc/control_kit_ws/install/ros2_motor_controller_msgs/include/ros2_motor_controller_msgs/ros2_motor_controller_msgs/msg/rosidl_typesupport_introspection_c__visibility_control.h
[2.761s] -- Up-to-date: /home/kevo/robotics_inc/control_kit_ws/install/ros2_motor_controller_msgs/include/ros2_motor_controller_msgs/ros2_motor_controller_msgs/msg/detail
[2.761s] -- Up-to-date: /home/kevo/robotics_inc/control_kit_ws/install/ros2_motor_controller_msgs/include/ros2_motor_controller_msgs/ros2_motor_controller_msgs/msg/detail/velocity_feedback__rosidl_typesupport_introspection_c.h
[2.763s] -- Up-to-date: /home/kevo/robotics_inc/control_kit_ws/install/ros2_motor_controller_msgs/include/ros2_motor_controller_msgs/ros2_motor_controller_msgs/msg/detail/velocity_feedback__type_support.c
[2.763s] -- Up-to-date: /home/kevo/robotics_inc/control_kit_ws/install/ros2_motor_controller_msgs/lib/libros2_motor_controller_msgs__rosidl_typesupport_introspection_c.so
[2.764s] -- Up-to-date: /home/kevo/robotics_inc/control_kit_ws/install/ros2_motor_controller_msgs/lib/libros2_motor_controller_msgs__rosidl_typesupport_c.so
[2.764s] -- Up-to-date: /home/kevo/robotics_inc/control_kit_ws/install/ros2_motor_controller_msgs/include/ros2_motor_controller_msgs/ros2_motor_controller_msgs
[2.764s] -- Up-to-date: /home/kevo/robotics_inc/control_kit_ws/install/ros2_motor_controller_msgs/include/ros2_motor_controller_msgs/ros2_motor_controller_msgs/srv
[2.764s] -- Up-to-date: /home/kevo/robotics_inc/control_kit_ws/install/ros2_motor_controller_msgs/include/ros2_motor_controller_msgs/ros2_motor_controller_msgs/srv/detail
[2.764s] -- Up-to-date: /home/kevo/robotics_inc/control_kit_ws/install/ros2_motor_controller_msgs/include/ros2_motor_controller_msgs/ros2_motor_controller_msgs/srv/detail/keyboard_commands__rosidl_typesupport_introspection_cpp.hpp
[2.765s] -- Up-to-date: /home/kevo/robotics_inc/control_kit_ws/install/ros2_motor_controller_msgs/include/ros2_motor_controller_msgs/ros2_motor_controller_msgs/srv/detail/keyboard_commands__type_support.cpp
[2.765s] -- Up-to-date: /home/kevo/robotics_inc/control_kit_ws/install/ros2_motor_controller_msgs/include/ros2_motor_controller_msgs/ros2_motor_controller_msgs/msg
[2.765s] -- Up-to-date: /home/kevo/robotics_inc/control_kit_ws/install/ros2_motor_controller_msgs/include/ros2_motor_controller_msgs/ros2_motor_controller_msgs/msg/detail
[2.765s] -- Up-to-date: /home/kevo/robotics_inc/control_kit_ws/install/ros2_motor_controller_msgs/include/ros2_motor_controller_msgs/ros2_motor_controller_msgs/msg/detail/velocity_feedback__type_support.cpp
[2.765s] -- Up-to-date: /home/kevo/robotics_inc/control_kit_ws/install/ros2_motor_controller_msgs/include/ros2_motor_controller_msgs/ros2_motor_controller_msgs/msg/detail/velocity_feedback__rosidl_typesupport_introspection_cpp.hpp
[2.765s] -- Up-to-date: /home/kevo/robotics_inc/control_kit_ws/install/ros2_motor_controller_msgs/lib/libros2_motor_controller_msgs__rosidl_typesupport_introspection_cpp.so
[2.766s] -- Up-to-date: /home/kevo/robotics_inc/control_kit_ws/install/ros2_motor_controller_msgs/lib/libros2_motor_controller_msgs__rosidl_typesupport_cpp.so
[2.766s] -- Up-to-date: /home/kevo/robotics_inc/control_kit_ws/install/ros2_motor_controller_msgs/share/ros2_motor_controller_msgs/environment/pythonpath.sh
[2.766s] -- Up-to-date: /home/kevo/robotics_inc/control_kit_ws/install/ros2_motor_controller_msgs/share/ros2_motor_controller_msgs/environment/pythonpath.dsv
[2.766s] -- Up-to-date: /home/kevo/robotics_inc/control_kit_ws/install/ros2_motor_controller_msgs/local/lib/python3.10/dist-packages/ros2_motor_controller_msgs-0.0.0-py3.10.egg-info
[2.766s] -- Installing: /home/kevo/robotics_inc/control_kit_ws/install/ros2_motor_controller_msgs/local/lib/python3.10/dist-packages/ros2_motor_controller_msgs-0.0.0-py3.10.egg-info/top_level.txt
[2.766s] -- Installing: /home/kevo/robotics_inc/control_kit_ws/install/ros2_motor_controller_msgs/local/lib/python3.10/dist-packages/ros2_motor_controller_msgs-0.0.0-py3.10.egg-info/dependency_links.txt
[2.767s] -- Installing: /home/kevo/robotics_inc/control_kit_ws/install/ros2_motor_controller_msgs/local/lib/python3.10/dist-packages/ros2_motor_controller_msgs-0.0.0-py3.10.egg-info/SOURCES.txt
[2.767s] -- Installing: /home/kevo/robotics_inc/control_kit_ws/install/ros2_motor_controller_msgs/local/lib/python3.10/dist-packages/ros2_motor_controller_msgs-0.0.0-py3.10.egg-info/PKG-INFO
[2.768s] -- Up-to-date: /home/kevo/robotics_inc/control_kit_ws/install/ros2_motor_controller_msgs/local/lib/python3.10/dist-packages/ros2_motor_controller_msgs
[2.768s] -- Up-to-date: /home/kevo/robotics_inc/control_kit_ws/install/ros2_motor_controller_msgs/local/lib/python3.10/dist-packages/ros2_motor_controller_msgs/srv
[2.768s] -- Up-to-date: /home/kevo/robotics_inc/control_kit_ws/install/ros2_motor_controller_msgs/local/lib/python3.10/dist-packages/ros2_motor_controller_msgs/srv/_keyboard_commands_s.c
[2.768s] -- Up-to-date: /home/kevo/robotics_inc/control_kit_ws/install/ros2_motor_controller_msgs/local/lib/python3.10/dist-packages/ros2_motor_controller_msgs/srv/_keyboard_commands.py
[2.769s] -- Up-to-date: /home/kevo/robotics_inc/control_kit_ws/install/ros2_motor_controller_msgs/local/lib/python3.10/dist-packages/ros2_motor_controller_msgs/srv/__init__.py
[2.772s] -- Up-to-date: /home/kevo/robotics_inc/control_kit_ws/install/ros2_motor_controller_msgs/local/lib/python3.10/dist-packages/ros2_motor_controller_msgs/_ros2_motor_controller_msgs_s.ep.rosidl_typesupport_introspection_c.c
[2.774s] -- Up-to-date: /home/kevo/robotics_inc/control_kit_ws/install/ros2_motor_controller_msgs/local/lib/python3.10/dist-packages/ros2_motor_controller_msgs/libros2_motor_controller_msgs__rosidl_generator_py.so
[2.805s] -- Up-to-date: /home/kevo/robotics_inc/control_kit_ws/install/ros2_motor_controller_msgs/local/lib/python3.10/dist-packages/ros2_motor_controller_msgs/msg
[2.806s] -- Up-to-date: /home/kevo/robotics_inc/control_kit_ws/install/ros2_motor_controller_msgs/local/lib/python3.10/dist-packages/ros2_motor_controller_msgs/msg/_velocity_feedback_s.c
[2.806s] -- Up-to-date: /home/kevo/robotics_inc/control_kit_ws/install/ros2_motor_controller_msgs/local/lib/python3.10/dist-packages/ros2_motor_controller_msgs/msg/_velocity_feedback.py
[2.806s] -- Up-to-date: /home/kevo/robotics_inc/control_kit_ws/install/ros2_motor_controller_msgs/local/lib/python3.10/dist-packages/ros2_motor_controller_msgs/msg/__init__.py
[2.806s] -- Up-to-date: /home/kevo/robotics_inc/control_kit_ws/install/ros2_motor_controller_msgs/local/lib/python3.10/dist-packages/ros2_motor_controller_msgs/ros2_motor_controller_msgs_s__rosidl_typesupport_c.cpython-310-x86_64-linux-gnu.so
[2.806s] -- Up-to-date: /home/kevo/robotics_inc/control_kit_ws/install/ros2_motor_controller_msgs/local/lib/python3.10/dist-packages/ros2_motor_controller_msgs/_ros2_motor_controller_msgs_s.ep.rosidl_typesupport_c.c
[2.807s] -- Up-to-date: /home/kevo/robotics_inc/control_kit_ws/install/ros2_motor_controller_msgs/local/lib/python3.10/dist-packages/ros2_motor_controller_msgs/_ros2_motor_controller_msgs_s.ep.rosidl_typesupport_fastrtps_c.c
[2.807s] -- Up-to-date: /home/kevo/robotics_inc/control_kit_ws/install/ros2_motor_controller_msgs/local/lib/python3.10/dist-packages/ros2_motor_controller_msgs/ros2_motor_controller_msgs_s__rosidl_typesupport_fastrtps_c.cpython-310-x86_64-linux-gnu.so
[2.807s] -- Up-to-date: /home/kevo/robotics_inc/control_kit_ws/install/ros2_motor_controller_msgs/local/lib/python3.10/dist-packages/ros2_motor_controller_msgs/__init__.py
[2.808s] -- Up-to-date: /home/kevo/robotics_inc/control_kit_ws/install/ros2_motor_controller_msgs/local/lib/python3.10/dist-packages/ros2_motor_controller_msgs/ros2_motor_controller_msgs_s__rosidl_typesupport_introspection_c.cpython-310-x86_64-linux-gnu.so
[2.949s] Listing '/home/kevo/robotics_inc/control_kit_ws/install/ros2_motor_controller_msgs/local/lib/python3.10/dist-packages/ros2_motor_controller_msgs'...
[2.949s] Listing '/home/kevo/robotics_inc/control_kit_ws/install/ros2_motor_controller_msgs/local/lib/python3.10/dist-packages/ros2_motor_controller_msgs/msg'...
[2.953s] Listing '/home/kevo/robotics_inc/control_kit_ws/install/ros2_motor_controller_msgs/local/lib/python3.10/dist-packages/ros2_motor_controller_msgs/srv'...
[2.996s] -- Up-to-date: /home/kevo/robotics_inc/control_kit_ws/install/ros2_motor_controller_msgs/local/lib/python3.10/dist-packages/ros2_motor_controller_msgs/ros2_motor_controller_msgs_s__rosidl_typesupport_fastrtps_c.cpython-310-x86_64-linux-gnu.so
[2.996s] -- Up-to-date: /home/kevo/robotics_inc/control_kit_ws/install/ros2_motor_controller_msgs/local/lib/python3.10/dist-packages/ros2_motor_controller_msgs/ros2_motor_controller_msgs_s__rosidl_typesupport_introspection_c.cpython-310-x86_64-linux-gnu.so
[2.997s] -- Up-to-date: /home/kevo/robotics_inc/control_kit_ws/install/ros2_motor_controller_msgs/local/lib/python3.10/dist-packages/ros2_motor_controller_msgs/ros2_motor_controller_msgs_s__rosidl_typesupport_c.cpython-310-x86_64-linux-gnu.so
[2.997s] -- Up-to-date: /home/kevo/robotics_inc/control_kit_ws/install/ros2_motor_controller_msgs/lib/libros2_motor_controller_msgs__rosidl_generator_py.so
[2.997s] -- Up-to-date: /home/kevo/robotics_inc/control_kit_ws/install/ros2_motor_controller_msgs/share/ros2_motor_controller_msgs/srv/KeyboardCommands.idl
[2.997s] -- Up-to-date: /home/kevo/robotics_inc/control_kit_ws/install/ros2_motor_controller_msgs/share/ros2_motor_controller_msgs/msg/VelocityFeedback.idl
[2.997s] -- Up-to-date: /home/kevo/robotics_inc/control_kit_ws/install/ros2_motor_controller_msgs/share/ros2_motor_controller_msgs/srv/KeyboardCommands.srv
[2.997s] -- Up-to-date: /home/kevo/robotics_inc/control_kit_ws/install/ros2_motor_controller_msgs/share/ros2_motor_controller_msgs/srv/KeyboardCommands_Request.msg
[2.997s] -- Up-to-date: /home/kevo/robotics_inc/control_kit_ws/install/ros2_motor_controller_msgs/share/ros2_motor_controller_msgs/srv/KeyboardCommands_Response.msg
[2.998s] -- Up-to-date: /home/kevo/robotics_inc/control_kit_ws/install/ros2_motor_controller_msgs/share/ros2_motor_controller_msgs/msgs/VelocityFeedback.msg
[2.998s] -- Up-to-date: /home/kevo/robotics_inc/control_kit_ws/install/ros2_motor_controller_msgs/share/ament_index/resource_index/package_run_dependencies/ros2_motor_controller_msgs
[2.998s] -- Up-to-date: /home/kevo/robotics_inc/control_kit_ws/install/ros2_motor_controller_msgs/share/ament_index/resource_index/parent_prefix_path/ros2_motor_controller_msgs
[2.998s] -- Up-to-date: /home/kevo/robotics_inc/control_kit_ws/install/ros2_motor_controller_msgs/share/ros2_motor_controller_msgs/environment/ament_prefix_path.sh
[2.998s] -- Up-to-date: /home/kevo/robotics_inc/control_kit_ws/install/ros2_motor_controller_msgs/share/ros2_motor_controller_msgs/environment/ament_prefix_path.dsv
[2.998s] -- Up-to-date: /home/kevo/robotics_inc/control_kit_ws/install/ros2_motor_controller_msgs/share/ros2_motor_controller_msgs/environment/path.sh
[2.999s] -- Up-to-date: /home/kevo/robotics_inc/control_kit_ws/install/ros2_motor_controller_msgs/share/ros2_motor_controller_msgs/environment/path.dsv
[2.999s] -- Up-to-date: /home/kevo/robotics_inc/control_kit_ws/install/ros2_motor_controller_msgs/share/ros2_motor_controller_msgs/local_setup.bash
[2.999s] -- Up-to-date: /home/kevo/robotics_inc/control_kit_ws/install/ros2_motor_controller_msgs/share/ros2_motor_controller_msgs/local_setup.sh
[2.999s] -- Up-to-date: /home/kevo/robotics_inc/control_kit_ws/install/ros2_motor_controller_msgs/share/ros2_motor_controller_msgs/local_setup.zsh
[2.999s] -- Up-to-date: /home/kevo/robotics_inc/control_kit_ws/install/ros2_motor_controller_msgs/share/ros2_motor_controller_msgs/local_setup.dsv
[2.999s] -- Installing: /home/kevo/robotics_inc/control_kit_ws/install/ros2_motor_controller_msgs/share/ros2_motor_controller_msgs/package.dsv
[3.000s] -- Up-to-date: /home/kevo/robotics_inc/control_kit_ws/install/ros2_motor_controller_msgs/share/ament_index/resource_index/packages/ros2_motor_controller_msgs
[3.000s] -- Up-to-date: /home/kevo/robotics_inc/control_kit_ws/install/ros2_motor_controller_msgs/share/ros2_motor_controller_msgs/cmake/export_ros2_motor_controller_msgs__rosidl_generator_cExport.cmake
[3.000s] -- Up-to-date: /home/kevo/robotics_inc/control_kit_ws/install/ros2_motor_controller_msgs/share/ros2_motor_controller_msgs/cmake/export_ros2_motor_controller_msgs__rosidl_generator_cExport-noconfig.cmake
[3.002s] -- Up-to-date: /home/kevo/robotics_inc/control_kit_ws/install/ros2_motor_controller_msgs/share/ros2_motor_controller_msgs/cmake/export_ros2_motor_controller_msgs__rosidl_typesupport_fastrtps_cExport.cmake
[3.003s] -- Up-to-date: /home/kevo/robotics_inc/control_kit_ws/install/ros2_motor_controller_msgs/share/ros2_motor_controller_msgs/cmake/export_ros2_motor_controller_msgs__rosidl_typesupport_fastrtps_cExport-noconfig.cmake
[3.015s] -- Up-to-date: /home/kevo/robotics_inc/control_kit_ws/install/ros2_motor_controller_msgs/share/ros2_motor_controller_msgs/cmake/export_ros2_motor_controller_msgs__rosidl_generator_cppExport.cmake
[3.016s] -- Up-to-date: /home/kevo/robotics_inc/control_kit_ws/install/ros2_motor_controller_msgs/share/ros2_motor_controller_msgs/cmake/export_ros2_motor_controller_msgs__rosidl_typesupport_fastrtps_cppExport.cmake
[3.016s] -- Up-to-date: /home/kevo/robotics_inc/control_kit_ws/install/ros2_motor_controller_msgs/share/ros2_motor_controller_msgs/cmake/export_ros2_motor_controller_msgs__rosidl_typesupport_fastrtps_cppExport-noconfig.cmake
[3.016s] -- Up-to-date: /home/kevo/robotics_inc/control_kit_ws/install/ros2_motor_controller_msgs/share/ros2_motor_controller_msgs/cmake/ros2_motor_controller_msgs__rosidl_typesupport_introspection_cExport.cmake
[3.016s] -- Up-to-date: /home/kevo/robotics_inc/control_kit_ws/install/ros2_motor_controller_msgs/share/ros2_motor_controller_msgs/cmake/ros2_motor_controller_msgs__rosidl_typesupport_introspection_cExport-noconfig.cmake
[3.017s] -- Up-to-date: /home/kevo/robotics_inc/control_kit_ws/install/ros2_motor_controller_msgs/share/ros2_motor_controller_msgs/cmake/ros2_motor_controller_msgs__rosidl_typesupport_cExport.cmake
[3.017s] -- Up-to-date: /home/kevo/robotics_inc/control_kit_ws/install/ros2_motor_controller_msgs/share/ros2_motor_controller_msgs/cmake/ros2_motor_controller_msgs__rosidl_typesupport_cExport-noconfig.cmake
[3.020s] -- Up-to-date: /home/kevo/robotics_inc/control_kit_ws/install/ros2_motor_controller_msgs/share/ros2_motor_controller_msgs/cmake/ros2_motor_controller_msgs__rosidl_typesupport_introspection_cppExport.cmake
[3.020s] -- Up-to-date: /home/kevo/robotics_inc/control_kit_ws/install/ros2_motor_controller_msgs/share/ros2_motor_controller_msgs/cmake/ros2_motor_controller_msgs__rosidl_typesupport_introspection_cppExport-noconfig.cmake
[3.021s] -- Up-to-date: /home/kevo/robotics_inc/control_kit_ws/install/ros2_motor_controller_msgs/share/ros2_motor_controller_msgs/cmake/ros2_motor_controller_msgs__rosidl_typesupport_cppExport.cmake
[3.021s] -- Up-to-date: /home/kevo/robotics_inc/control_kit_ws/install/ros2_motor_controller_msgs/share/ros2_motor_controller_msgs/cmake/ros2_motor_controller_msgs__rosidl_typesupport_cppExport-noconfig.cmake
[3.021s] -- Up-to-date: /home/kevo/robotics_inc/control_kit_ws/install/ros2_motor_controller_msgs/share/ros2_motor_controller_msgs/cmake/export_ros2_motor_controller_msgs__rosidl_generator_pyExport.cmake
[3.021s] -- Up-to-date: /home/kevo/robotics_inc/control_kit_ws/install/ros2_motor_controller_msgs/share/ros2_motor_controller_msgs/cmake/export_ros2_motor_controller_msgs__rosidl_generator_pyExport-noconfig.cmake
[3.022s] -- Up-to-date: /home/kevo/robotics_inc/control_kit_ws/install/ros2_motor_controller_msgs/share/ros2_motor_controller_msgs/cmake/rosidl_cmake-extras.cmake
[3.022s] -- Up-to-date: /home/kevo/robotics_inc/control_kit_ws/install/ros2_motor_controller_msgs/share/ros2_motor_controller_msgs/cmake/ament_cmake_export_dependencies-extras.cmake
[3.022s] -- Up-to-date: /home/kevo/robotics_inc/control_kit_ws/install/ros2_motor_controller_msgs/share/ros2_motor_controller_msgs/cmake/ament_cmake_export_include_directories-extras.cmake
[3.026s] -- Up-to-date: /home/kevo/robotics_inc/control_kit_ws/install/ros2_motor_controller_msgs/share/ros2_motor_controller_msgs/cmake/ament_cmake_export_libraries-extras.cmake
[3.027s] -- Up-to-date: /home/kevo/robotics_inc/control_kit_ws/install/ros2_motor_controller_msgs/share/ros2_motor_controller_msgs/cmake/ament_cmake_export_targets-extras.cmake
[3.027s] -- Up-to-date: /home/kevo/robotics_inc/control_kit_ws/install/ros2_motor_controller_msgs/share/ros2_motor_controller_msgs/cmake/rosidl_cmake_export_typesupport_targets-extras.cmake
[3.027s] -- Up-to-date: /home/kevo/robotics_inc/control_kit_ws/install/ros2_motor_controller_msgs/share/ros2_motor_controller_msgs/cmake/rosidl_cmake_export_typesupport_libraries-extras.cmake
[3.028s] -- Up-to-date: /home/kevo/robotics_inc/control_kit_ws/install/ros2_motor_controller_msgs/share/ros2_motor_controller_msgs/cmake/ros2_motor_controller_msgsConfig.cmake
[3.028s] -- Up-to-date: /home/kevo/robotics_inc/control_kit_ws/install/ros2_motor_controller_msgs/share/ros2_motor_controller_msgs/cmake/ros2_motor_controller_msgsConfig-version.cmake
[3.028s] -- Up-to-date: /home/kevo/robotics_inc/control_kit_ws/install/ros2_motor_controller_msgs/share/ros2_motor_controller_msgs/package.xml
[3.035s] Invoked command in '/home/kevo/robotics_inc/control_kit_ws/build/ros2_motor_controller_msgs' returned '0': CMAKE_PREFIX_PATH=${CMAKE_PREFIX_PATH}:/home/kevo/robotics_inc/control_kit_ws/install/encoded_dc_motor_kit_data_proccessing:/home/kevo/ws_moveit2/install/moveit_configs_utils:/home/kevo/ws_moveit2/install/launch_param_builder:/opt/ros/humble /usr/bin/cmake --install /home/kevo/robotics_inc/control_kit_ws/build/ros2_motor_controller_msgs
