[1.062s] Invoking command in '/home/kevo/robotics_inc/control_kit_ws/build/encoded_dc_motor_kit_gui': CMAKE_PREFIX_PATH=${CMAKE_PREFIX_PATH}:/home/kevo/ws_moveit2/install/moveit_configs_utils:/home/kevo/ws_moveit2/install/launch_param_builder:/opt/ros/humble /usr/bin/cmake /home/kevo/robotics_inc/control_kit_ws/src/encoded_dc_motor_kit_gui -DCMAKE_INSTALL_PREFIX=/home/kevo/robotics_inc/control_kit_ws/install/encoded_dc_motor_kit_gui
[1.526s] -- The C compiler identification is GNU 11.4.0
[2.649s] -- The CXX compiler identification is GNU 11.4.0
[3.569s] -- Detecting C compiler ABI info
[4.141s] -- Detecting C compiler ABI info - done
[4.174s] -- Check for working C compiler: /usr/bin/cc - skipped
[4.174s] -- Detecting C compile features
[4.174s] -- Detecting C compile features - done
[4.189s] -- Detecting CXX compiler ABI info
[4.650s] -- Detecting CXX compiler ABI info - done
[4.682s] -- Check for working CXX compiler: /usr/bin/c++ - skipped
[4.682s] -- Detecting CXX compile features
[4.682s] -- Detecting CXX compile features - done
[4.703s] -- Found ament_cmake: 1.3.10 (/opt/ros/humble/share/ament_cmake/cmake)
[5.374s] -- Found Python3: /usr/bin/python3 (found version "3.10.12") found components: Interpreter 
[5.850s] -- Found rclpy: 3.3.14 (/opt/ros/humble/share/rclpy/cmake)
[5.868s] -- Found std_msgs: 4.2.4 (/opt/ros/humble/share/std_msgs/cmake)
[6.330s] -- Found rosidl_generator_c: 3.1.5 (/opt/ros/humble/share/rosidl_generator_c/cmake)
[6.369s] -- Found rosidl_adapter: 3.1.5 (/opt/ros/humble/share/rosidl_adapter/cmake)
[6.414s] -- Found rosidl_generator_cpp: 3.1.5 (/opt/ros/humble/share/rosidl_generator_cpp/cmake)
[6.480s] -- Using all available rosidl_typesupport_c: rosidl_typesupport_fastrtps_c;rosidl_typesupport_introspection_c
[6.562s] -- Using all available rosidl_typesupport_cpp: rosidl_typesupport_fastrtps_cpp;rosidl_typesupport_introspection_cpp
[6.920s] -- Configuring done
[6.931s] -- Generating done
[6.936s] -- Build files have been written to: /home/kevo/robotics_inc/control_kit_ws/build/encoded_dc_motor_kit_gui
[6.964s] Invoked command in '/home/kevo/robotics_inc/control_kit_ws/build/encoded_dc_motor_kit_gui' returned '0': CMAKE_PREFIX_PATH=${CMAKE_PREFIX_PATH}:/home/kevo/ws_moveit2/install/moveit_configs_utils:/home/kevo/ws_moveit2/install/launch_param_builder:/opt/ros/humble /usr/bin/cmake /home/kevo/robotics_inc/control_kit_ws/src/encoded_dc_motor_kit_gui -DCMAKE_INSTALL_PREFIX=/home/kevo/robotics_inc/control_kit_ws/install/encoded_dc_motor_kit_gui
[6.966s] Invoking command in '/home/kevo/robotics_inc/control_kit_ws/build/encoded_dc_motor_kit_gui': CMAKE_PREFIX_PATH=${CMAKE_PREFIX_PATH}:/home/kevo/ws_moveit2/install/moveit_configs_utils:/home/kevo/ws_moveit2/install/launch_param_builder:/opt/ros/humble /usr/bin/cmake --build /home/kevo/robotics_inc/control_kit_ws/build/encoded_dc_motor_kit_gui -- -j8 -l8
[7.071s] Invoked command in '/home/kevo/robotics_inc/control_kit_ws/build/encoded_dc_motor_kit_gui' returned '0': CMAKE_PREFIX_PATH=${CMAKE_PREFIX_PATH}:/home/kevo/ws_moveit2/install/moveit_configs_utils:/home/kevo/ws_moveit2/install/launch_param_builder:/opt/ros/humble /usr/bin/cmake --build /home/kevo/robotics_inc/control_kit_ws/build/encoded_dc_motor_kit_gui -- -j8 -l8
[7.156s] Invoking command in '/home/kevo/robotics_inc/control_kit_ws/build/encoded_dc_motor_kit_gui': CMAKE_PREFIX_PATH=${CMAKE_PREFIX_PATH}:/home/kevo/ws_moveit2/install/moveit_configs_utils:/home/kevo/ws_moveit2/install/launch_param_builder:/opt/ros/humble /usr/bin/cmake --install /home/kevo/robotics_inc/control_kit_ws/build/encoded_dc_motor_kit_gui
[7.177s] -- Install configuration: ""
[7.178s] -- Installing: /home/kevo/robotics_inc/control_kit_ws/install/encoded_dc_motor_kit_gui/lib/encoded_dc_motor_kit_gui/feedback_subscriber_node.py
[7.178s] -- Installing: /home/kevo/robotics_inc/control_kit_ws/install/encoded_dc_motor_kit_gui/lib/encoded_dc_motor_kit_gui/PID_parameters_publisher.py
[7.179s] -- Installing: /home/kevo/robotics_inc/control_kit_ws/install/encoded_dc_motor_kit_gui/lib/encoded_dc_motor_kit_gui/response_plotter_node.py
[7.180s] -- Installing: /home/kevo/robotics_inc/control_kit_ws/install/encoded_dc_motor_kit_gui/share/ament_index/resource_index/package_run_dependencies/encoded_dc_motor_kit_gui
[7.181s] -- Installing: /home/kevo/robotics_inc/control_kit_ws/install/encoded_dc_motor_kit_gui/share/ament_index/resource_index/parent_prefix_path/encoded_dc_motor_kit_gui
[7.182s] -- Installing: /home/kevo/robotics_inc/control_kit_ws/install/encoded_dc_motor_kit_gui/share/encoded_dc_motor_kit_gui/environment/ament_prefix_path.sh
[7.182s] -- Installing: /home/kevo/robotics_inc/control_kit_ws/install/encoded_dc_motor_kit_gui/share/encoded_dc_motor_kit_gui/environment/ament_prefix_path.dsv
[7.183s] -- Installing: /home/kevo/robotics_inc/control_kit_ws/install/encoded_dc_motor_kit_gui/share/encoded_dc_motor_kit_gui/environment/path.sh
[7.183s] -- Installing: /home/kevo/robotics_inc/control_kit_ws/install/encoded_dc_motor_kit_gui/share/encoded_dc_motor_kit_gui/environment/path.dsv
[7.183s] -- Installing: /home/kevo/robotics_inc/control_kit_ws/install/encoded_dc_motor_kit_gui/share/encoded_dc_motor_kit_gui/local_setup.bash
[7.183s] -- Installing: /home/kevo/robotics_inc/control_kit_ws/install/encoded_dc_motor_kit_gui/share/encoded_dc_motor_kit_gui/local_setup.sh
[7.184s] -- Installing: /home/kevo/robotics_inc/control_kit_ws/install/encoded_dc_motor_kit_gui/share/encoded_dc_motor_kit_gui/local_setup.zsh
[7.184s] -- Installing: /home/kevo/robotics_inc/control_kit_ws/install/encoded_dc_motor_kit_gui/share/encoded_dc_motor_kit_gui/local_setup.dsv
[7.184s] -- Installing: /home/kevo/robotics_inc/control_kit_ws/install/encoded_dc_motor_kit_gui/share/encoded_dc_motor_kit_gui/package.dsv
[7.187s] -- Installing: /home/kevo/robotics_inc/control_kit_ws/install/encoded_dc_motor_kit_gui/share/ament_index/resource_index/packages/encoded_dc_motor_kit_gui
[7.188s] -- Installing: /home/kevo/robotics_inc/control_kit_ws/install/encoded_dc_motor_kit_gui/share/encoded_dc_motor_kit_gui/cmake/encoded_dc_motor_kit_guiConfig.cmake
[7.189s] -- Installing: /home/kevo/robotics_inc/control_kit_ws/install/encoded_dc_motor_kit_gui/share/encoded_dc_motor_kit_gui/cmake/encoded_dc_motor_kit_guiConfig-version.cmake
[7.189s] -- Installing: /home/kevo/robotics_inc/control_kit_ws/install/encoded_dc_motor_kit_gui/share/encoded_dc_motor_kit_gui/package.xml
[7.196s] Invoked command in '/home/kevo/robotics_inc/control_kit_ws/build/encoded_dc_motor_kit_gui' returned '0': CMAKE_PREFIX_PATH=${CMAKE_PREFIX_PATH}:/home/kevo/ws_moveit2/install/moveit_configs_utils:/home/kevo/ws_moveit2/install/launch_param_builder:/opt/ros/humble /usr/bin/cmake --install /home/kevo/robotics_inc/control_kit_ws/build/encoded_dc_motor_kit_gui
