-- The C compiler identification is GNU 11.4.0
-- The CXX compiler identification is GNU 11.4.0
-- Detecting C compiler ABI info
-- Detecting C compiler ABI info - done
-- Check for working C compiler: /usr/bin/cc - skipped
-- Detecting C compile features
-- Detecting C compile features - done
-- Detecting CXX compiler ABI info
-- Detecting CXX compiler ABI info - done
-- Check for working CXX compiler: /usr/bin/c++ - skipped
-- Detecting CXX compile features
-- Detecting CXX compile features - done
-- Found ament_cmake: 1.3.10 (/opt/ros/humble/share/ament_cmake/cmake)
-- Found Python3: /usr/bin/python3 (found version "3.10.12") found components: Interpreter 
-- Found rclpy: 3.3.14 (/opt/ros/humble/share/rclpy/cmake)
-- Found std_msgs: 4.2.4 (/opt/ros/humble/share/std_msgs/cmake)
-- Found rosidl_generator_c: 3.1.5 (/opt/ros/humble/share/rosidl_generator_c/cmake)
-- Found rosidl_adapter: 3.1.5 (/opt/ros/humble/share/rosidl_adapter/cmake)
-- Found rosidl_generator_cpp: 3.1.5 (/opt/ros/humble/share/rosidl_generator_cpp/cmake)
-- Using all available rosidl_typesupport_c: rosidl_typesupport_fastrtps_c;rosidl_typesupport_introspection_c
-- Using all available rosidl_typesupport_cpp: rosidl_typesupport_fastrtps_cpp;rosidl_typesupport_introspection_cpp
-- Found ament_lint_auto: 0.12.11 (/opt/ros/humble/share/ament_lint_auto/cmake)
-- Configuring done
-- Generating done
-- Build files have been written to: /home/kevo/robotics_inc/control_kit_ws/build/ros2_motor_controller
-- Install configuration: ""
-- Installing: /home/kevo/robotics_inc/control_kit_ws/install/ros2_motor_controller/lib/ros2_motor_controller/keyboard_motor_commands.py
-- Installing: /home/kevo/robotics_inc/control_kit_ws/install/ros2_motor_controller/lib/ros2_motor_controller/keyboard_motor_commands_service_based.py
-- Installing: /home/kevo/robotics_inc/control_kit_ws/install/ros2_motor_controller/share/ament_index/resource_index/package_run_dependencies/ros2_motor_controller
-- Installing: /home/kevo/robotics_inc/control_kit_ws/install/ros2_motor_controller/share/ament_index/resource_index/parent_prefix_path/ros2_motor_controller
-- Installing: /home/kevo/robotics_inc/control_kit_ws/install/ros2_motor_controller/share/ros2_motor_controller/environment/ament_prefix_path.sh
-- Installing: /home/kevo/robotics_inc/control_kit_ws/install/ros2_motor_controller/share/ros2_motor_controller/environment/ament_prefix_path.dsv
-- Installing: /home/kevo/robotics_inc/control_kit_ws/install/ros2_motor_controller/share/ros2_motor_controller/environment/path.sh
-- Installing: /home/kevo/robotics_inc/control_kit_ws/install/ros2_motor_controller/share/ros2_motor_controller/environment/path.dsv
-- Installing: /home/kevo/robotics_inc/control_kit_ws/install/ros2_motor_controller/share/ros2_motor_controller/local_setup.bash
-- Installing: /home/kevo/robotics_inc/control_kit_ws/install/ros2_motor_controller/share/ros2_motor_controller/local_setup.sh
-- Installing: /home/kevo/robotics_inc/control_kit_ws/install/ros2_motor_controller/share/ros2_motor_controller/local_setup.zsh
-- Installing: /home/kevo/robotics_inc/control_kit_ws/install/ros2_motor_controller/share/ros2_motor_controller/local_setup.dsv
-- Installing: /home/kevo/robotics_inc/control_kit_ws/install/ros2_motor_controller/share/ros2_motor_controller/package.dsv
-- Installing: /home/kevo/robotics_inc/control_kit_ws/install/ros2_motor_controller/share/ament_index/resource_index/packages/ros2_motor_controller
-- Installing: /home/kevo/robotics_inc/control_kit_ws/install/ros2_motor_controller/share/ros2_motor_controller/cmake/ros2_motor_controllerConfig.cmake
-- Installing: /home/kevo/robotics_inc/control_kit_ws/install/ros2_motor_controller/share/ros2_motor_controller/cmake/ros2_motor_controllerConfig-version.cmake
-- Installing: /home/kevo/robotics_inc/control_kit_ws/install/ros2_motor_controller/share/ros2_motor_controller/package.xml
